<testsuites id="" name="" tests="3" failures="1" skipped="0" errors="0" time="16.419195000000002">
<testsuite name="dck_filter.spec.js" timestamp="2025-12-07T15:02:43.243Z" hostname="chromium" tests="1" failures="0" skipped="0" time="2.967" errors="0">
<testcase name="Connectivity DCK Filter › should show Dck logs in Connectivity tab" classname="dck_filter.spec.js" time="2.967">
<system-out>
<![CDATA[DCK Checkbox checked: [33mtrue[39m
]]>
</system-out>
</testcase>
</testsuite>
<testsuite name="dck_filter.spec.js" timestamp="2025-12-07T15:02:43.243Z" hostname="firefox" tests="1" failures="0" skipped="0" time="5.102" errors="0">
<testcase name="Connectivity DCK Filter › should show Dck logs in Connectivity tab" classname="dck_filter.spec.js" time="5.102">
<system-out>
<![CDATA[DCK Checkbox checked: [33mtrue[39m
]]>
</system-out>
</testcase>
</testsuite>
<testsuite name="dck_filter.spec.js" timestamp="2025-12-07T15:02:43.243Z" hostname="webkit" tests="1" failures="1" skipped="0" time="14.282" errors="0">
<testcase name="Connectivity DCK Filter › should show Dck logs in Connectivity tab" classname="dck_filter.spec.js" time="14.282">
<failure message="dck_filter.spec.js:10:5 should show Dck logs in Connectivity tab" type="FAILURE">
<![CDATA[  [webkit] › dck_filter.spec.js:10:5 › Connectivity DCK Filter › should show Dck logs in Connectivity tab 

    Error: expect(locator).toHaveText(expected) failed

    Locator:  locator('#progressText')
    Expected: "Complete!"
    Received: "Parsing files..."
    Timeout:  10000ms

    Call log:
      - Expect "toHaveText" with timeout 10000ms
      - waiting for locator('#progressText')
        2 × locator resolved to <span id="progressText" class="progress-text"></span>
          - unexpected value ""
        - locator resolved to <span id="progressText" class="progress-text">Initializing...</span>
        - unexpected value "Initializing..."
        11 × locator resolved to <span id="progressText" class="progress-text">Parsing files...</span>
           - unexpected value "Parsing files..."

        at /home/rk/Documents/Android_log_parser (copy)/tests/e2e/dck_filter.spec.js:19:53)
        at /home/rk/Documents/Android_log_parser (copy)/node_modules/playwright/lib/worker/workerMain.js:322:9)
        at /home/rk/Documents/Android_log_parser (copy)/node_modules/playwright/lib/worker/testInfo.js:311:11)
        at /home/rk/Documents/Android_log_parser (copy)/node_modules/playwright/lib/worker/workerMain.js:320:7)

    attachment #1: screenshot (image/png) ──────────────────────────────────────────────────────────
    ../../test-results/artifacts/dck_filter-Connectivity-DC-705cc-ck-logs-in-Connectivity-tab-webkit/test-failed-1.png
    ────────────────────────────────────────────────────────────────────────────────────────────────

    attachment #2: video (video/webm) ──────────────────────────────────────────────────────────────
    ../../test-results/artifacts/dck_filter-Connectivity-DC-705cc-ck-logs-in-Connectivity-tab-webkit/video.webm
    ────────────────────────────────────────────────────────────────────────────────────────────────

    Error Context: ../../test-results/artifacts/dck_filter-Connectivity-DC-705cc-ck-logs-in-Connectivity-tab-webkit/error-context.md
]]>
</failure>
<system-out>
<![CDATA[
[[ATTACHMENT|artifacts/dck_filter-Connectivity-DC-705cc-ck-logs-in-Connectivity-tab-webkit/test-failed-1.png]]

[[ATTACHMENT|artifacts/dck_filter-Connectivity-DC-705cc-ck-logs-in-Connectivity-tab-webkit/video.webm]]

[[ATTACHMENT|artifacts/dck_filter-Connectivity-DC-705cc-ck-logs-in-Connectivity-tab-webkit/error-context.md]]
]]>
</system-out>
</testcase>
</testsuite>
</testsuites>