<testsuites id="" name="" tests="28" failures="0" skipped="0" errors="0" time="253.150749">
<testsuite name="complete_workflows.spec.js" timestamp="2025-12-23T12:02:18.131Z" hostname="chromium" tests="9" failures="0" skipped="0" time="114.204" errors="0">
<testcase name="Complete User Workflows › Complete workflow: Upload → Filter by level → Search keyword → Verify results" classname="complete_workflows.spec.js" time="13.245">
<system-out>
<![CDATA[Loaded 553 log lines
Filtered to 196 lines (E/W only)
Further filtered to 42 lines with keyword
]]>
</system-out>
</testcase>
<testcase name="Complete User Workflows › Complete workflow: Upload → Switch tabs → Verify data in each tab" classname="complete_workflows.spec.js" time="7.25">
<system-out>
<![CDATA[Connectivity tab not available or different structure
]]>
</system-out>
</testcase>
<testcase name="Complete User Workflows › Complete workflow: Upload → Apply filters → Reload page → Verify state restored" classname="complete_workflows.spec.js" time="11.454">
<system-out>
<![CDATA[Original: 553, After reload: 553
]]>
</system-out>
</testcase>
<testcase name="Complete User Workflows › Complete workflow: Multi-file upload → Verify all files processed" classname="complete_workflows.spec.js" time="6.617">
<system-out>
<![CDATA[Found 0 file sections, 655 total logs
]]>
</system-out>
</testcase>
<testcase name="Complete User Workflows › Complete workflow: Upload CCC logs → Switch to CCC tab → Verify messages" classname="complete_workflows.spec.js" time="4.79">
<system-out>
<![CDATA[Found 3 CCC message rows
]]>
</system-out>
</testcase>
<testcase name="Complete User Workflows › Complete workflow: Upload → Filter → Clear filters → Verify all logs visible" classname="complete_workflows.spec.js" time="17.028">
<system-out>
<![CDATA[Filter cleared: 105 → 553 (total: 553)
]]>
</system-out>
</testcase>
<testcase name="Complete User Workflows › Complete workflow: Upload → Apply time range filter → Verify filtered results" classname="complete_workflows.spec.js" time="7.843">
<system-out>
<![CDATA[Time filter reduced logs from 553 to 3
]]>
</system-out>
</testcase>
<testcase name="Complete User Workflows › Complete workflow: Upload → Navigate all tabs → Return to logs → Verify performance" classname="complete_workflows.spec.js" time="38.924">
<system-out>
<![CDATA[Tab logs: 657ms
Tab connectivity: 619ms
Tab stats: 609ms
Tab btsnoop: 575ms
Tab ccc: 579ms
Tab ble-keys not available
Tab device-events not available
]]>
</system-out>
</testcase>
<testcase name="Complete User Workflows › Complete workflow: Upload → Clear state → Verify clean slate" classname="complete_workflows.spec.js" time="7.053">
<system-out>
<![CDATA[Before clear: 553, After clear: 0
]]>
</system-out>
</testcase>
</testsuite>
<testsuite name="log_filtering_advanced.spec.js" timestamp="2025-12-23T12:02:18.131Z" hostname="chromium" tests="19" failures="0" skipped="0" time="247.709" errors="0">
<testcase name="Advanced Log Filtering › Filter by single log level (Error only)" classname="log_filtering_advanced.spec.js" time="9.836">
<system-out>
<![CDATA[[DB] Module Loaded
[Main] Module Loaded
[Perf] Initializing UI elements...
[Perf] UI Init complete.
[Init] clearStateBtn element: JSHandle@node
[DB] Opening IndexedDB logViewerDB v2
[Init] Attaching event listener to Clear & Reset button
[DB] Returning pending open promise
[DB] Upgrade Needed
[DB] Open Success
[Perf] Checking for persisted logs...
[DB] Returning cached database connection
[DB] Returning cached database connection
[Main] After filtering: filteredLogLines.length = 0
[Perf] Executing debounced refreshActiveTab
[Perf] Filter state changed - re-filtering logs tab
[Debug] executeRefreshActiveTab: Levels=8, Keywords=0
[Main] After filtering: filteredLogLines.length = 0
[Perf] Resolving 1 pending refresh promises
[Clear & Reset] Button clicked
[Clear & Reset] Starting complete database deletion...
[DB] Closing database connection
[DB] Database connection closed and state reset
[DB] Deleting database: logViewerDB
[Click Debug] Target: BUTTON Classes:  ParentTable: undefined
[DB] Database deleted successfully
[Clear & Reset] Database deleted successfully
[CccTab] State reset
[BTSnoop] Resetting BTSnoop state
[StatsTab] Reset called.
[BTSnoop] Resetting BTSnoop state
[Main] After filtering: filteredLogLines.length = 0
[Clear & Reset] Complete - application reset
[Perf] processFiles started with 1 files
[Perf] Calling clearPreviousState...
[CccTab] State reset
[BTSnoop] Resetting BTSnoop state
[StatsTab] Reset called.
[BTSnoop] Resetting BTSnoop state
[Perf] Calling clearData...
[DB] Opening IndexedDB logViewerDB v2
[DB] Upgrade Needed
[DB] Open Success
[DB] All data cleared
[Perf] clearData success
[Perf] clearPreviousState done.
[Main] Received chunk for filter_test.log: 1002 lines, total now: 1002
[Worker] Syncing data...
[Perf] Requesting save for logData...
[Perf] Requesting save for fileName...
[Perf] Requesting save for extended state...
[Main] Saving 0 BLE keys from main flow
[Time Range Debug] consolidatedMinTimestamp: 09-23 12:00:00.000
[Time Range Debug] consolidatedMaxTimestamp: 09-23 12:16:39.000
[Time Range Debug] minLogDate: Tue Sep 23 2025 17:30:00 GMT+0530 (India Standard Time)
[Time Range Debug] maxLogDate: Tue Sep 23 2025 17:46:39 GMT+0530 (India Standard Time)
[Sorting] Making table sortable: deviceEventsTable, 7 columns
[Sort] Applying default sort: deviceEventsTable, column 0, order desc 
[Sort] sortTable called: table = deviceEventsTable, column = 0, order = desc 
[Sort] ✓ Sorted deviceEventsTable successfully
[makeTableResizable] Called for table: deviceEventsTable
[makeTableResizable] Table element found: JSHandle@node
[makeTableResizable] thead found: JSHandle@node
[makeTableResizable] headerRow found: JSHandle@node
[makeTableResizable] Found 7 header cells
[makeTableResizable] Added resize handle to column 0
[makeTableResizable] Added resize handle to column 1
[makeTableResizable] Added resize handle to column 2
[makeTableResizable] Added resize handle to column 3
[makeTableResizable] Added resize handle to column 4
[makeTableResizable] Added resize handle to column 5
[makeTableResizable] Added resize handle to column 6
Table "deviceEventsTable" is now resizable
[Sorting] Making table sortable: btsnoopConnectionEventsTable, 8 columns
[Sort] Applying default sort: btsnoopConnectionEventsTable, column 1, order desc 
[Sort] sortTable called: table = btsnoopConnectionEventsTable, column = 1, order = desc 
[Sort] ✓ Sorted btsnoopConnectionEventsTable successfully
[makeTableResizable] Called for table: btsnoopConnectionEventsTable
[makeTableResizable] Table element found: JSHandle@node
[makeTableResizable] thead found: JSHandle@node
[makeTableResizable] headerRow found: JSHandle@node
[makeTableResizable] Found 8 header cells
[makeTableResizable] Added resize handle to column 0
[makeTableResizable] Added resize handle to column 1
[makeTableResizable] Added resize handle to column 2
[makeTableResizable] Added resize handle to column 3
[makeTableResizable] Added resize handle to column 4
[makeTableResizable] Added resize handle to column 5
[makeTableResizable] Added resize handle to column 6
[makeTableResizable] Added resize handle to column 7
Table "btsnoopConnectionEventsTable" is now resizable
[makeTableResizable] Called for table: appVersionsTable
[makeTableResizable] Table element found: JSHandle@node
[makeTableResizable] thead found: JSHandle@node
[makeTableResizable] headerRow found: JSHandle@node
[makeTableResizable] Found 2 header cells
[makeTableResizable] Added resize handle to column 0
[makeTableResizable] Added resize handle to column 1
Table "appVersionsTable" is now resizable
[Worker] Data loaded: 1002 lines
[Perf] Executing debounced refreshActiveTab
[Perf] Filter state changed - re-filtering logs tab
[Debug] executeRefreshActiveTab: Levels=8, Keywords=0
[ApplyFilters Debug] logViewCollapseState size: 0, contents: []
[Main] After filtering: filteredLogLines.length = 1002
[Perf] Resolving 1 pending refresh promises
[UI] Auto-collapsed left panel after file loading
[Perf] Triggering save for logData...
[DB] Returning cached database connection
[Perf] Triggering save for fileName...
[DB] Returning cached database connection
[Perf] Triggering save for cccMessages...
[DB] Returning cached database connection
[Perf] Triggering save for batteryDataPoints...
[DB] Returning cached database connection
[Perf] Triggering save for thermalDataPoints...
[DB] Returning cached database connection
[Perf] Triggering save for bleKeys...
[DB] Returning cached database connection
[Perf] Triggering save for appVersions...
[DB] Returning cached database connection
[Perf] Triggering save for highlights...
[DB] Returning cached database connection
[Perf] Triggering save for btsnoopPackets...
[DB] Returning cached database connection
[Perf] Triggering save for btsnoopConnectionEvents...
[DB] Returning cached database connection
[Perf] Triggering save for btsnoopConnectionMap...
[DB] Returning cached database connection
[Perf] Triggering save for dashboardStats...
[DB] Returning cached database connection
[Perf] Saved logData to IndexedDB(non - blocking)
[Perf] Saved fileName to IndexedDB(non - blocking)
[Perf] Saved cccMessages to IndexedDB(non - blocking)
[Perf] Saved batteryDataPoints to IndexedDB(non - blocking)
[Perf] Saved thermalDataPoints to IndexedDB(non - blocking)
[Perf] Saved bleKeys to IndexedDB(non - blocking)
[Perf] Saved appVersions to IndexedDB(non - blocking)
[Perf] Saved highlights to IndexedDB(non - blocking)
[Perf] Saved btsnoopPackets to IndexedDB(non - blocking)
[Perf] Saved btsnoopConnectionEvents to IndexedDB(non - blocking)
[Perf] Saved btsnoopConnectionMap to IndexedDB(non - blocking)
[Perf] Saved dashboardStats to IndexedDB(non - blocking)
[Background] Starting background processing for BTSnoop/CCC...
[BTSnoop Debug] [MAIN.JS] Delegating to BtsnoopTab module...
[BTSnoop Debug] [BTSNOOPTAB.JS] processForBtsnoop called in BtsnoopTab with 1 tasks
[BTSnoop] [BTSNOOPTAB.JS] Starting BTSnoop Worker...
[BTSnoop] Worker code changed (v2025-12-14-18:00), clearing ALL cache...
[DB] Returning cached database connection
[Background] Processing complete.
[Click Debug] Target: BUTTON Classes: panel-toggle-btn ParentTable: undefined
[Click Debug] Target: BUTTON Classes: filter-icon ParentTable: undefined
[Perf] Executing debounced refreshActiveTab
[Perf] Filter state changed - re-filtering logs tab
[Debug] executeRefreshActiveTab: Levels=7, Keywords=0
[ApplyFilters Debug] logViewCollapseState size: 0, contents: []
[Main] After filtering: filteredLogLines.length = 820
[Perf] Resolving 1 pending refresh promises
[Click Debug] Target: BUTTON Classes: filter-icon ParentTable: undefined
[Perf] Executing debounced refreshActiveTab
[Perf] Filter state changed - re-filtering logs tab
[Debug] executeRefreshActiveTab: Levels=6, Keywords=0
[ApplyFilters Debug] logViewCollapseState size: 0, contents: []
[Main] After filtering: filteredLogLines.length = 637
[Perf] Resolving 1 pending refresh promises
[Click Debug] Target: BUTTON Classes: filter-icon ParentTable: undefined
[Perf] Executing debounced refreshActiveTab
[Perf] Filter state changed - re-filtering logs tab
[Debug] executeRefreshActiveTab: Levels=5, Keywords=0
[ApplyFilters Debug] logViewCollapseState size: 0, contents: []
[Main] After filtering: filteredLogLines.length = 412
[Perf] Resolving 1 pending refresh promises
[Click Debug] Target: BUTTON Classes: filter-icon ParentTable: undefined
[Perf] Executing debounced refreshActiveTab
[Perf] Filter state changed - re-filtering logs tab
[Debug] executeRefreshActiveTab: Levels=4, Keywords=0
[ApplyFilters Debug] logViewCollapseState size: 0, contents: []
[Main] After filtering: filteredLogLines.length = 214
[Perf] Resolving 1 pending refresh promises
Filtered from 1002 to 214 error logs
]]>
</system-out>
</testcase>
<testcase name="Advanced Log Filtering › Filter by multiple log levels (Error and Warning)" classname="log_filtering_advanced.spec.js" time="8.368">
<system-out>
<![CDATA[[DB] Module Loaded
[Main] Module Loaded
[Perf] Initializing UI elements...
[Perf] UI Init complete.
[Init] clearStateBtn element: JSHandle@node
[DB] Opening IndexedDB logViewerDB v2
[Init] Attaching event listener to Clear & Reset button
[DB] Returning pending open promise
[DB] Upgrade Needed
[DB] Open Success
[Perf] Checking for persisted logs...
[DB] Returning cached database connection
[DB] Returning cached database connection
[Main] After filtering: filteredLogLines.length = 0
[Perf] Executing debounced refreshActiveTab
[Perf] Filter state changed - re-filtering logs tab
[Debug] executeRefreshActiveTab: Levels=8, Keywords=0
[Main] After filtering: filteredLogLines.length = 0
[Perf] Resolving 1 pending refresh promises
[Clear & Reset] Button clicked
[Clear & Reset] Starting complete database deletion...
[DB] Closing database connection
[DB] Database connection closed and state reset
[DB] Deleting database: logViewerDB
[Click Debug] Target: BUTTON Classes:  ParentTable: undefined
[DB] Database deleted successfully
[Clear & Reset] Database deleted successfully
[CccTab] State reset
[BTSnoop] Resetting BTSnoop state
[StatsTab] Reset called.
[BTSnoop] Resetting BTSnoop state
[Main] After filtering: filteredLogLines.length = 0
[Clear & Reset] Complete - application reset
[Perf] processFiles started with 1 files
[Perf] Calling clearPreviousState...
[CccTab] State reset
[BTSnoop] Resetting BTSnoop state
[StatsTab] Reset called.
[BTSnoop] Resetting BTSnoop state
[Perf] Calling clearData...
[DB] Opening IndexedDB logViewerDB v2
[DB] Upgrade Needed
[DB] Open Success
[DB] All data cleared
[Perf] clearData success
[Perf] clearPreviousState done.
[Main] Received chunk for filter_test.log: 1002 lines, total now: 1002
[Worker] Syncing data...
[Perf] Requesting save for logData...
[Perf] Requesting save for fileName...
[Perf] Requesting save for extended state...
[Main] Saving 0 BLE keys from main flow
[Time Range Debug] consolidatedMinTimestamp: 09-23 12:00:00.000
[Time Range Debug] consolidatedMaxTimestamp: 09-23 12:16:39.000
[Time Range Debug] minLogDate: Tue Sep 23 2025 17:30:00 GMT+0530 (India Standard Time)
[Time Range Debug] maxLogDate: Tue Sep 23 2025 17:46:39 GMT+0530 (India Standard Time)
[Sorting] Making table sortable: deviceEventsTable, 7 columns
[Sort] Applying default sort: deviceEventsTable, column 0, order desc 
[Sort] sortTable called: table = deviceEventsTable, column = 0, order = desc 
[Sort] ✓ Sorted deviceEventsTable successfully
[makeTableResizable] Called for table: deviceEventsTable
[makeTableResizable] Table element found: JSHandle@node
[makeTableResizable] thead found: JSHandle@node
[makeTableResizable] headerRow found: JSHandle@node
[makeTableResizable] Found 7 header cells
[makeTableResizable] Added resize handle to column 0
[makeTableResizable] Added resize handle to column 1
[makeTableResizable] Added resize handle to column 2
[makeTableResizable] Added resize handle to column 3
[makeTableResizable] Added resize handle to column 4
[makeTableResizable] Added resize handle to column 5
[makeTableResizable] Added resize handle to column 6
Table "deviceEventsTable" is now resizable
[Sorting] Making table sortable: btsnoopConnectionEventsTable, 8 columns
[Sort] Applying default sort: btsnoopConnectionEventsTable, column 1, order desc 
[Sort] sortTable called: table = btsnoopConnectionEventsTable, column = 1, order = desc 
[Sort] ✓ Sorted btsnoopConnectionEventsTable successfully
[makeTableResizable] Called for table: btsnoopConnectionEventsTable
[makeTableResizable] Table element found: JSHandle@node
[makeTableResizable] thead found: JSHandle@node
[makeTableResizable] headerRow found: JSHandle@node
[makeTableResizable] Found 8 header cells
[makeTableResizable] Added resize handle to column 0
[makeTableResizable] Added resize handle to column 1
[makeTableResizable] Added resize handle to column 2
[makeTableResizable] Added resize handle to column 3
[makeTableResizable] Added resize handle to column 4
[makeTableResizable] Added resize handle to column 5
[makeTableResizable] Added resize handle to column 6
[makeTableResizable] Added resize handle to column 7
Table "btsnoopConnectionEventsTable" is now resizable
[makeTableResizable] Called for table: appVersionsTable
[makeTableResizable] Table element found: JSHandle@node
[makeTableResizable] thead found: JSHandle@node
[makeTableResizable] headerRow found: JSHandle@node
[makeTableResizable] Found 2 header cells
[makeTableResizable] Added resize handle to column 0
[makeTableResizable] Added resize handle to column 1
Table "appVersionsTable" is now resizable
[Worker] Data loaded: 1002 lines
[Perf] Executing debounced refreshActiveTab
[Perf] Filter state changed - re-filtering logs tab
[Debug] executeRefreshActiveTab: Levels=8, Keywords=0
[ApplyFilters Debug] logViewCollapseState size: 0, contents: []
[Main] After filtering: filteredLogLines.length = 1002
[Perf] Resolving 1 pending refresh promises
[UI] Auto-collapsed left panel after file loading
[Perf] Triggering save for logData...
[DB] Returning cached database connection
[Perf] Triggering save for fileName...
[DB] Returning cached database connection
[Perf] Triggering save for cccMessages...
[DB] Returning cached database connection
[Perf] Triggering save for batteryDataPoints...
[DB] Returning cached database connection
[Perf] Triggering save for thermalDataPoints...
[DB] Returning cached database connection
[Perf] Triggering save for bleKeys...
[DB] Returning cached database connection
[Perf] Triggering save for appVersions...
[DB] Returning cached database connection
[Perf] Triggering save for highlights...
[DB] Returning cached database connection
[Perf] Triggering save for btsnoopPackets...
[DB] Returning cached database connection
[Perf] Triggering save for btsnoopConnectionEvents...
[DB] Returning cached database connection
[Perf] Triggering save for btsnoopConnectionMap...
[DB] Returning cached database connection
[Perf] Triggering save for dashboardStats...
[DB] Returning cached database connection
[Perf] Saved logData to IndexedDB(non - blocking)
[Perf] Saved fileName to IndexedDB(non - blocking)
[Perf] Saved cccMessages to IndexedDB(non - blocking)
[Perf] Saved batteryDataPoints to IndexedDB(non - blocking)
[Perf] Saved thermalDataPoints to IndexedDB(non - blocking)
[Perf] Saved bleKeys to IndexedDB(non - blocking)
[Perf] Saved appVersions to IndexedDB(non - blocking)
[Perf] Saved highlights to IndexedDB(non - blocking)
[Perf] Saved btsnoopPackets to IndexedDB(non - blocking)
[Perf] Saved btsnoopConnectionEvents to IndexedDB(non - blocking)
[Perf] Saved btsnoopConnectionMap to IndexedDB(non - blocking)
[Perf] Saved dashboardStats to IndexedDB(non - blocking)
[Background] Starting background processing for BTSnoop/CCC...
[BTSnoop Debug] [MAIN.JS] Delegating to BtsnoopTab module...
[BTSnoop Debug] [BTSNOOPTAB.JS] processForBtsnoop called in BtsnoopTab with 1 tasks
[BTSnoop] [BTSNOOPTAB.JS] Starting BTSnoop Worker...
[BTSnoop] Worker code changed (v2025-12-14-18:00), clearing ALL cache...
[DB] Returning cached database connection
[Background] Processing complete.
[Click Debug] Target: BUTTON Classes: panel-toggle-btn ParentTable: undefined
[Click Debug] Target: BUTTON Classes: filter-icon ParentTable: undefined
[Perf] Executing debounced refreshActiveTab
[Perf] Filter state changed - re-filtering logs tab
[Debug] executeRefreshActiveTab: Levels=7, Keywords=0
[ApplyFilters Debug] logViewCollapseState size: 0, contents: []
[Main] After filtering: filteredLogLines.length = 820
[Perf] Resolving 1 pending refresh promises
[Click Debug] Target: BUTTON Classes: filter-icon ParentTable: undefined
[Perf] Executing debounced refreshActiveTab
[Perf] Filter state changed - re-filtering logs tab
[Debug] executeRefreshActiveTab: Levels=6, Keywords=0
[ApplyFilters Debug] logViewCollapseState size: 0, contents: []
[Main] After filtering: filteredLogLines.length = 637
[Perf] Resolving 1 pending refresh promises
[Click Debug] Target: BUTTON Classes: filter-icon ParentTable: undefined
[Perf] Executing debounced refreshActiveTab
[Perf] Filter state changed - re-filtering logs tab
[Debug] executeRefreshActiveTab: Levels=5, Keywords=0
[ApplyFilters Debug] logViewCollapseState size: 0, contents: []
[Main] After filtering: filteredLogLines.length = 412
[Perf] Resolving 1 pending refresh promises
Filtered to 412 error/warning logs
]]>
</system-out>
</testcase>
<testcase name="Advanced Log Filtering › Filter by all log levels (should show all logs)" classname="log_filtering_advanced.spec.js" time="7.688">
<system-out>
<![CDATA[[DB] Module Loaded
[Main] Module Loaded
[Perf] Initializing UI elements...
[Perf] UI Init complete.
[Init] clearStateBtn element: JSHandle@node
[DB] Opening IndexedDB logViewerDB v2
[Init] Attaching event listener to Clear & Reset button
[DB] Returning pending open promise
[DB] Upgrade Needed
[DB] Open Success
[Perf] Checking for persisted logs...
[DB] Returning cached database connection
[DB] Returning cached database connection
[Main] After filtering: filteredLogLines.length = 0
[Perf] Executing debounced refreshActiveTab
[Perf] Filter state changed - re-filtering logs tab
[Debug] executeRefreshActiveTab: Levels=8, Keywords=0
[Main] After filtering: filteredLogLines.length = 0
[Perf] Resolving 1 pending refresh promises
[Clear & Reset] Button clicked
[Clear & Reset] Starting complete database deletion...
[DB] Closing database connection
[DB] Database connection closed and state reset
[DB] Deleting database: logViewerDB
[Click Debug] Target: BUTTON Classes:  ParentTable: undefined
[DB] Database deleted successfully
[Clear & Reset] Database deleted successfully
[CccTab] State reset
[BTSnoop] Resetting BTSnoop state
[StatsTab] Reset called.
[BTSnoop] Resetting BTSnoop state
[Main] After filtering: filteredLogLines.length = 0
[Clear & Reset] Complete - application reset
[Perf] processFiles started with 1 files
[Perf] Calling clearPreviousState...
[CccTab] State reset
[BTSnoop] Resetting BTSnoop state
[StatsTab] Reset called.
[BTSnoop] Resetting BTSnoop state
[Perf] Calling clearData...
[DB] Opening IndexedDB logViewerDB v2
[DB] Upgrade Needed
[DB] Open Success
[DB] All data cleared
[Perf] clearData success
[Perf] clearPreviousState done.
[Main] Received chunk for filter_test.log: 1002 lines, total now: 1002
[Worker] Syncing data...
[Perf] Requesting save for logData...
[Perf] Requesting save for fileName...
[Perf] Requesting save for extended state...
[Main] Saving 0 BLE keys from main flow
[Time Range Debug] consolidatedMinTimestamp: 09-23 12:00:00.000
[Time Range Debug] consolidatedMaxTimestamp: 09-23 12:16:39.000
[Time Range Debug] minLogDate: Tue Sep 23 2025 17:30:00 GMT+0530 (India Standard Time)
[Time Range Debug] maxLogDate: Tue Sep 23 2025 17:46:39 GMT+0530 (India Standard Time)
[Sorting] Making table sortable: deviceEventsTable, 7 columns
[Sort] Applying default sort: deviceEventsTable, column 0, order desc 
[Sort] sortTable called: table = deviceEventsTable, column = 0, order = desc 
[Sort] ✓ Sorted deviceEventsTable successfully
[makeTableResizable] Called for table: deviceEventsTable
[makeTableResizable] Table element found: JSHandle@node
[makeTableResizable] thead found: JSHandle@node
[makeTableResizable] headerRow found: JSHandle@node
[makeTableResizable] Found 7 header cells
[makeTableResizable] Added resize handle to column 0
[makeTableResizable] Added resize handle to column 1
[makeTableResizable] Added resize handle to column 2
[makeTableResizable] Added resize handle to column 3
[makeTableResizable] Added resize handle to column 4
[makeTableResizable] Added resize handle to column 5
[makeTableResizable] Added resize handle to column 6
Table "deviceEventsTable" is now resizable
[Sorting] Making table sortable: btsnoopConnectionEventsTable, 8 columns
[Sort] Applying default sort: btsnoopConnectionEventsTable, column 1, order desc 
[Sort] sortTable called: table = btsnoopConnectionEventsTable, column = 1, order = desc 
[Sort] ✓ Sorted btsnoopConnectionEventsTable successfully
[makeTableResizable] Called for table: btsnoopConnectionEventsTable
[makeTableResizable] Table element found: JSHandle@node
[makeTableResizable] thead found: JSHandle@node
[makeTableResizable] headerRow found: JSHandle@node
[makeTableResizable] Found 8 header cells
[makeTableResizable] Added resize handle to column 0
[makeTableResizable] Added resize handle to column 1
[makeTableResizable] Added resize handle to column 2
[makeTableResizable] Added resize handle to column 3
[makeTableResizable] Added resize handle to column 4
[makeTableResizable] Added resize handle to column 5
[makeTableResizable] Added resize handle to column 6
[makeTableResizable] Added resize handle to column 7
Table "btsnoopConnectionEventsTable" is now resizable
[makeTableResizable] Called for table: appVersionsTable
[makeTableResizable] Table element found: JSHandle@node
[makeTableResizable] thead found: JSHandle@node
[makeTableResizable] headerRow found: JSHandle@node
[makeTableResizable] Found 2 header cells
[makeTableResizable] Added resize handle to column 0
[makeTableResizable] Added resize handle to column 1
Table "appVersionsTable" is now resizable
[Worker] Data loaded: 1002 lines
[Perf] Executing debounced refreshActiveTab
[Perf] Filter state changed - re-filtering logs tab
[Debug] executeRefreshActiveTab: Levels=8, Keywords=0
[ApplyFilters Debug] logViewCollapseState size: 0, contents: []
[Main] After filtering: filteredLogLines.length = 1002
[Perf] Resolving 1 pending refresh promises
[UI] Auto-collapsed left panel after file loading
[Perf] Triggering save for logData...
[DB] Returning cached database connection
[Perf] Triggering save for fileName...
[DB] Returning cached database connection
[Perf] Triggering save for cccMessages...
[DB] Returning cached database connection
[Perf] Triggering save for batteryDataPoints...
[DB] Returning cached database connection
[Perf] Triggering save for thermalDataPoints...
[DB] Returning cached database connection
[Perf] Triggering save for bleKeys...
[DB] Returning cached database connection
[Perf] Triggering save for appVersions...
[DB] Returning cached database connection
[Perf] Triggering save for highlights...
[DB] Returning cached database connection
[Perf] Triggering save for btsnoopPackets...
[DB] Returning cached database connection
[Perf] Triggering save for btsnoopConnectionEvents...
[DB] Returning cached database connection
[Perf] Triggering save for btsnoopConnectionMap...
[DB] Returning cached database connection
[Perf] Triggering save for dashboardStats...
[DB] Returning cached database connection
[Perf] Saved logData to IndexedDB(non - blocking)
[Perf] Saved fileName to IndexedDB(non - blocking)
[Perf] Saved cccMessages to IndexedDB(non - blocking)
[Perf] Saved batteryDataPoints to IndexedDB(non - blocking)
[Perf] Saved thermalDataPoints to IndexedDB(non - blocking)
[Perf] Saved bleKeys to IndexedDB(non - blocking)
[Perf] Saved appVersions to IndexedDB(non - blocking)
[Perf] Saved highlights to IndexedDB(non - blocking)
[Perf] Saved btsnoopPackets to IndexedDB(non - blocking)
[Perf] Saved btsnoopConnectionEvents to IndexedDB(non - blocking)
[Perf] Saved btsnoopConnectionMap to IndexedDB(non - blocking)
[Perf] Saved dashboardStats to IndexedDB(non - blocking)
[Background] Starting background processing for BTSnoop/CCC...
[BTSnoop Debug] [MAIN.JS] Delegating to BtsnoopTab module...
[BTSnoop Debug] [BTSNOOPTAB.JS] processForBtsnoop called in BtsnoopTab with 1 tasks
[BTSnoop] [BTSNOOPTAB.JS] Starting BTSnoop Worker...
[BTSnoop] Worker code changed (v2025-12-14-18:00), clearing ALL cache...
[DB] Returning cached database connection
[Background] Processing complete.
[Click Debug] Target: BUTTON Classes: panel-toggle-btn ParentTable: undefined
]]>
</system-out>
</testcase>
<testcase name="Advanced Log Filtering › Toggle log levels on and off" classname="log_filtering_advanced.spec.js" time="18.178">
<system-out>
<![CDATA[[DB] Module Loaded
[Main] Module Loaded
[Perf] Initializing UI elements...
[Perf] UI Init complete.
[Init] clearStateBtn element: JSHandle@node
[DB] Opening IndexedDB logViewerDB v2
[Init] Attaching event listener to Clear & Reset button
[DB] Returning pending open promise
[DB] Upgrade Needed
[DB] Open Success
[Perf] Checking for persisted logs...
[DB] Returning cached database connection
[DB] Returning cached database connection
[Main] After filtering: filteredLogLines.length = 0
[Perf] Executing debounced refreshActiveTab
[Perf] Filter state changed - re-filtering logs tab
[Debug] executeRefreshActiveTab: Levels=8, Keywords=0
[Main] After filtering: filteredLogLines.length = 0
[Perf] Resolving 1 pending refresh promises
[Clear & Reset] Button clicked
[Clear & Reset] Starting complete database deletion...
[DB] Closing database connection
[DB] Database connection closed and state reset
[DB] Deleting database: logViewerDB
[Click Debug] Target: BUTTON Classes:  ParentTable: undefined
[DB] Database deleted successfully
[Clear & Reset] Database deleted successfully
[CccTab] State reset
[BTSnoop] Resetting BTSnoop state
[StatsTab] Reset called.
[BTSnoop] Resetting BTSnoop state
[Main] After filtering: filteredLogLines.length = 0
[Clear & Reset] Complete - application reset
[Perf] processFiles started with 1 files
[Perf] Calling clearPreviousState...
[CccTab] State reset
[BTSnoop] Resetting BTSnoop state
[StatsTab] Reset called.
[BTSnoop] Resetting BTSnoop state
[Perf] Calling clearData...
[DB] Opening IndexedDB logViewerDB v2
[DB] Upgrade Needed
[DB] Open Success
[DB] All data cleared
[Perf] clearData success
[Perf] clearPreviousState done.
[Main] Received chunk for filter_test.log: 1002 lines, total now: 1002
[Worker] Syncing data...
[Perf] Requesting save for logData...
[Perf] Requesting save for fileName...
[Perf] Requesting save for extended state...
[Main] Saving 0 BLE keys from main flow
[Time Range Debug] consolidatedMinTimestamp: 09-23 12:00:00.000
[Time Range Debug] consolidatedMaxTimestamp: 09-23 12:16:39.000
[Time Range Debug] minLogDate: Tue Sep 23 2025 17:30:00 GMT+0530 (India Standard Time)
[Time Range Debug] maxLogDate: Tue Sep 23 2025 17:46:39 GMT+0530 (India Standard Time)
[Sorting] Making table sortable: deviceEventsTable, 7 columns
[Sort] Applying default sort: deviceEventsTable, column 0, order desc 
[Sort] sortTable called: table = deviceEventsTable, column = 0, order = desc 
[Sort] ✓ Sorted deviceEventsTable successfully
[makeTableResizable] Called for table: deviceEventsTable
[makeTableResizable] Table element found: JSHandle@node
[makeTableResizable] thead found: JSHandle@node
[makeTableResizable] headerRow found: JSHandle@node
[makeTableResizable] Found 7 header cells
[makeTableResizable] Added resize handle to column 0
[makeTableResizable] Added resize handle to column 1
[makeTableResizable] Added resize handle to column 2
[makeTableResizable] Added resize handle to column 3
[makeTableResizable] Added resize handle to column 4
[makeTableResizable] Added resize handle to column 5
[makeTableResizable] Added resize handle to column 6
Table "deviceEventsTable" is now resizable
[Sorting] Making table sortable: btsnoopConnectionEventsTable, 8 columns
[Sort] Applying default sort: btsnoopConnectionEventsTable, column 1, order desc 
[Sort] sortTable called: table = btsnoopConnectionEventsTable, column = 1, order = desc 
[Sort] ✓ Sorted btsnoopConnectionEventsTable successfully
[makeTableResizable] Called for table: btsnoopConnectionEventsTable
[makeTableResizable] Table element found: JSHandle@node
[makeTableResizable] thead found: JSHandle@node
[makeTableResizable] headerRow found: JSHandle@node
[makeTableResizable] Found 8 header cells
[makeTableResizable] Added resize handle to column 0
[makeTableResizable] Added resize handle to column 1
[makeTableResizable] Added resize handle to column 2
[makeTableResizable] Added resize handle to column 3
[makeTableResizable] Added resize handle to column 4
[makeTableResizable] Added resize handle to column 5
[makeTableResizable] Added resize handle to column 6
[makeTableResizable] Added resize handle to column 7
Table "btsnoopConnectionEventsTable" is now resizable
[makeTableResizable] Called for table: appVersionsTable
[makeTableResizable] Table element found: JSHandle@node
[makeTableResizable] thead found: JSHandle@node
[makeTableResizable] headerRow found: JSHandle@node
[makeTableResizable] Found 2 header cells
[makeTableResizable] Added resize handle to column 0
[makeTableResizable] Added resize handle to column 1
Table "appVersionsTable" is now resizable
[Worker] Data loaded: 1002 lines
[Perf] Executing debounced refreshActiveTab
[Perf] Filter state changed - re-filtering logs tab
[Debug] executeRefreshActiveTab: Levels=8, Keywords=0
[ApplyFilters Debug] logViewCollapseState size: 0, contents: []
[Main] After filtering: filteredLogLines.length = 1002
[Perf] Resolving 1 pending refresh promises
[UI] Auto-collapsed left panel after file loading
[Perf] Triggering save for logData...
[DB] Returning cached database connection
[Perf] Triggering save for fileName...
[DB] Returning cached database connection
[Perf] Triggering save for cccMessages...
[DB] Returning cached database connection
[Perf] Triggering save for batteryDataPoints...
[DB] Returning cached database connection
[Perf] Triggering save for thermalDataPoints...
[DB] Returning cached database connection
[Perf] Triggering save for bleKeys...
[DB] Returning cached database connection
[Perf] Triggering save for appVersions...
[DB] Returning cached database connection
[Perf] Triggering save for highlights...
[DB] Returning cached database connection
[Perf] Triggering save for btsnoopPackets...
[DB] Returning cached database connection
[Perf] Triggering save for btsnoopConnectionEvents...
[DB] Returning cached database connection
[Perf] Triggering save for btsnoopConnectionMap...
[DB] Returning cached database connection
[Perf] Triggering save for dashboardStats...
[DB] Returning cached database connection
[Perf] Saved logData to IndexedDB(non - blocking)
[Perf] Saved fileName to IndexedDB(non - blocking)
[Perf] Saved cccMessages to IndexedDB(non - blocking)
[Perf] Saved batteryDataPoints to IndexedDB(non - blocking)
[Perf] Saved thermalDataPoints to IndexedDB(non - blocking)
[Perf] Saved bleKeys to IndexedDB(non - blocking)
[Perf] Saved appVersions to IndexedDB(non - blocking)
[Perf] Saved highlights to IndexedDB(non - blocking)
[Perf] Saved btsnoopPackets to IndexedDB(non - blocking)
[Perf] Saved btsnoopConnectionEvents to IndexedDB(non - blocking)
[Perf] Saved btsnoopConnectionMap to IndexedDB(non - blocking)
[Perf] Saved dashboardStats to IndexedDB(non - blocking)
[Background] Starting background processing for BTSnoop/CCC...
[BTSnoop Debug] [MAIN.JS] Delegating to BtsnoopTab module...
[BTSnoop Debug] [BTSNOOPTAB.JS] processForBtsnoop called in BtsnoopTab with 1 tasks
[BTSnoop] [BTSNOOPTAB.JS] Starting BTSnoop Worker...
[BTSnoop] Worker code changed (v2025-12-14-18:00), clearing ALL cache...
[DB] Returning cached database connection
[Background] Processing complete.
[Click Debug] Target: BUTTON Classes: panel-toggle-btn ParentTable: undefined
[Click Debug] Target: BUTTON Classes: filter-icon ParentTable: undefined
[Perf] Executing debounced refreshActiveTab
[Perf] Filter state changed - re-filtering logs tab
[Debug] executeRefreshActiveTab: Levels=7, Keywords=0
[ApplyFilters Debug] logViewCollapseState size: 0, contents: []
[Main] After filtering: filteredLogLines.length = 820
[Perf] Resolving 1 pending refresh promises
[Click Debug] Target: BUTTON Classes: filter-icon ParentTable: undefined
[Perf] Executing debounced refreshActiveTab
[Perf] Filter state changed - re-filtering logs tab
[Debug] executeRefreshActiveTab: Levels=6, Keywords=0
[ApplyFilters Debug] logViewCollapseState size: 0, contents: []
[Main] After filtering: filteredLogLines.length = 637
[Perf] Resolving 1 pending refresh promises
[Click Debug] Target: BUTTON Classes: filter-icon ParentTable: undefined
[Perf] Executing debounced refreshActiveTab
[Perf] Filter state changed - re-filtering logs tab
[Debug] executeRefreshActiveTab: Levels=5, Keywords=0
[ApplyFilters Debug] logViewCollapseState size: 0, contents: []
[Main] After filtering: filteredLogLines.length = 439
[Perf] Resolving 1 pending refresh promises
[Click Debug] Target: BUTTON Classes: filter-icon ParentTable: undefined
[Perf] Executing debounced refreshActiveTab
[Perf] Filter state changed - re-filtering logs tab
[Debug] executeRefreshActiveTab: Levels=4, Keywords=0
[ApplyFilters Debug] logViewCollapseState size: 0, contents: []
[Main] After filtering: filteredLogLines.length = 226
[Perf] Resolving 1 pending refresh promises
]]>
</system-out>
</testcase>
<testcase name="Advanced Log Filtering › Keyword search with single term" classname="log_filtering_advanced.spec.js" time="8.437">
<system-out>
<![CDATA[[DB] Module Loaded
[Main] Module Loaded
[Perf] Initializing UI elements...
[Perf] UI Init complete.
[Init] clearStateBtn element: JSHandle@node
[DB] Opening IndexedDB logViewerDB v2
[Init] Attaching event listener to Clear & Reset button
[DB] Returning pending open promise
[DB] Upgrade Needed
[DB] Open Success
[Perf] Checking for persisted logs...
[DB] Returning cached database connection
[DB] Returning cached database connection
[Main] After filtering: filteredLogLines.length = 0
[Perf] Executing debounced refreshActiveTab
[Perf] Filter state changed - re-filtering logs tab
[Debug] executeRefreshActiveTab: Levels=8, Keywords=0
[Main] After filtering: filteredLogLines.length = 0
[Perf] Resolving 1 pending refresh promises
[Clear & Reset] Button clicked
[Clear & Reset] Starting complete database deletion...
[DB] Closing database connection
[DB] Database connection closed and state reset
[DB] Deleting database: logViewerDB
[Click Debug] Target: BUTTON Classes:  ParentTable: undefined
[DB] Database deleted successfully
[Clear & Reset] Database deleted successfully
[CccTab] State reset
[BTSnoop] Resetting BTSnoop state
[StatsTab] Reset called.
[BTSnoop] Resetting BTSnoop state
[Main] After filtering: filteredLogLines.length = 0
[Clear & Reset] Complete - application reset
[Perf] processFiles started with 1 files
[Perf] Calling clearPreviousState...
[CccTab] State reset
[BTSnoop] Resetting BTSnoop state
[StatsTab] Reset called.
[BTSnoop] Resetting BTSnoop state
[Perf] Calling clearData...
[DB] Opening IndexedDB logViewerDB v2
[DB] Upgrade Needed
[DB] Open Success
[DB] All data cleared
[Perf] clearData success
[Perf] clearPreviousState done.
[Main] Received chunk for filter_test.log: 1002 lines, total now: 1002
[Worker] Syncing data...
[Perf] Requesting save for logData...
[Perf] Requesting save for fileName...
[Perf] Requesting save for extended state...
[Main] Saving 0 BLE keys from main flow
[Time Range Debug] consolidatedMinTimestamp: 09-23 12:00:00.000
[Time Range Debug] consolidatedMaxTimestamp: 09-23 12:16:39.000
[Time Range Debug] minLogDate: Tue Sep 23 2025 17:30:00 GMT+0530 (India Standard Time)
[Time Range Debug] maxLogDate: Tue Sep 23 2025 17:46:39 GMT+0530 (India Standard Time)
[Sorting] Making table sortable: deviceEventsTable, 7 columns
[Sort] Applying default sort: deviceEventsTable, column 0, order desc 
[Sort] sortTable called: table = deviceEventsTable, column = 0, order = desc 
[Sort] ✓ Sorted deviceEventsTable successfully
[makeTableResizable] Called for table: deviceEventsTable
[makeTableResizable] Table element found: JSHandle@node
[makeTableResizable] thead found: JSHandle@node
[makeTableResizable] headerRow found: JSHandle@node
[makeTableResizable] Found 7 header cells
[makeTableResizable] Added resize handle to column 0
[makeTableResizable] Added resize handle to column 1
[makeTableResizable] Added resize handle to column 2
[makeTableResizable] Added resize handle to column 3
[makeTableResizable] Added resize handle to column 4
[makeTableResizable] Added resize handle to column 5
[makeTableResizable] Added resize handle to column 6
Table "deviceEventsTable" is now resizable
[Sorting] Making table sortable: btsnoopConnectionEventsTable, 8 columns
[Sort] Applying default sort: btsnoopConnectionEventsTable, column 1, order desc 
[Sort] sortTable called: table = btsnoopConnectionEventsTable, column = 1, order = desc 
[Sort] ✓ Sorted btsnoopConnectionEventsTable successfully
[makeTableResizable] Called for table: btsnoopConnectionEventsTable
[makeTableResizable] Table element found: JSHandle@node
[makeTableResizable] thead found: JSHandle@node
[makeTableResizable] headerRow found: JSHandle@node
[makeTableResizable] Found 8 header cells
[makeTableResizable] Added resize handle to column 0
[makeTableResizable] Added resize handle to column 1
[makeTableResizable] Added resize handle to column 2
[makeTableResizable] Added resize handle to column 3
[makeTableResizable] Added resize handle to column 4
[makeTableResizable] Added resize handle to column 5
[makeTableResizable] Added resize handle to column 6
[makeTableResizable] Added resize handle to column 7
Table "btsnoopConnectionEventsTable" is now resizable
[makeTableResizable] Called for table: appVersionsTable
[makeTableResizable] Table element found: JSHandle@node
[makeTableResizable] thead found: JSHandle@node
[makeTableResizable] headerRow found: JSHandle@node
[makeTableResizable] Found 2 header cells
[makeTableResizable] Added resize handle to column 0
[makeTableResizable] Added resize handle to column 1
Table "appVersionsTable" is now resizable
[Worker] Data loaded: 1002 lines
[Perf] Executing debounced refreshActiveTab
[Perf] Filter state changed - re-filtering logs tab
[Debug] executeRefreshActiveTab: Levels=8, Keywords=0
[ApplyFilters Debug] logViewCollapseState size: 0, contents: []
[Main] After filtering: filteredLogLines.length = 1002
[Perf] Resolving 1 pending refresh promises
[UI] Auto-collapsed left panel after file loading
[Perf] Triggering save for logData...
[DB] Returning cached database connection
[Perf] Triggering save for fileName...
[DB] Returning cached database connection
[Perf] Triggering save for cccMessages...
[DB] Returning cached database connection
[Perf] Triggering save for batteryDataPoints...
[DB] Returning cached database connection
[Perf] Triggering save for thermalDataPoints...
[DB] Returning cached database connection
[Perf] Triggering save for bleKeys...
[DB] Returning cached database connection
[Perf] Triggering save for appVersions...
[DB] Returning cached database connection
[Perf] Triggering save for highlights...
[DB] Returning cached database connection
[Perf] Triggering save for btsnoopPackets...
[DB] Returning cached database connection
[Perf] Triggering save for btsnoopConnectionEvents...
[DB] Returning cached database connection
[Perf] Triggering save for btsnoopConnectionMap...
[DB] Returning cached database connection
[Perf] Triggering save for dashboardStats...
[DB] Returning cached database connection
[Perf] Saved logData to IndexedDB(non - blocking)
[Perf] Saved fileName to IndexedDB(non - blocking)
[Perf] Saved cccMessages to IndexedDB(non - blocking)
[Perf] Saved batteryDataPoints to IndexedDB(non - blocking)
[Perf] Saved thermalDataPoints to IndexedDB(non - blocking)
[Perf] Saved bleKeys to IndexedDB(non - blocking)
[Perf] Saved appVersions to IndexedDB(non - blocking)
[Perf] Saved highlights to IndexedDB(non - blocking)
[Perf] Saved btsnoopPackets to IndexedDB(non - blocking)
[Perf] Saved btsnoopConnectionEvents to IndexedDB(non - blocking)
[Perf] Saved btsnoopConnectionMap to IndexedDB(non - blocking)
[Perf] Saved dashboardStats to IndexedDB(non - blocking)
[Background] Starting background processing for BTSnoop/CCC...
[BTSnoop Debug] [MAIN.JS] Delegating to BtsnoopTab module...
[BTSnoop Debug] [BTSNOOPTAB.JS] processForBtsnoop called in BtsnoopTab with 1 tasks
[BTSnoop] [BTSNOOPTAB.JS] Starting BTSnoop Worker...
[BTSnoop] Worker code changed (v2025-12-14-18:00), clearing ALL cache...
[DB] Returning cached database connection
[Background] Processing complete.
[Click Debug] Target: BUTTON Classes: panel-toggle-btn ParentTable: undefined
[Perf] Executing debounced refreshActiveTab
[Perf] Filter state changed - re-filtering logs tab
[Debug] executeRefreshActiveTab: Levels=8, Keywords=1
[ApplyFilters Debug] logViewCollapseState size: 0, contents: []
[Main] After filtering: filteredLogLines.length = 187
[Perf] Resolving 1 pending refresh promises
]]>
</system-out>
</testcase>
<testcase name="Advanced Log Filtering › Keyword search with multiple terms (OR logic)" classname="log_filtering_advanced.spec.js" time="9.24">
<system-out>
<![CDATA[[DB] Module Loaded
[Main] Module Loaded
[Perf] Initializing UI elements...
[Perf] UI Init complete.
[Init] clearStateBtn element: JSHandle@node
[DB] Opening IndexedDB logViewerDB v2
[Init] Attaching event listener to Clear & Reset button
[DB] Returning pending open promise
[DB] Upgrade Needed
[DB] Open Success
[Perf] Checking for persisted logs...
[DB] Returning cached database connection
[DB] Returning cached database connection
[Main] After filtering: filteredLogLines.length = 0
[Perf] Executing debounced refreshActiveTab
[Perf] Filter state changed - re-filtering logs tab
[Debug] executeRefreshActiveTab: Levels=8, Keywords=0
[Main] After filtering: filteredLogLines.length = 0
[Perf] Resolving 1 pending refresh promises
[Clear & Reset] Button clicked
[Clear & Reset] Starting complete database deletion...
[DB] Closing database connection
[DB] Database connection closed and state reset
[DB] Deleting database: logViewerDB
[Click Debug] Target: BUTTON Classes:  ParentTable: undefined
[DB] Database deleted successfully
[Clear & Reset] Database deleted successfully
[CccTab] State reset
[BTSnoop] Resetting BTSnoop state
[StatsTab] Reset called.
[BTSnoop] Resetting BTSnoop state
[Main] After filtering: filteredLogLines.length = 0
[Clear & Reset] Complete - application reset
[Perf] processFiles started with 1 files
[Perf] Calling clearPreviousState...
[CccTab] State reset
[BTSnoop] Resetting BTSnoop state
[StatsTab] Reset called.
[BTSnoop] Resetting BTSnoop state
[Perf] Calling clearData...
[DB] Opening IndexedDB logViewerDB v2
[DB] Upgrade Needed
[DB] Open Success
[DB] All data cleared
[Perf] clearData success
[Perf] clearPreviousState done.
[Main] Received chunk for filter_test.log: 1002 lines, total now: 1002
[Worker] Syncing data...
[Perf] Requesting save for logData...
[Perf] Requesting save for fileName...
[Perf] Requesting save for extended state...
[Main] Saving 0 BLE keys from main flow
[Time Range Debug] consolidatedMinTimestamp: 09-23 12:00:00.000
[Time Range Debug] consolidatedMaxTimestamp: 09-23 12:16:39.000
[Time Range Debug] minLogDate: Tue Sep 23 2025 17:30:00 GMT+0530 (India Standard Time)
[Time Range Debug] maxLogDate: Tue Sep 23 2025 17:46:39 GMT+0530 (India Standard Time)
[Sorting] Making table sortable: deviceEventsTable, 7 columns
[Sort] Applying default sort: deviceEventsTable, column 0, order desc 
[Sort] sortTable called: table = deviceEventsTable, column = 0, order = desc 
[Sort] ✓ Sorted deviceEventsTable successfully
[makeTableResizable] Called for table: deviceEventsTable
[makeTableResizable] Table element found: JSHandle@node
[makeTableResizable] thead found: JSHandle@node
[makeTableResizable] headerRow found: JSHandle@node
[makeTableResizable] Found 7 header cells
[makeTableResizable] Added resize handle to column 0
[makeTableResizable] Added resize handle to column 1
[makeTableResizable] Added resize handle to column 2
[makeTableResizable] Added resize handle to column 3
[makeTableResizable] Added resize handle to column 4
[makeTableResizable] Added resize handle to column 5
[makeTableResizable] Added resize handle to column 6
Table "deviceEventsTable" is now resizable
[Sorting] Making table sortable: btsnoopConnectionEventsTable, 8 columns
[Sort] Applying default sort: btsnoopConnectionEventsTable, column 1, order desc 
[Sort] sortTable called: table = btsnoopConnectionEventsTable, column = 1, order = desc 
[Sort] ✓ Sorted btsnoopConnectionEventsTable successfully
[makeTableResizable] Called for table: btsnoopConnectionEventsTable
[makeTableResizable] Table element found: JSHandle@node
[makeTableResizable] thead found: JSHandle@node
[makeTableResizable] headerRow found: JSHandle@node
[makeTableResizable] Found 8 header cells
[makeTableResizable] Added resize handle to column 0
[makeTableResizable] Added resize handle to column 1
[makeTableResizable] Added resize handle to column 2
[makeTableResizable] Added resize handle to column 3
[makeTableResizable] Added resize handle to column 4
[makeTableResizable] Added resize handle to column 5
[makeTableResizable] Added resize handle to column 6
[makeTableResizable] Added resize handle to column 7
Table "btsnoopConnectionEventsTable" is now resizable
[makeTableResizable] Called for table: appVersionsTable
[makeTableResizable] Table element found: JSHandle@node
[makeTableResizable] thead found: JSHandle@node
[makeTableResizable] headerRow found: JSHandle@node
[makeTableResizable] Found 2 header cells
[makeTableResizable] Added resize handle to column 0
[makeTableResizable] Added resize handle to column 1
Table "appVersionsTable" is now resizable
[Worker] Data loaded: 1002 lines
[Perf] Executing debounced refreshActiveTab
[Perf] Filter state changed - re-filtering logs tab
[Debug] executeRefreshActiveTab: Levels=8, Keywords=0
[ApplyFilters Debug] logViewCollapseState size: 0, contents: []
[Main] After filtering: filteredLogLines.length = 1002
[Perf] Resolving 1 pending refresh promises
[UI] Auto-collapsed left panel after file loading
[Perf] Triggering save for logData...
[DB] Returning cached database connection
[Perf] Triggering save for fileName...
[DB] Returning cached database connection
[Perf] Triggering save for cccMessages...
[DB] Returning cached database connection
[Perf] Triggering save for batteryDataPoints...
[DB] Returning cached database connection
[Perf] Triggering save for thermalDataPoints...
[DB] Returning cached database connection
[Perf] Triggering save for bleKeys...
[DB] Returning cached database connection
[Perf] Triggering save for appVersions...
[DB] Returning cached database connection
[Perf] Triggering save for highlights...
[DB] Returning cached database connection
[Perf] Triggering save for btsnoopPackets...
[DB] Returning cached database connection
[Perf] Triggering save for btsnoopConnectionEvents...
[DB] Returning cached database connection
[Perf] Triggering save for btsnoopConnectionMap...
[DB] Returning cached database connection
[Perf] Triggering save for dashboardStats...
[DB] Returning cached database connection
[Perf] Saved logData to IndexedDB(non - blocking)
[Perf] Saved fileName to IndexedDB(non - blocking)
[Perf] Saved cccMessages to IndexedDB(non - blocking)
[Perf] Saved batteryDataPoints to IndexedDB(non - blocking)
[Perf] Saved thermalDataPoints to IndexedDB(non - blocking)
[Perf] Saved bleKeys to IndexedDB(non - blocking)
[Perf] Saved appVersions to IndexedDB(non - blocking)
[Perf] Saved highlights to IndexedDB(non - blocking)
[Perf] Saved btsnoopPackets to IndexedDB(non - blocking)
[Perf] Saved btsnoopConnectionEvents to IndexedDB(non - blocking)
[Perf] Saved btsnoopConnectionMap to IndexedDB(non - blocking)
[Perf] Saved dashboardStats to IndexedDB(non - blocking)
[Background] Starting background processing for BTSnoop/CCC...
[BTSnoop Debug] [MAIN.JS] Delegating to BtsnoopTab module...
[BTSnoop Debug] [BTSNOOPTAB.JS] processForBtsnoop called in BtsnoopTab with 1 tasks
[BTSnoop] [BTSNOOPTAB.JS] Starting BTSnoop Worker...
[BTSnoop] Worker code changed (v2025-12-14-18:00), clearing ALL cache...
[DB] Returning cached database connection
[Background] Processing complete.
[Click Debug] Target: BUTTON Classes: panel-toggle-btn ParentTable: undefined
[Perf] Executing debounced refreshActiveTab
[Perf] Filter state changed - re-filtering logs tab
[Debug] executeRefreshActiveTab: Levels=8, Keywords=2
[ApplyFilters Debug] logViewCollapseState size: 0, contents: []
[Main] After filtering: filteredLogLines.length = 1001
[Perf] Resolving 1 pending refresh promises
[Click Debug] Target: BUTTON Classes: logic-btn active ParentTable: undefined
[Perf] Executing debounced refreshActiveTab
[Perf] Filter state changed - re-filtering logs tab
[Debug] executeRefreshActiveTab: Levels=8, Keywords=2
[ApplyFilters Debug] logViewCollapseState size: 0, contents: []
[Main] After filtering: filteredLogLines.length = 1001
[Perf] Resolving 1 pending refresh promises
OR search found 1001 logs
]]>
</system-out>
</testcase>
<testcase name="Advanced Log Filtering › Keyword search with multiple terms (AND logic)" classname="log_filtering_advanced.spec.js" time="8.154">
<system-out>
<![CDATA[[DB] Module Loaded
[Main] Module Loaded
[Perf] Initializing UI elements...
[Perf] UI Init complete.
[Init] clearStateBtn element: JSHandle@node
[DB] Opening IndexedDB logViewerDB v2
[Init] Attaching event listener to Clear & Reset button
[DB] Returning pending open promise
[DB] Upgrade Needed
[DB] Open Success
[Perf] Checking for persisted logs...
[DB] Returning cached database connection
[DB] Returning cached database connection
[Main] After filtering: filteredLogLines.length = 0
[Perf] Executing debounced refreshActiveTab
[Perf] Filter state changed - re-filtering logs tab
[Debug] executeRefreshActiveTab: Levels=8, Keywords=0
[Main] After filtering: filteredLogLines.length = 0
[Perf] Resolving 1 pending refresh promises
[Clear & Reset] Button clicked
[Clear & Reset] Starting complete database deletion...
[DB] Closing database connection
[DB] Database connection closed and state reset
[DB] Deleting database: logViewerDB
[Click Debug] Target: BUTTON Classes:  ParentTable: undefined
[DB] Database deleted successfully
[Clear & Reset] Database deleted successfully
[CccTab] State reset
[BTSnoop] Resetting BTSnoop state
[StatsTab] Reset called.
[BTSnoop] Resetting BTSnoop state
[Main] After filtering: filteredLogLines.length = 0
[Clear & Reset] Complete - application reset
[Perf] processFiles started with 1 files
[Perf] Calling clearPreviousState...
[CccTab] State reset
[BTSnoop] Resetting BTSnoop state
[StatsTab] Reset called.
[BTSnoop] Resetting BTSnoop state
[Perf] Calling clearData...
[DB] Opening IndexedDB logViewerDB v2
[DB] Upgrade Needed
[DB] Open Success
[DB] All data cleared
[Perf] clearData success
[Perf] clearPreviousState done.
[Main] Received chunk for filter_test.log: 1002 lines, total now: 1002
[Worker] Syncing data...
[Perf] Requesting save for logData...
[Perf] Requesting save for fileName...
[Perf] Requesting save for extended state...
[Main] Saving 0 BLE keys from main flow
[Time Range Debug] consolidatedMinTimestamp: 09-23 12:00:00.000
[Time Range Debug] consolidatedMaxTimestamp: 09-23 12:16:39.000
[Time Range Debug] minLogDate: Tue Sep 23 2025 17:30:00 GMT+0530 (India Standard Time)
[Time Range Debug] maxLogDate: Tue Sep 23 2025 17:46:39 GMT+0530 (India Standard Time)
[Sorting] Making table sortable: deviceEventsTable, 7 columns
[Sort] Applying default sort: deviceEventsTable, column 0, order desc 
[Sort] sortTable called: table = deviceEventsTable, column = 0, order = desc 
[Sort] ✓ Sorted deviceEventsTable successfully
[makeTableResizable] Called for table: deviceEventsTable
[makeTableResizable] Table element found: JSHandle@node
[makeTableResizable] thead found: JSHandle@node
[makeTableResizable] headerRow found: JSHandle@node
[makeTableResizable] Found 7 header cells
[makeTableResizable] Added resize handle to column 0
[makeTableResizable] Added resize handle to column 1
[makeTableResizable] Added resize handle to column 2
[makeTableResizable] Added resize handle to column 3
[makeTableResizable] Added resize handle to column 4
[makeTableResizable] Added resize handle to column 5
[makeTableResizable] Added resize handle to column 6
Table "deviceEventsTable" is now resizable
[Sorting] Making table sortable: btsnoopConnectionEventsTable, 8 columns
[Sort] Applying default sort: btsnoopConnectionEventsTable, column 1, order desc 
[Sort] sortTable called: table = btsnoopConnectionEventsTable, column = 1, order = desc 
[Sort] ✓ Sorted btsnoopConnectionEventsTable successfully
[makeTableResizable] Called for table: btsnoopConnectionEventsTable
[makeTableResizable] Table element found: JSHandle@node
[makeTableResizable] thead found: JSHandle@node
[makeTableResizable] headerRow found: JSHandle@node
[makeTableResizable] Found 8 header cells
[makeTableResizable] Added resize handle to column 0
[makeTableResizable] Added resize handle to column 1
[makeTableResizable] Added resize handle to column 2
[makeTableResizable] Added resize handle to column 3
[makeTableResizable] Added resize handle to column 4
[makeTableResizable] Added resize handle to column 5
[makeTableResizable] Added resize handle to column 6
[makeTableResizable] Added resize handle to column 7
Table "btsnoopConnectionEventsTable" is now resizable
[makeTableResizable] Called for table: appVersionsTable
[makeTableResizable] Table element found: JSHandle@node
[makeTableResizable] thead found: JSHandle@node
[makeTableResizable] headerRow found: JSHandle@node
[makeTableResizable] Found 2 header cells
[makeTableResizable] Added resize handle to column 0
[makeTableResizable] Added resize handle to column 1
Table "appVersionsTable" is now resizable
[Worker] Data loaded: 1002 lines
[Perf] Executing debounced refreshActiveTab
[Perf] Filter state changed - re-filtering logs tab
[Debug] executeRefreshActiveTab: Levels=8, Keywords=0
[ApplyFilters Debug] logViewCollapseState size: 0, contents: []
[Main] After filtering: filteredLogLines.length = 1002
[Perf] Resolving 1 pending refresh promises
[UI] Auto-collapsed left panel after file loading
[Perf] Triggering save for logData...
[DB] Returning cached database connection
[Perf] Triggering save for fileName...
[DB] Returning cached database connection
[Perf] Triggering save for cccMessages...
[DB] Returning cached database connection
[Perf] Triggering save for batteryDataPoints...
[DB] Returning cached database connection
[Perf] Triggering save for thermalDataPoints...
[DB] Returning cached database connection
[Perf] Triggering save for bleKeys...
[DB] Returning cached database connection
[Perf] Triggering save for appVersions...
[DB] Returning cached database connection
[Perf] Triggering save for highlights...
[DB] Returning cached database connection
[Perf] Triggering save for btsnoopPackets...
[DB] Returning cached database connection
[Perf] Triggering save for btsnoopConnectionEvents...
[DB] Returning cached database connection
[Perf] Triggering save for btsnoopConnectionMap...
[DB] Returning cached database connection
[Perf] Triggering save for dashboardStats...
[DB] Returning cached database connection
[Perf] Saved logData to IndexedDB(non - blocking)
[Perf] Saved fileName to IndexedDB(non - blocking)
[Perf] Saved cccMessages to IndexedDB(non - blocking)
[Perf] Saved batteryDataPoints to IndexedDB(non - blocking)
[Perf] Saved thermalDataPoints to IndexedDB(non - blocking)
[Perf] Saved bleKeys to IndexedDB(non - blocking)
[Perf] Saved appVersions to IndexedDB(non - blocking)
[Perf] Saved highlights to IndexedDB(non - blocking)
[Perf] Saved btsnoopPackets to IndexedDB(non - blocking)
[Perf] Saved btsnoopConnectionEvents to IndexedDB(non - blocking)
[Perf] Saved btsnoopConnectionMap to IndexedDB(non - blocking)
[Perf] Saved dashboardStats to IndexedDB(non - blocking)
[Background] Starting background processing for BTSnoop/CCC...
[BTSnoop Debug] [MAIN.JS] Delegating to BtsnoopTab module...
[BTSnoop Debug] [BTSNOOPTAB.JS] processForBtsnoop called in BtsnoopTab with 1 tasks
[BTSnoop] [BTSNOOPTAB.JS] Starting BTSnoop Worker...
[BTSnoop] Worker code changed (v2025-12-14-18:00), clearing ALL cache...
[DB] Returning cached database connection
[Background] Processing complete.
[Click Debug] Target: BUTTON Classes: panel-toggle-btn ParentTable: undefined
[Perf] Executing debounced refreshActiveTab
[Perf] Filter state changed - re-filtering logs tab
[Debug] executeRefreshActiveTab: Levels=8, Keywords=2
[ApplyFilters Debug] logViewCollapseState size: 0, contents: []
[Main] After filtering: filteredLogLines.length = 1001
[Perf] Resolving 1 pending refresh promises
[Click Debug] Target: BUTTON Classes: logic-btn active ParentTable: undefined
[Perf] Executing debounced refreshActiveTab
[Perf] Filter state changed - re-filtering logs tab
[Debug] executeRefreshActiveTab: Levels=8, Keywords=2
[ApplyFilters Debug] logViewCollapseState size: 0, contents: []
[Main] After filtering: filteredLogLines.length = 1001
[Perf] Resolving 1 pending refresh promises
AND search found 1001 logs
]]>
</system-out>
</testcase>
<testcase name="Advanced Log Filtering › Case-insensitive keyword search" classname="log_filtering_advanced.spec.js" time="16.217">
<system-out>
<![CDATA[[DB] Module Loaded
[Main] Module Loaded
[Perf] Initializing UI elements...
[Perf] UI Init complete.
[Init] clearStateBtn element: JSHandle@node
[DB] Opening IndexedDB logViewerDB v2
[Init] Attaching event listener to Clear & Reset button
[DB] Returning pending open promise
[DB] Upgrade Needed
[DB] Open Success
[Perf] Checking for persisted logs...
[DB] Returning cached database connection
[DB] Returning cached database connection
[Main] After filtering: filteredLogLines.length = 0
[Perf] Executing debounced refreshActiveTab
[Perf] Filter state changed - re-filtering logs tab
[Debug] executeRefreshActiveTab: Levels=8, Keywords=0
[Main] After filtering: filteredLogLines.length = 0
[Perf] Resolving 1 pending refresh promises
[Clear & Reset] Button clicked
[Clear & Reset] Starting complete database deletion...
[DB] Closing database connection
[DB] Database connection closed and state reset
[DB] Deleting database: logViewerDB
[Click Debug] Target: BUTTON Classes:  ParentTable: undefined
[DB] Database deleted successfully
[Clear & Reset] Database deleted successfully
[CccTab] State reset
[BTSnoop] Resetting BTSnoop state
[StatsTab] Reset called.
[BTSnoop] Resetting BTSnoop state
[Main] After filtering: filteredLogLines.length = 0
[Clear & Reset] Complete - application reset
[Perf] processFiles started with 1 files
[Perf] Calling clearPreviousState...
[CccTab] State reset
[BTSnoop] Resetting BTSnoop state
[StatsTab] Reset called.
[BTSnoop] Resetting BTSnoop state
[Perf] Calling clearData...
[DB] Opening IndexedDB logViewerDB v2
[DB] Upgrade Needed
[DB] Open Success
[DB] All data cleared
[Perf] clearData success
[Perf] clearPreviousState done.
[Main] Received chunk for filter_test.log: 1002 lines, total now: 1002
[Worker] Syncing data...
[Perf] Requesting save for logData...
[Perf] Requesting save for fileName...
[Perf] Requesting save for extended state...
[Main] Saving 0 BLE keys from main flow
[Time Range Debug] consolidatedMinTimestamp: 09-23 12:00:00.000
[Time Range Debug] consolidatedMaxTimestamp: 09-23 12:16:39.000
[Time Range Debug] minLogDate: Tue Sep 23 2025 17:30:00 GMT+0530 (India Standard Time)
[Time Range Debug] maxLogDate: Tue Sep 23 2025 17:46:39 GMT+0530 (India Standard Time)
[Sorting] Making table sortable: deviceEventsTable, 7 columns
[Sort] Applying default sort: deviceEventsTable, column 0, order desc 
[Sort] sortTable called: table = deviceEventsTable, column = 0, order = desc 
[Sort] ✓ Sorted deviceEventsTable successfully
[makeTableResizable] Called for table: deviceEventsTable
[makeTableResizable] Table element found: JSHandle@node
[makeTableResizable] thead found: JSHandle@node
[makeTableResizable] headerRow found: JSHandle@node
[makeTableResizable] Found 7 header cells
[makeTableResizable] Added resize handle to column 0
[makeTableResizable] Added resize handle to column 1
[makeTableResizable] Added resize handle to column 2
[makeTableResizable] Added resize handle to column 3
[makeTableResizable] Added resize handle to column 4
[makeTableResizable] Added resize handle to column 5
[makeTableResizable] Added resize handle to column 6
Table "deviceEventsTable" is now resizable
[Sorting] Making table sortable: btsnoopConnectionEventsTable, 8 columns
[Sort] Applying default sort: btsnoopConnectionEventsTable, column 1, order desc 
[Sort] sortTable called: table = btsnoopConnectionEventsTable, column = 1, order = desc 
[Sort] ✓ Sorted btsnoopConnectionEventsTable successfully
[makeTableResizable] Called for table: btsnoopConnectionEventsTable
[makeTableResizable] Table element found: JSHandle@node
[makeTableResizable] thead found: JSHandle@node
[makeTableResizable] headerRow found: JSHandle@node
[makeTableResizable] Found 8 header cells
[makeTableResizable] Added resize handle to column 0
[makeTableResizable] Added resize handle to column 1
[makeTableResizable] Added resize handle to column 2
[makeTableResizable] Added resize handle to column 3
[makeTableResizable] Added resize handle to column 4
[makeTableResizable] Added resize handle to column 5
[makeTableResizable] Added resize handle to column 6
[makeTableResizable] Added resize handle to column 7
Table "btsnoopConnectionEventsTable" is now resizable
[makeTableResizable] Called for table: appVersionsTable
[makeTableResizable] Table element found: JSHandle@node
[makeTableResizable] thead found: JSHandle@node
[makeTableResizable] headerRow found: JSHandle@node
[makeTableResizable] Found 2 header cells
[makeTableResizable] Added resize handle to column 0
[makeTableResizable] Added resize handle to column 1
Table "appVersionsTable" is now resizable
[Worker] Data loaded: 1002 lines
[Perf] Executing debounced refreshActiveTab
[Perf] Filter state changed - re-filtering logs tab
[Debug] executeRefreshActiveTab: Levels=8, Keywords=0
[ApplyFilters Debug] logViewCollapseState size: 0, contents: []
[Main] After filtering: filteredLogLines.length = 1002
[Perf] Resolving 1 pending refresh promises
[UI] Auto-collapsed left panel after file loading
[Perf] Triggering save for logData...
[DB] Returning cached database connection
[Perf] Triggering save for fileName...
[DB] Returning cached database connection
[Perf] Triggering save for cccMessages...
[DB] Returning cached database connection
[Perf] Triggering save for batteryDataPoints...
[DB] Returning cached database connection
[Perf] Triggering save for thermalDataPoints...
[DB] Returning cached database connection
[Perf] Triggering save for bleKeys...
[DB] Returning cached database connection
[Perf] Triggering save for appVersions...
[DB] Returning cached database connection
[Perf] Triggering save for highlights...
[DB] Returning cached database connection
[Perf] Triggering save for btsnoopPackets...
[DB] Returning cached database connection
[Perf] Triggering save for btsnoopConnectionEvents...
[DB] Returning cached database connection
[Perf] Triggering save for btsnoopConnectionMap...
[DB] Returning cached database connection
[Perf] Triggering save for dashboardStats...
[DB] Returning cached database connection
[Perf] Saved logData to IndexedDB(non - blocking)
[Perf] Saved fileName to IndexedDB(non - blocking)
[Perf] Saved cccMessages to IndexedDB(non - blocking)
[Perf] Saved batteryDataPoints to IndexedDB(non - blocking)
[Perf] Saved thermalDataPoints to IndexedDB(non - blocking)
[Perf] Saved bleKeys to IndexedDB(non - blocking)
[Perf] Saved appVersions to IndexedDB(non - blocking)
[Perf] Saved highlights to IndexedDB(non - blocking)
[Perf] Saved btsnoopPackets to IndexedDB(non - blocking)
[Perf] Saved btsnoopConnectionEvents to IndexedDB(non - blocking)
[Perf] Saved btsnoopConnectionMap to IndexedDB(non - blocking)
[Perf] Saved dashboardStats to IndexedDB(non - blocking)
[Background] Starting background processing for BTSnoop/CCC...
[BTSnoop Debug] [MAIN.JS] Delegating to BtsnoopTab module...
[BTSnoop Debug] [BTSNOOPTAB.JS] processForBtsnoop called in BtsnoopTab with 1 tasks
[BTSnoop] [BTSNOOPTAB.JS] Starting BTSnoop Worker...
[BTSnoop] Worker code changed (v2025-12-14-18:00), clearing ALL cache...
[DB] Returning cached database connection
[Background] Processing complete.
[Click Debug] Target: BUTTON Classes: panel-toggle-btn ParentTable: undefined
[Perf] Executing debounced refreshActiveTab
[Perf] Filter state changed - re-filtering logs tab
[Debug] executeRefreshActiveTab: Levels=8, Keywords=1
[ApplyFilters Debug] logViewCollapseState size: 0, contents: []
[Main] After filtering: filteredLogLines.length = 187
[Perf] Resolving 1 pending refresh promises
]]>
</system-out>
</testcase>
<testcase name="Advanced Log Filtering › Empty search should show all logs" classname="log_filtering_advanced.spec.js" time="7.494">
<system-out>
<![CDATA[[DB] Module Loaded
[Main] Module Loaded
[Perf] Initializing UI elements...
[Perf] UI Init complete.
[Init] clearStateBtn element: JSHandle@node
[DB] Opening IndexedDB logViewerDB v2
[Init] Attaching event listener to Clear & Reset button
[DB] Returning pending open promise
[DB] Upgrade Needed
[DB] Open Success
[Perf] Checking for persisted logs...
[DB] Returning cached database connection
[DB] Returning cached database connection
[Main] After filtering: filteredLogLines.length = 0
[Perf] Executing debounced refreshActiveTab
[Perf] Filter state changed - re-filtering logs tab
[Debug] executeRefreshActiveTab: Levels=8, Keywords=0
[Main] After filtering: filteredLogLines.length = 0
[Perf] Resolving 1 pending refresh promises
[Clear & Reset] Button clicked
[Clear & Reset] Starting complete database deletion...
[DB] Closing database connection
[DB] Database connection closed and state reset
[DB] Deleting database: logViewerDB
[Click Debug] Target: BUTTON Classes:  ParentTable: undefined
[DB] Database deleted successfully
[Clear & Reset] Database deleted successfully
[CccTab] State reset
[BTSnoop] Resetting BTSnoop state
[StatsTab] Reset called.
[BTSnoop] Resetting BTSnoop state
[Main] After filtering: filteredLogLines.length = 0
[Clear & Reset] Complete - application reset
[Perf] processFiles started with 1 files
[Perf] Calling clearPreviousState...
[CccTab] State reset
[BTSnoop] Resetting BTSnoop state
[StatsTab] Reset called.
[BTSnoop] Resetting BTSnoop state
[Perf] Calling clearData...
[DB] Opening IndexedDB logViewerDB v2
[DB] Upgrade Needed
[DB] Open Success
[DB] All data cleared
[Perf] clearData success
[Perf] clearPreviousState done.
[Main] Received chunk for filter_test.log: 1002 lines, total now: 1002
[Worker] Syncing data...
[Perf] Requesting save for logData...
[Perf] Requesting save for fileName...
[Perf] Requesting save for extended state...
[Main] Saving 0 BLE keys from main flow
[Time Range Debug] consolidatedMinTimestamp: 09-23 12:00:00.000
[Time Range Debug] consolidatedMaxTimestamp: 09-23 12:16:39.000
[Time Range Debug] minLogDate: Tue Sep 23 2025 17:30:00 GMT+0530 (India Standard Time)
[Time Range Debug] maxLogDate: Tue Sep 23 2025 17:46:39 GMT+0530 (India Standard Time)
[Sorting] Making table sortable: deviceEventsTable, 7 columns
[Sort] Applying default sort: deviceEventsTable, column 0, order desc 
[Sort] sortTable called: table = deviceEventsTable, column = 0, order = desc 
[Sort] ✓ Sorted deviceEventsTable successfully
[makeTableResizable] Called for table: deviceEventsTable
[makeTableResizable] Table element found: JSHandle@node
[makeTableResizable] thead found: JSHandle@node
[makeTableResizable] headerRow found: JSHandle@node
[makeTableResizable] Found 7 header cells
[makeTableResizable] Added resize handle to column 0
[makeTableResizable] Added resize handle to column 1
[makeTableResizable] Added resize handle to column 2
[makeTableResizable] Added resize handle to column 3
[makeTableResizable] Added resize handle to column 4
[makeTableResizable] Added resize handle to column 5
[makeTableResizable] Added resize handle to column 6
Table "deviceEventsTable" is now resizable
[Sorting] Making table sortable: btsnoopConnectionEventsTable, 8 columns
[Sort] Applying default sort: btsnoopConnectionEventsTable, column 1, order desc 
[Sort] sortTable called: table = btsnoopConnectionEventsTable, column = 1, order = desc 
[Sort] ✓ Sorted btsnoopConnectionEventsTable successfully
[makeTableResizable] Called for table: btsnoopConnectionEventsTable
[makeTableResizable] Table element found: JSHandle@node
[makeTableResizable] thead found: JSHandle@node
[makeTableResizable] headerRow found: JSHandle@node
[makeTableResizable] Found 8 header cells
[makeTableResizable] Added resize handle to column 0
[makeTableResizable] Added resize handle to column 1
[makeTableResizable] Added resize handle to column 2
[makeTableResizable] Added resize handle to column 3
[makeTableResizable] Added resize handle to column 4
[makeTableResizable] Added resize handle to column 5
[makeTableResizable] Added resize handle to column 6
[makeTableResizable] Added resize handle to column 7
Table "btsnoopConnectionEventsTable" is now resizable
[makeTableResizable] Called for table: appVersionsTable
[makeTableResizable] Table element found: JSHandle@node
[makeTableResizable] thead found: JSHandle@node
[makeTableResizable] headerRow found: JSHandle@node
[makeTableResizable] Found 2 header cells
[makeTableResizable] Added resize handle to column 0
[makeTableResizable] Added resize handle to column 1
Table "appVersionsTable" is now resizable
[Worker] Data loaded: 1002 lines
[Perf] Executing debounced refreshActiveTab
[Perf] Filter state changed - re-filtering logs tab
[Debug] executeRefreshActiveTab: Levels=8, Keywords=0
[ApplyFilters Debug] logViewCollapseState size: 0, contents: []
[Main] After filtering: filteredLogLines.length = 1002
[Perf] Resolving 1 pending refresh promises
[UI] Auto-collapsed left panel after file loading
[Perf] Triggering save for logData...
[DB] Returning cached database connection
[Perf] Triggering save for fileName...
[DB] Returning cached database connection
[Perf] Triggering save for cccMessages...
[DB] Returning cached database connection
[Perf] Triggering save for batteryDataPoints...
[DB] Returning cached database connection
[Perf] Triggering save for thermalDataPoints...
[DB] Returning cached database connection
[Perf] Triggering save for bleKeys...
[DB] Returning cached database connection
[Perf] Saved logData to IndexedDB(non - blocking)
[Perf] Triggering save for appVersions...
[DB] Returning cached database connection
[Perf] Triggering save for highlights...
[DB] Returning cached database connection
[Perf] Triggering save for btsnoopPackets...
[DB] Returning cached database connection
[Perf] Triggering save for btsnoopConnectionEvents...
[DB] Returning cached database connection
[Perf] Triggering save for btsnoopConnectionMap...
[DB] Returning cached database connection
[Perf] Triggering save for dashboardStats...
[DB] Returning cached database connection
[Perf] Saved fileName to IndexedDB(non - blocking)
[Perf] Saved cccMessages to IndexedDB(non - blocking)
[Perf] Saved batteryDataPoints to IndexedDB(non - blocking)
[Perf] Saved thermalDataPoints to IndexedDB(non - blocking)
[Perf] Saved bleKeys to IndexedDB(non - blocking)
[Perf] Saved appVersions to IndexedDB(non - blocking)
[Perf] Saved highlights to IndexedDB(non - blocking)
[Perf] Saved btsnoopPackets to IndexedDB(non - blocking)
[Perf] Saved btsnoopConnectionEvents to IndexedDB(non - blocking)
[Perf] Saved btsnoopConnectionMap to IndexedDB(non - blocking)
[Perf] Saved dashboardStats to IndexedDB(non - blocking)
[Background] Starting background processing for BTSnoop/CCC...
[BTSnoop Debug] [MAIN.JS] Delegating to BtsnoopTab module...
[BTSnoop Debug] [BTSNOOPTAB.JS] processForBtsnoop called in BtsnoopTab with 1 tasks
[BTSnoop] [BTSNOOPTAB.JS] Starting BTSnoop Worker...
[BTSnoop] Worker code changed (v2025-12-14-18:00), clearing ALL cache...
[DB] Returning cached database connection
[Background] Processing complete.
[Click Debug] Target: BUTTON Classes: panel-toggle-btn ParentTable: undefined
[Test Debug] window._debug keys: clearKeywords,btsnoopPackets,isBtsnoopProcessed,renderBtsnoopPackets,getBtsnoopConnectionEvents,setupBtsnoopTab,selectedBtsnoopPacket,originalLogLines,filteredLogLines,filterWorker
[Debug] clearKeywords called - resetting all state
[Perf] Executing debounced refreshActiveTab
[Perf] Filter state changed - re-filtering logs tab
[Debug] executeRefreshActiveTab: Levels=8, Keywords=0
[ApplyFilters Debug] logViewCollapseState size: 0, contents: []
[Main] After filtering: filteredLogLines.length = 1002
[Perf] Resolving 2 pending refresh promises
]]>
</system-out>
</testcase>
<testcase name="Advanced Log Filtering › Search with no matches should show empty results" classname="log_filtering_advanced.spec.js" time="7.416">
<system-out>
<![CDATA[[DB] Module Loaded
[Main] Module Loaded
[Perf] Initializing UI elements...
[Perf] UI Init complete.
[Init] clearStateBtn element: JSHandle@node
[DB] Opening IndexedDB logViewerDB v2
[Init] Attaching event listener to Clear & Reset button
[DB] Returning pending open promise
[DB] Upgrade Needed
[DB] Open Success
[Perf] Checking for persisted logs...
[DB] Returning cached database connection
[DB] Returning cached database connection
[Main] After filtering: filteredLogLines.length = 0
[Perf] Executing debounced refreshActiveTab
[Perf] Filter state changed - re-filtering logs tab
[Debug] executeRefreshActiveTab: Levels=8, Keywords=0
[Main] After filtering: filteredLogLines.length = 0
[Perf] Resolving 1 pending refresh promises
[Clear & Reset] Button clicked
[Clear & Reset] Starting complete database deletion...
[DB] Closing database connection
[DB] Database connection closed and state reset
[DB] Deleting database: logViewerDB
[Click Debug] Target: BUTTON Classes:  ParentTable: undefined
[DB] Database deleted successfully
[Clear & Reset] Database deleted successfully
[CccTab] State reset
[BTSnoop] Resetting BTSnoop state
[StatsTab] Reset called.
[BTSnoop] Resetting BTSnoop state
[Main] After filtering: filteredLogLines.length = 0
[Clear & Reset] Complete - application reset
[Perf] processFiles started with 1 files
[Perf] Calling clearPreviousState...
[CccTab] State reset
[BTSnoop] Resetting BTSnoop state
[StatsTab] Reset called.
[BTSnoop] Resetting BTSnoop state
[Perf] Calling clearData...
[DB] Opening IndexedDB logViewerDB v2
[DB] Upgrade Needed
[DB] Open Success
[DB] All data cleared
[Perf] clearData success
[Perf] clearPreviousState done.
[Main] Received chunk for filter_test.log: 1002 lines, total now: 1002
[Worker] Syncing data...
[Perf] Requesting save for logData...
[Perf] Requesting save for fileName...
[Perf] Requesting save for extended state...
[Main] Saving 0 BLE keys from main flow
[Time Range Debug] consolidatedMinTimestamp: 09-23 12:00:00.000
[Time Range Debug] consolidatedMaxTimestamp: 09-23 12:16:39.000
[Time Range Debug] minLogDate: Tue Sep 23 2025 17:30:00 GMT+0530 (India Standard Time)
[Time Range Debug] maxLogDate: Tue Sep 23 2025 17:46:39 GMT+0530 (India Standard Time)
[Sorting] Making table sortable: deviceEventsTable, 7 columns
[Sort] Applying default sort: deviceEventsTable, column 0, order desc 
[Sort] sortTable called: table = deviceEventsTable, column = 0, order = desc 
[Sort] ✓ Sorted deviceEventsTable successfully
[makeTableResizable] Called for table: deviceEventsTable
[makeTableResizable] Table element found: JSHandle@node
[makeTableResizable] thead found: JSHandle@node
[makeTableResizable] headerRow found: JSHandle@node
[makeTableResizable] Found 7 header cells
[makeTableResizable] Added resize handle to column 0
[makeTableResizable] Added resize handle to column 1
[makeTableResizable] Added resize handle to column 2
[makeTableResizable] Added resize handle to column 3
[makeTableResizable] Added resize handle to column 4
[makeTableResizable] Added resize handle to column 5
[makeTableResizable] Added resize handle to column 6
Table "deviceEventsTable" is now resizable
[Sorting] Making table sortable: btsnoopConnectionEventsTable, 8 columns
[Sort] Applying default sort: btsnoopConnectionEventsTable, column 1, order desc 
[Sort] sortTable called: table = btsnoopConnectionEventsTable, column = 1, order = desc 
[Sort] ✓ Sorted btsnoopConnectionEventsTable successfully
[...]
<system-out>
<![CDATA[[DB] Module Loaded
[Main] Module Loaded
[Perf] Initializing UI elements...
[Perf] UI Init complete.
[Init] clearStateBtn element: JSHandle@node
[DB] Opening IndexedDB logViewerDB v2
[Init] Attaching event listener to Clear & Reset button
[DB] Returning pending open promise
[DB] Upgrade Needed
[DB] Open Success
[Perf] Checking for persisted logs...
[DB] Returning cached database connection
[DB] Returning cached database connection
[Main] After filtering: filteredLogLines.length = 0
[Perf] Executing debounced refreshActiveTab
[Perf] Filter state changed - re-filtering logs tab
[Debug] executeRefreshActiveTab: Levels=8, Keywords=0
[Main] After filtering: filteredLogLines.length = 0
[Perf] Resolving 1 pending refresh promises
[Clear & Reset] Button clicked
[Clear & Reset] Starting complete database deletion...
[DB] Closing database connection
[DB] Database connection closed and state reset
[DB] Deleting database: logViewerDB
[Click Debug] Target: BUTTON Classes:  ParentTable: undefined
[DB] Database deleted successfully
[Clear & Reset] Database deleted successfully
[CccTab] State reset
[BTSnoop] Resetting BTSnoop state
[StatsTab] Reset called.
[BTSnoop] Resetting BTSnoop state
[Main] After filtering: filteredLogLines.length = 0
[Clear & Reset] Complete - application reset
[Perf] processFiles started with 1 files
[Perf] Calling clearPreviousState...
[CccTab] State reset
[BTSnoop] Resetting BTSnoop state
[StatsTab] Reset called.
[BTSnoop] Resetting BTSnoop state
[Perf] Calling clearData...
[DB] Opening IndexedDB logViewerDB v2
[DB] Upgrade Needed
[DB] Open Success
[DB] All data cleared
[Perf] clearData success
[Perf] clearPreviousState done.
[Main] Received chunk for filter_test.log: 1002 lines, total now: 1002
[Worker] Syncing data...
[Perf] Requesting save for logData...
[Perf] Requesting save for fileName...
[Perf] Requesting save for extended state...
[Main] Saving 0 BLE keys from main flow
[Time Range Debug] consolidatedMinTimestamp: 09-23 12:00:00.000
[Time Range Debug] consolidatedMaxTimestamp: 09-23 12:16:39.000
[Time Range Debug] minLogDate: Tue Sep 23 2025 17:30:00 GMT+0530 (India Standard Time)
[Time Range Debug] maxLogDate: Tue Sep 23 2025 17:46:39 GMT+0530 (India Standard Time)
[Sorting] Making table sortable: deviceEventsTable, 7 columns
[Sort] Applying default sort: deviceEventsTable, column 0, order desc 
[Sort] sortTable called: table = deviceEventsTable, column = 0, order = desc 
[Sort] ✓ Sorted deviceEventsTable successfully
[makeTableResizable] Called for table: deviceEventsTable
[makeTableResizable] Table element found: JSHandle@node
[makeTableResizable] thead found: JSHandle@node
[makeTableResizable] headerRow found: JSHandle@node
[makeTableResizable] Found 7 header cells
[makeTableResizable] Added resize handle to column 0
[makeTableResizable] Added resize handle to column 1
[makeTableResizable] Added resize handle to column 2
[makeTableResizable] Added resize handle to column 3
[makeTableResizable] Added resize handle to column 4
[makeTableResizable] Added resize handle to column 5
[makeTableResizable] Added resize handle to column 6
Table "deviceEventsTable" is now resizable
[Sorting] Making table sortable: btsnoopConnectionEventsTable, 8 columns
[Sort] Applying default sort: btsnoopConnectionEventsTable, column 1, order desc 
[Sort] sortTable called: table = btsnoopConnectionEventsTable, column = 1, order = desc 
[Sort] ✓ Sorted btsnoopConnectionEventsTable successfully
[makeTableResizable] Called for table: btsnoopConnectionEventsTable
[makeTableResizable] Table element found: JSHandle@node
[makeTableResizable] thead found: JSHandle@node
[makeTableResizable] headerRow found: JSHandle@node
[makeTableResizable] Found 8 header cells
[makeTableResizable] Added resize handle to column 0
[makeTableResizable] Added resize handle to column 1
[makeTableResizable] Added resize handle to column 2
[makeTableResizable] Added resize handle to column 3
[makeTableResizable] Added resize handle to column 4
[makeTableResizable] Added resize handle to column 5
[makeTableResizable] Added resize handle to column 6
[makeTableResizable] Added resize handle to column 7
Table "btsnoopConnectionEventsTable" is now resizable
[makeTableResizable] Called for table: appVersionsTable
[makeTableResizable] Table element found: JSHandle@node
[makeTableResizable] thead found: JSHandle@node
[makeTableResizable] headerRow found: JSHandle@node
[makeTableResizable] Found 2 header cells
[makeTableResizable] Added resize handle to column 0
[makeTableResizable] Added resize handle to column 1
Table "appVersionsTable" is now resizable
[Worker] Data loaded: 1002 lines
[Perf] Executing debounced refreshActiveTab
[Perf] Filter state changed - re-filtering logs tab
[Debug] executeRefreshActiveTab: Levels=8, Keywords=0
[ApplyFilters Debug] logViewCollapseState size: 0, contents: []
[Main] After filtering: filteredLogLines.length = 1002
[Perf] Resolving 1 pending refresh promises
[UI] Auto-collapsed left panel after file loading
[Perf] Triggering save for logData...
[DB] Returning cached database connection
[Perf] Triggering save for fileName...
[DB] Returning cached database connection
[Perf] Triggering save for cccMessages...
[DB] Returning cached database connection
[Perf] Triggering save for batteryDataPoints...
[DB] Returning cached database connection
[Perf] Triggering save for thermalDataPoints...
[DB] Returning cached database connection
[Perf] Triggering save for bleKeys...
[DB] Returning cached database connection
[Perf] Triggering save for appVersions...
[DB] Returning cached database connection
[Perf] Triggering save for highlights...
[DB] Returning cached database connection
[Perf] Triggering save for btsnoopPackets...
[DB] Returning cached database connection
[Perf] Triggering save for btsnoopConnectionEvents...
[DB] Returning cached database connection
[Perf] Triggering save for btsnoopConnectionMap...
[DB] Returning cached database connection
[Perf] Triggering save for dashboardStats...
[DB] Returning cached database connection
[Perf] Saved logData to IndexedDB(non - blocking)
[Perf] Saved fileName to IndexedDB(non - blocking)
[Perf] Saved cccMessages to IndexedDB(non - blocking)
[Perf] Saved batteryDataPoints to IndexedDB(non - blocking)
[Perf] Saved thermalDataPoints to IndexedDB(non - blocking)
[Perf] Saved bleKeys to IndexedDB(non - blocking)
[Perf] Saved appVersions to IndexedDB(non - blocking)
[Perf] Saved highlights to IndexedDB(non - blocking)
[Perf] Saved btsnoopPackets to IndexedDB(non - blocking)
[Perf] Saved btsnoopConnectionEvents to IndexedDB(non - blocking)
[Perf] Saved btsnoopConnectionMap to IndexedDB(non - blocking)
[Perf] Saved dashboardStats to IndexedDB(non - blocking)
[Background] Starting background processing for BTSnoop/CCC...
[BTSnoop Debug] [MAIN.JS] Delegating to BtsnoopTab module...
[BTSnoop Debug] [BTSNOOPTAB.JS] processForBtsnoop called in BtsnoopTab with 1 tasks
[BTSnoop] [BTSNOOPTAB.JS] Starting BTSnoop Worker...
[BTSnoop] Worker code changed (v2025-12-14-18:00), clearing ALL cache...
[DB] Returning cached database connection
[Background] Processing complete.
[Click Debug] Target: BUTTON Classes: panel-toggle-btn ParentTable: undefined
[Perf] Executing debounced refreshActiveTab
[Perf] Filter state changed - re-filtering logs tab
[Debug] executeRefreshActiveTab: Levels=8, Keywords=1
[ApplyFilters Debug] logViewCollapseState size: 0, contents: []
[Main] After filtering: filteredLogLines.length = 0
[Perf] Resolving 1 pending refresh promises
[Perf] Executing debounced refreshActiveTab
[Perf] Filter state changed - re-filtering logs tab
[Debug] executeRefreshActiveTab: Levels=8, Keywords=2
[ApplyFilters Debug] logViewCollapseState size: 0, contents: []
[Main] After filtering: filteredLogLines.length = 0
[Perf] Resolving 1 pending refresh promises
[Perf] Executing debounced refreshActiveTab
[Perf] Filter state changed - re-filtering logs tab
[Debug] executeRefreshActiveTab: Levels=8, Keywords=3
[ApplyFilters Debug] logViewCollapseState size: 0, contents: []
[Main] After filtering: filteredLogLines.length = 0
[Perf] Resolving 1 pending refresh promises
[Perf] Executing debounced refreshActiveTab
[Perf] Filter state changed - re-filtering logs tab
[Debug] executeRefreshActiveTab: Levels=8, Keywords=4
[ApplyFilters Debug] logViewCollapseState size: 0, contents: []
[Main] After filtering: filteredLogLines.length = 0
[Perf] Resolving 1 pending refresh promises
[Perf] Executing debounced refreshActiveTab
[Perf] Filter state changed - re-filtering logs tab
[Debug] executeRefreshActiveTab: Levels=8, Keywords=5
[ApplyFilters Debug] logViewCollapseState size: 0, contents: []
[Main] After filtering: filteredLogLines.length = 0
[Perf] Resolving 1 pending refresh promises
]]>
</system-out>
</testcase>
<testcase name="Advanced Log Filtering › Special characters in search should not break filtering" classname="log_filtering_advanced.spec.js" time="47.721">
<system-out>
<![CDATA[[DB] Module Loaded
[Main] Module Loaded
[Perf] Initializing UI elements...
[Perf] UI Init complete.
[Init] clearStateBtn element: JSHandle@node
[DB] Opening IndexedDB logViewerDB v2
[Init] Attaching event listener to Clear & Reset button
[DB] Returning pending open promise
[DB] Upgrade Needed
[DB] Open Success
[Perf] Checking for persisted logs...
[DB] Returning cached database connection
[DB] Returning cached database connection
[Main] After filtering: filteredLogLines.length = 0
[Perf] Executing debounced refreshActiveTab
[Perf] Filter state changed - re-filtering logs tab
[Debug] executeRefreshActiveTab: Levels=8, Keywords=0
[Main] After filtering: filteredLogLines.length = 0
[Perf] Resolving 1 pending refresh promises
[Clear & Reset] Button clicked
[Clear & Reset] Starting complete database deletion...
[DB] Closing database connection
[DB] Database connection closed and state reset
[DB] Deleting database: logViewerDB
[Click Debug] Target: BUTTON Classes:  ParentTable: undefined
[DB] Database deleted successfully
[Clear & Reset] Database deleted successfully
[CccTab] State reset
[BTSnoop] Resetting BTSnoop state
[StatsTab] Reset called.
[BTSnoop] Resetting BTSnoop state
[Main] After filtering: filteredLogLines.length = 0
[Clear & Reset] Complete - application reset
[Perf] processFiles started with 1 files
[Perf] Calling clearPreviousState...
[CccTab] State reset
[BTSnoop] Resetting BTSnoop state
[StatsTab] Reset called.
[BTSnoop] Resetting BTSnoop state
[Perf] Calling clearData...
[DB] Opening IndexedDB logViewerDB v2
[DB] Upgrade Needed
[DB] Open Success
[DB] All data cleared
[Perf] clearData success
[Perf] clearPreviousState done.
[Main] Received chunk for filter_test.log: 1002 lines, total now: 1002
[Worker] Syncing data...
[Perf] Requesting save for logData...
[Perf] Requesting save for fileName...
[Perf] Requesting save for extended state...
[Main] Saving 0 BLE keys from main flow
[Time Range Debug] consolidatedMinTimestamp: 09-23 12:00:00.000
[Time Range Debug] consolidatedMaxTimestamp: 09-23 12:16:39.000
[Time Range Debug] minLogDate: Tue Sep 23 2025 17:30:00 GMT+0530 (India Standard Time)
[Time Range Debug] maxLogDate: Tue Sep 23 2025 17:46:39 GMT+0530 (India Standard Time)
[Sorting] Making table sortable: deviceEventsTable, 7 columns
[Sort] Applying default sort: deviceEventsTable, column 0, order desc 
[Sort] sortTable called: table = deviceEventsTable, column = 0, order = desc 
[Sort] ✓ Sorted deviceEventsTable successfully
[makeTableResizable] Called for table: deviceEventsTable
[makeTableResizable] Table element found: JSHandle@node
[makeTableResizable] thead found: JSHandle@node
[makeTableResizable] headerRow found: JSHandle@node
[makeTableResizable] Found 7 header cells
[makeTableResizable] Added resize handle to column 0
[makeTableResizable] Added resize handle to column 1
[makeTableResizable] Added resize handle to column 2
[makeTableResizable] Added resize handle to column 3
[makeTableResizable] Added resize handle to column 4
[makeTableResizable] Added resize handle to column 5
[makeTableResizable] Added resize handle to column 6
Table "deviceEventsTable" is now resizable
[Sorting] Making table sortable: btsnoopConnectionEventsTable, 8 columns
[Sort] Applying default sort: btsnoopConnectionEventsTable, column 1, order desc 
[Sort] sortTable called: table = btsnoopConnectionEventsTable, column = 1, order = desc 
[Sort] ✓ Sorted btsnoopConnectionEventsTable successfully
[makeTableResizable] Called for table: btsnoopConnectionEventsTable
[makeTableResizable] Table element found: JSHandle@node
[makeTableResizable] thead found: JSHandle@node
[makeTableResizable] headerRow found: JSHandle@node
[makeTableResizable] Found 8 header cells
[makeTableResizable] Added resize handle to column 0
[makeTableResizable] Added resize handle to column 1
[makeTableResizable] Added resize handle to column 2
[makeTableResizable] Added resize handle to column 3
[makeTableResizable] Added resize handle to column 4
[makeTableResizable] Added resize handle to column 5
[makeTableResizable] Added resize handle to column 6
[makeTableResizable] Added resize handle to column 7
Table "btsnoopConnectionEventsTable" is now resizable
[makeTableResizable] Called for table: appVersionsTable
[makeTableResizable] Table element found: JSHandle@node
[makeTableResizable] thead found: JSHandle@node
[makeTableResizable] headerRow found: JSHandle@node
[makeTableResizable] Found 2 header cells
[makeTableResizable] Added resize handle to column 0
[makeTableResizable] Added resize handle to column 1
Table "appVersionsTable" is now resizable
[Worker] Data loaded: 1002 lines
[Perf] Executing debounced refreshActiveTab
[Perf] Filter state changed - re-filtering logs tab
[Debug] executeRefreshActiveTab: Levels=8, Keywords=0
[ApplyFilters Debug] logViewCollapseState size: 0, contents: []
[Main] After filtering: filteredLogLines.length = 1002
[Perf] Resolving 1 pending refresh promises
[UI] Auto-collapsed left panel after file loading
[Perf] Triggering save for logData...
[DB] Returning cached database connection
[Perf] Triggering save for fileName...
[DB] Returning cached database connection
[Perf] Triggering save for cccMessages...
[DB] Returning cached database connection
[Perf] Triggering save for batteryDataPoints...
[DB] Returning cached database connection
[Perf] Triggering save for thermalDataPoints...
[DB] Returning cached database connection
[Perf] Triggering save for bleKeys...
[DB] Returning cached database connection
[Perf] Triggering save for appVersions...
[DB] Returning cached database connection
[Perf] Triggering save for highlights...
[DB] Returning cached database connection
[Perf] Triggering save for btsnoopPackets...
[DB] Returning cached database connection
[Perf] Triggering save for btsnoopConnectionEvents...
[DB] Returning cached database connection
[Perf] Triggering save for btsnoopConnectionMap...
[DB] Returning cached database connection
[Perf] Triggering save for dashboardStats...
[DB] Returning cached database connection
[Perf] Saved logData to IndexedDB(non - blocking)
[Perf] Saved fileName to IndexedDB(non - blocking)
[Perf] Saved cccMessages to IndexedDB(non - blocking)
[Perf] Saved batteryDataPoints to IndexedDB(non - blocking)
[Perf] Saved thermalDataPoints to IndexedDB(non - blocking)
[Perf] Saved bleKeys to IndexedDB(non - blocking)
[Perf] Saved appVersions to IndexedDB(non - blocking)
[Perf] Saved highlights to IndexedDB(non - blocking)
[Perf] Saved btsnoopPackets to IndexedDB(non - blocking)
[Perf] Saved btsnoopConnectionEvents to IndexedDB(non - blocking)
[Perf] Saved btsnoopConnectionMap to IndexedDB(non - blocking)
[Perf] Saved dashboardStats to IndexedDB(non - blocking)
[Background] Starting background processing for BTSnoop/CCC...
[BTSnoop Debug] [MAIN.JS] Delegating to BtsnoopTab module...
[BTSnoop Debug] [BTSNOOPTAB.JS] processForBtsnoop called in BtsnoopTab with 1 tasks
[BTSnoop] [BTSNOOPTAB.JS] Starting BTSnoop Worker...
[BTSnoop] Worker code changed (v2025-12-14-18:00), clearing ALL cache...
[DB] Returning cached database connection
[Background] Processing complete.
[Click Debug] Target: BUTTON Classes: panel-toggle-btn ParentTable: undefined
[Perf] Executing debounced refreshActiveTab
[Perf] Filter state changed - re-filtering logs tab
[Debug] executeRefreshActiveTab: Levels=8, Keywords=1
[ApplyFilters Debug] logViewCollapseState size: 0, contents: []
[Main] After filtering: filteredLogLines.length = 0
[Perf] Resolving 1 pending refresh promises
[Perf] Executing debounced refreshActiveTab
[Perf] Filter state changed - re-filtering logs tab
[Debug] executeRefreshActiveTab: Levels=8, Keywords=2
[ApplyFilters Debug] logViewCollapseState size: 0, contents: []
[Main] After filtering: filteredLogLines.length = 0
[Perf] Resolving 1 pending refresh promises
[Perf] Executing debounced refreshActiveTab
[Perf] Filter state changed - re-filtering logs tab
[Debug] executeRefreshActiveTab: Levels=8, Keywords=3
[ApplyFilters Debug] logViewCollapseState size: 0, contents: []
[Main] After filtering: filteredLogLines.length = 0
[Perf] Resolving 1 pending refresh promises
[Perf] Executing debounced refreshActiveTab
[Perf] Filter state changed - re-filtering logs tab
[Debug] executeRefreshActiveTab: Levels=8, Keywords=4
[ApplyFilters Debug] logViewCollapseState size: 0, contents: []
[Main] After filtering: filteredLogLines.length = 0
[Perf] Resolving 1 pending refresh promises
[Perf] Executing debounced refreshActiveTab
[Perf] Filter state changed - re-filtering logs tab
[Debug] executeRefreshActiveTab: Levels=8, Keywords=5
[ApplyFilters Debug] logViewCollapseState size: 0, contents: []
[Main] After filtering: filteredLogLines.length = 0
[Perf] Resolving 1 pending refresh promises
[Perf] Executing debounced refreshActiveTab
[Perf] Filter state changed - re-filtering logs tab
[Debug] executeRefreshActiveTab: Levels=8, Keywords=6
[ApplyFilters Debug] logViewCollapseState size: 0, contents: []
[Main] After filtering: filteredLogLines.length = 0
[Perf] Resolving 1 pending refresh promises
[Perf] Executing debounced refreshActiveTab
[Perf] Filter state changed - re-filtering logs tab
[Debug] executeRefreshActiveTab: Levels=8, Keywords=7
[ApplyFilters Debug] logViewCollapseState size: 0, contents: []
[Main] After filtering: filteredLogLines.length = 1002
[Perf] Resolving 1 pending refresh promises
[Perf] Executing debounced refreshActiveTab
[Perf] Filter state changed - re-filtering logs tab
[Debug] executeRefreshActiveTab: Levels=8, Keywords=8
[ApplyFilters Debug] logViewCollapseState size: 0, contents: []
[Main] After filtering: filteredLogLines.length = 1002
[Perf] Resolving 1 pending refresh promises
[Perf] Executing debounced refreshActiveTab
[Perf] Filter state changed - re-filtering logs tab
[Debug] executeRefreshActiveTab: Levels=8, Keywords=9
[ApplyFilters Debug] logViewCollapseState size: 0, contents: []
[Main] After filtering: filteredLogLines.length = 1002
[Perf] Resolving 1 pending refresh promises
[Perf] Executing debounced refreshActiveTab
[Perf] Filter state changed - re-filtering logs tab
[Debug] executeRefreshActiveTab: Levels=8, Keywords=10
[ApplyFilters Debug] logViewCollapseState size: 0, contents: []
[Main] After filtering: filteredLogLines.length = 1002
[Perf] Resolving 1 pending refresh promises
[Perf] Executing debounced refreshActiveTab
[Perf] Filter state changed - re-filtering logs tab
[Debug] executeRefreshActiveTab: Levels=8, Keywords=11
[ApplyFilters Debug] logViewCollapseState size: 0, contents: []
[Main] After filtering: filteredLogLines.length = 1002
[Perf] Resolving 1 pending refresh promises
[Perf] Executing debounced refreshActiveTab
[Perf] Filter state changed - re-filtering logs tab
[Debug] executeRefreshActiveTab: Levels=8, Keywords=12
[ApplyFilters Debug] logViewCollapseState size: 0, contents: []
[Main] After filtering: filteredLogLines.length = 1002
[Perf] Resolving 1 pending refresh promises
]]>
</system-out>
</testcase>
</testsuite>
</testsuites>