<testsuites id="" name="" tests="3" failures="3" skipped="0" errors="0" time="18.55817">
<testsuite name="btsnoop_layout.spec.js" timestamp="2025-12-14T14:14:57.697Z" hostname="chromium" tests="1" failures="1" skipped="0" time="12.332" errors="0">
<testcase name="BTSnoop Layout Alignment › Should verify that File Header does not overlap Table Header or Data Rows" classname="btsnoop_layout.spec.js" time="12.332">
<failure message="btsnoop_layout.spec.js:17:5 Should verify that File Header does not overlap Table Header or Data Rows" type="FAILURE">
<![CDATA[  [chromium] › btsnoop_layout.spec.js:17:5 › BTSnoop Layout Alignment › Should verify that File Header does not overlap Table Header or Data Rows 

    TimeoutError: page.waitForSelector: Timeout 10000ms exceeded.
    Call log:
      - waiting for locator('.btsnoop-file-header') to be visible

        at /home/rk/Documents/Android_log_parser (copy)/TestScripts/regression/btsnoop_layout.spec.js:35:20)
        at /home/rk/Documents/Android_log_parser (copy)/node_modules/playwright/lib/worker/workerMain.js:322:9)
        at /home/rk/Documents/Android_log_parser (copy)/node_modules/playwright/lib/worker/testInfo.js:311:11)
        at /home/rk/Documents/Android_log_parser (copy)/node_modules/playwright/lib/worker/workerMain.js:320:7)

    attachment #1: screenshot (image/png) ──────────────────────────────────────────────────────────
    ../../.config/TestReports/regression/artifacts/btsnoop_layout-BTSnoop-Lay-aaca3-p-Table-Header-or-Data-Rows-chromium/test-failed-1.png
    ────────────────────────────────────────────────────────────────────────────────────────────────

    attachment #2: video (video/webm) ──────────────────────────────────────────────────────────────
    ../../.config/TestReports/regression/artifacts/btsnoop_layout-BTSnoop-Lay-aaca3-p-Table-Header-or-Data-Rows-chromium/video.webm
    ────────────────────────────────────────────────────────────────────────────────────────────────

    Error Context: ../../.config/TestReports/regression/artifacts/btsnoop_layout-BTSnoop-Lay-aaca3-p-Table-Header-or-Data-Rows-chromium/error-context.md
]]>
</failure>
<system-out>
<![CDATA[
[[ATTACHMENT|artifacts/btsnoop_layout-BTSnoop-Lay-aaca3-p-Table-Header-or-Data-Rows-chromium/test-failed-1.png]]

[[ATTACHMENT|artifacts/btsnoop_layout-BTSnoop-Lay-aaca3-p-Table-Header-or-Data-Rows-chromium/video.webm]]

[[ATTACHMENT|artifacts/btsnoop_layout-BTSnoop-Lay-aaca3-p-Table-Header-or-Data-Rows-chromium/error-context.md]]
]]>
</system-out>
</testcase>
</testsuite>
<testsuite name="btsnoop_layout.spec.js" timestamp="2025-12-14T14:14:57.697Z" hostname="firefox" tests="1" failures="1" skipped="0" time="12.801" errors="0">
<testcase name="BTSnoop Layout Alignment › Should verify that File Header does not overlap Table Header or Data Rows" classname="btsnoop_layout.spec.js" time="12.801">
<failure message="btsnoop_layout.spec.js:17:5 Should verify that File Header does not overlap Table Header or Data Rows" type="FAILURE">
<![CDATA[  [firefox] › btsnoop_layout.spec.js:17:5 › BTSnoop Layout Alignment › Should verify that File Header does not overlap Table Header or Data Rows 

    TimeoutError: page.waitForSelector: Timeout 10000ms exceeded.
    Call log:
      - waiting for locator('.btsnoop-file-header') to be visible

        at /home/rk/Documents/Android_log_parser (copy)/TestScripts/regression/btsnoop_layout.spec.js:35:20)
        at /home/rk/Documents/Android_log_parser (copy)/node_modules/playwright/lib/worker/workerMain.js:322:9)
        at /home/rk/Documents/Android_log_parser (copy)/node_modules/playwright/lib/worker/testInfo.js:311:11)
        at /home/rk/Documents/Android_log_parser (copy)/node_modules/playwright/lib/worker/workerMain.js:320:7)

    attachment #1: screenshot (image/png) ──────────────────────────────────────────────────────────
    ../../.config/TestReports/regression/artifacts/btsnoop_layout-BTSnoop-Lay-aaca3-p-Table-Header-or-Data-Rows-firefox/test-failed-1.png
    ────────────────────────────────────────────────────────────────────────────────────────────────

    attachment #2: video (video/webm) ──────────────────────────────────────────────────────────────
    ../../.config/TestReports/regression/artifacts/btsnoop_layout-BTSnoop-Lay-aaca3-p-Table-Header-or-Data-Rows-firefox/video.webm
    ────────────────────────────────────────────────────────────────────────────────────────────────

    Error Context: ../../.config/TestReports/regression/artifacts/btsnoop_layout-BTSnoop-Lay-aaca3-p-Table-Header-or-Data-Rows-firefox/error-context.md
]]>
</failure>
<system-out>
<![CDATA[
[[ATTACHMENT|artifacts/btsnoop_layout-BTSnoop-Lay-aaca3-p-Table-Header-or-Data-Rows-firefox/test-failed-1.png]]

[[ATTACHMENT|artifacts/btsnoop_layout-BTSnoop-Lay-aaca3-p-Table-Header-or-Data-Rows-firefox/video.webm]]

[[ATTACHMENT|artifacts/btsnoop_layout-BTSnoop-Lay-aaca3-p-Table-Header-or-Data-Rows-firefox/error-context.md]]
]]>
</system-out>
</testcase>
</testsuite>
<testsuite name="btsnoop_layout.spec.js" timestamp="2025-12-14T14:14:57.697Z" hostname="webkit" tests="1" failures="1" skipped="0" time="14.45" errors="0">
<testcase name="BTSnoop Layout Alignment › Should verify that File Header does not overlap Table Header or Data Rows" classname="btsnoop_layout.spec.js" time="14.45">
<failure message="btsnoop_layout.spec.js:17:5 Should verify that File Header does not overlap Table Header or Data Rows" type="FAILURE">
<![CDATA[  [webkit] › btsnoop_layout.spec.js:17:5 › BTSnoop Layout Alignment › Should verify that File Header does not overlap Table Header or Data Rows 

    TimeoutError: page.waitForSelector: Timeout 10000ms exceeded.
    Call log:
      - waiting for locator('.btsnoop-file-header') to be visible

        at /home/rk/Documents/Android_log_parser (copy)/TestScripts/regression/btsnoop_layout.spec.js:35:20)
        at /home/rk/Documents/Android_log_parser (copy)/node_modules/playwright/lib/worker/workerMain.js:322:9)
        at /home/rk/Documents/Android_log_parser (copy)/node_modules/playwright/lib/worker/testInfo.js:311:11)
        at /home/rk/Documents/Android_log_parser (copy)/node_modules/playwright/lib/worker/workerMain.js:320:7)

    attachment #1: screenshot (image/png) ──────────────────────────────────────────────────────────
    ../../.config/TestReports/regression/artifacts/btsnoop_layout-BTSnoop-Lay-aaca3-p-Table-Header-or-Data-Rows-webkit/test-failed-1.png
    ────────────────────────────────────────────────────────────────────────────────────────────────

    attachment #2: video (video/webm) ──────────────────────────────────────────────────────────────
    ../../.config/TestReports/regression/artifacts/btsnoop_layout-BTSnoop-Lay-aaca3-p-Table-Header-or-Data-Rows-webkit/video.webm
    ────────────────────────────────────────────────────────────────────────────────────────────────

    Error Context: ../../.config/TestReports/regression/artifacts/btsnoop_layout-BTSnoop-Lay-aaca3-p-Table-Header-or-Data-Rows-webkit/error-context.md
]]>
</failure>
<system-out>
<![CDATA[
[[ATTACHMENT|artifacts/btsnoop_layout-BTSnoop-Lay-aaca3-p-Table-Header-or-Data-Rows-webkit/test-failed-1.png]]

[[ATTACHMENT|artifacts/btsnoop_layout-BTSnoop-Lay-aaca3-p-Table-Header-or-Data-Rows-webkit/video.webm]]

[[ATTACHMENT|artifacts/btsnoop_layout-BTSnoop-Lay-aaca3-p-Table-Header-or-Data-Rows-webkit/error-context.md]]
]]>
</system-out>
</testcase>
</testsuite>
</testsuites>