<testsuites id="" name="" tests="3" failures="0" skipped="0" errors="0" time="7.382195">
<testsuite name="app_initialization.spec.js" timestamp="2025-12-23T12:15:45.968Z" hostname="chromium" tests="3" failures="0" skipped="0" time="7.083" errors="0">
<testcase name="App Initialization › should initialize without console errors" classname="app_initialization.spec.js" time="3.078">
<system-out>
<![CDATA[[Browser Console] debug: [vite] connecting...
[Browser Console] log: [DB] Module Loaded
[Browser Console] log: [Main] Module Loaded
[Browser Console] log: [Perf] Initializing UI elements...
[Browser Console] log: [Perf] UI Init complete.
[Browser Console] log: [Init] clearStateBtn element: JSHandle@node
[Browser Console] log: [Init] Attaching event listener to Clear & Reset button
[Browser Console] log: [DB] Opening IndexedDB logViewerDB v2
[Browser Console] log: [DB] Upgrade Needed
[Browser Console] debug: [vite] connected.
[Browser Console] log: [DB] Open Success
[Browser Console] log: [Perf] Checking for persisted logs...
[Browser Console] log: [DB] Returning cached database connection
[Browser Console] log: [DB] Returning cached database connection
[Browser Console] log: [DB] Returning cached database connection
[Browser Console] log: [Main] After filtering: filteredLogLines.length = 0
[Browser Console] log: [DB] Returning cached database connection
[Browser Console] log: [Perf] Executing debounced refreshActiveTab
[Browser Console] log: [Perf] Filter state changed - re-filtering logs tab
[Browser Console] log: [Debug] executeRefreshActiveTab: Levels=8, Keywords=0
[Browser Console] log: [Main] After filtering: filteredLogLines.length = 0
[Browser Console] log: [DB] Returning cached database connection
[Browser Console] log: [Perf] Resolving 1 pending refresh promises
Console Errors: []
Page Errors: []
Console Warnings: []
]]>
</system-out>
</testcase>
<testcase name="App Initialization › should load main UI elements" classname="app_initialization.spec.js" time="2.014">
</testcase>
<testcase name="App Initialization › should have working state debugging" classname="app_initialization.spec.js" time="1.991">
</testcase>
</testsuite>
</testsuites>