<testsuites id="" name="" tests="57" failures="48" skipped="9" errors="0" time="58.331117">
<testsuite name="btsnoop_copy.spec.js" timestamp="2025-12-07T15:45:22.723Z" hostname="chromium" tests="1" failures="0" skipped="1" time="3.117" errors="0">
<testcase name="BTSnoop Layout &amp; Interaction › BTSnoop Copy Action should copy entire row" classname="btsnoop_copy.spec.js" time="3.117">
<properties>
<property name="skip" value="">
</property>
</properties>
<skipped>
</skipped>
</testcase>
</testsuite>
<testsuite name="btsnoop_load_bug.spec.js" timestamp="2025-12-07T15:45:22.723Z" hostname="chromium" tests="1" failures="0" skipped="1" time="2.619" errors="0">
<testcase name="BTSnoop Reload Behavior › Should reload BTSnoop logs when uploading ZIP while already on BTSnoop tab" classname="btsnoop_load_bug.spec.js" time="2.619">
<properties>
<property name="skip" value="">
</property>
</properties>
<skipped>
</skipped>
</testcase>
</testsuite>
<testsuite name="btsnoop_scroll.spec.js" timestamp="2025-12-07T15:45:22.723Z" hostname="chromium" tests="1" failures="1" skipped="0" time="1.317" errors="0">
<testcase name="BTSnoop Scroll Restoration on Filter Clear" classname="btsnoop_scroll.spec.js" time="1.317">
<failure message="btsnoop_scroll.spec.js:3:1 BTSnoop Scroll Restoration on Filter Clear" type="FAILURE">
<![CDATA[  [chromium] › btsnoop_scroll.spec.js:3:1 › BTSnoop Scroll Restoration on Filter Clear ─────────────

    Error: page.goto: net::ERR_FILE_NOT_FOUND at file:///home/rk/Documents/Android_log_parser%20(copy)/index.html
    Call log:
      - navigating to "file:///home/rk/Documents/Android_log_parser%20(copy)/index.html", waiting until "load"

        at /home/rk/Documents/Android_log_parser (copy)/tests/e2e/btsnoop_scroll.spec.js:5:16)
        at /home/rk/Documents/Android_log_parser (copy)/node_modules/playwright/lib/worker/workerMain.js:322:15)
        at /home/rk/Documents/Android_log_parser (copy)/node_modules/playwright/lib/worker/testInfo.js:311:17)
        at /home/rk/Documents/Android_log_parser (copy)/node_modules/playwright/lib/worker/workerMain.js:320:22)

    attachment #1: screenshot (image/png) ──────────────────────────────────────────────────────────
    ../../results/test-results/artifacts/btsnoop_scroll-BTSnoop-Scroll-Restoration-on-Filter-Clear-chromium/test-failed-1.png
    ────────────────────────────────────────────────────────────────────────────────────────────────

    attachment #2: video (video/webm) ──────────────────────────────────────────────────────────────
    ../../results/test-results/artifacts/btsnoop_scroll-BTSnoop-Scroll-Restoration-on-Filter-Clear-chromium/video.webm
    ────────────────────────────────────────────────────────────────────────────────────────────────
]]>
</failure>
<system-out>
<![CDATA[
[[ATTACHMENT|artifacts/btsnoop_scroll-BTSnoop-Scroll-Restoration-on-Filter-Clear-chromium/test-failed-1.png]]

[[ATTACHMENT|artifacts/btsnoop_scroll-BTSnoop-Scroll-Restoration-on-Filter-Clear-chromium/video.webm]]
]]>
</system-out>
</testcase>
</testsuite>
<testsuite name="datetime_filter.spec.js" timestamp="2025-12-07T15:45:22.723Z" hostname="chromium" tests="1" failures="1" skipped="0" time="11.877" errors="0">
<testcase name="DateTime Filter › should filter logs using date picker inputs" classname="datetime_filter.spec.js" time="11.877">
<failure message="datetime_filter.spec.js:9:5 should filter logs using date picker inputs" type="FAILURE">
<![CDATA[  [chromium] › datetime_filter.spec.js:9:5 › DateTime Filter › should filter logs using date picker inputs 

    Error: expect(locator).toBeVisible() failed

    Locator: locator('.log-line').filter({ hasText: 'Broadcast 6196' })
    Expected: visible
    Timeout: 5000ms
    Error: element(s) not found

    Call log:
      - Expect "toBeVisible" with timeout 5000ms
      - waiting for locator('.log-line').filter({ hasText: 'Broadcast 6196' })

        at /home/rk/Documents/Android_log_parser (copy)/tests/e2e/datetime_filter.spec.js:108:37)
        at /home/rk/Documents/Android_log_parser (copy)/node_modules/playwright/lib/worker/workerMain.js:322:9)
        at /home/rk/Documents/Android_log_parser (copy)/node_modules/playwright/lib/worker/testInfo.js:311:11)
        at /home/rk/Documents/Android_log_parser (copy)/node_modules/playwright/lib/worker/workerMain.js:320:7)

    attachment #1: screenshot (image/png) ──────────────────────────────────────────────────────────
    ../../results/test-results/artifacts/datetime_filter-DateTime-F-007a7-gs-using-date-picker-inputs-chromium/test-failed-1.png
    ────────────────────────────────────────────────────────────────────────────────────────────────

    attachment #2: video (video/webm) ──────────────────────────────────────────────────────────────
    ../../results/test-results/artifacts/datetime_filter-DateTime-F-007a7-gs-using-date-picker-inputs-chromium/video.webm
    ────────────────────────────────────────────────────────────────────────────────────────────────

    Error Context: ../../results/test-results/artifacts/datetime_filter-DateTime-F-007a7-gs-using-date-picker-inputs-chromium/error-context.md
]]>
</failure>
<system-out>
<![CDATA[Initial Time Range: 2025-01-01T10:00 to 2025-09-24T09:37
Min: 2025-01-01T10:00, Max: 2025-09-24T09:37
Testing specific log line filter: 09-24 09:37:31.974
Testing Broadcast 6196 log line filter: 09-24 09:37:31.974

[[ATTACHMENT|artifacts/datetime_filter-DateTime-F-007a7-gs-using-date-picker-inputs-chromium/test-failed-1.png]]

[[ATTACHMENT|artifacts/datetime_filter-DateTime-F-007a7-gs-using-date-picker-inputs-chromium/video.webm]]

[[ATTACHMENT|artifacts/datetime_filter-DateTime-F-007a7-gs-using-date-picker-inputs-chromium/error-context.md]]
]]>
</system-out>
</testcase>
</testsuite>
<testsuite name="file_collapse.spec.js" timestamp="2025-12-07T15:45:22.723Z" hostname="chromium" tests="1" failures="1" skipped="0" time="1.836" errors="0">
<testcase name="File Collapsing › should collapse and expand file sections when clicking headers" classname="file_collapse.spec.js" time="1.836">
<failure message="file_collapse.spec.js:9:5 should collapse and expand file sections when clicking headers" type="FAILURE">
<![CDATA[  [chromium] › file_collapse.spec.js:9:5 › File Collapsing › should collapse and expand file sections when clicking headers 

    Error: ENOENT: no such file or directory, stat '/home/rk/Documents/Android_log_parser (copy)/test-data/file1.txt'

    attachment #1: screenshot (image/png) ──────────────────────────────────────────────────────────
    ../../results/test-results/artifacts/file_collapse-File-Collaps-c2fcf-tions-when-clicking-headers-chromium/test-failed-1.png
    ────────────────────────────────────────────────────────────────────────────────────────────────

    attachment #2: video (video/webm) ──────────────────────────────────────────────────────────────
    ../../results/test-results/artifacts/file_collapse-File-Collaps-c2fcf-tions-when-clicking-headers-chromium/video.webm
    ────────────────────────────────────────────────────────────────────────────────────────────────

    Error Context: ../../results/test-results/artifacts/file_collapse-File-Collaps-c2fcf-tions-when-clicking-headers-chromium/error-context.md
]]>
</failure>
<system-out>
<![CDATA[
[[ATTACHMENT|artifacts/file_collapse-File-Collaps-c2fcf-tions-when-clicking-headers-chromium/test-failed-1.png]]

[[ATTACHMENT|artifacts/file_collapse-File-Collaps-c2fcf-tions-when-clicking-headers-chromium/video.webm]]

[[ATTACHMENT|artifacts/file_collapse-File-Collaps-c2fcf-tions-when-clicking-headers-chromium/error-context.md]]
]]>
</system-out>
</testcase>
</testsuite>
<testsuite name="file-upload.spec.js" timestamp="2025-12-07T15:45:22.723Z" hostname="chromium" tests="13" failures="13" skipped="0" time="8.33" errors="0">
<testcase name="UI Elements › should display initial UI correctly" classname="file-upload.spec.js" time="1.305">
<failure message="file-upload.spec.js:22:5 should display initial UI correctly" type="FAILURE">
<![CDATA[  [chromium] › file-upload.spec.js:22:5 › UI Elements › should display initial UI correctly ────────

    Error: page.goto: net::ERR_FILE_NOT_FOUND at file:///home/rk/Documents/Android_log_parser%20(copy)/index.html
    Call log:
      - navigating to "file:///home/rk/Documents/Android_log_parser%20(copy)/index.html", waiting until "load"

        at /home/rk/Documents/Android_log_parser (copy)/tests/e2e/file-upload.spec.js:18:20)
        at /home/rk/Documents/Android_log_parser (copy)/node_modules/playwright/lib/worker/fixtureRunner.js:228:52)
        at /home/rk/Documents/Android_log_parser (copy)/node_modules/playwright/lib/worker/testInfo.js:311:17)
        at /home/rk/Documents/Android_log_parser (copy)/node_modules/playwright/lib/worker/workerMain.js:478:11)
        at /home/rk/Documents/Android_log_parser (copy)/node_modules/playwright/lib/worker/workerMain.js:314:9)
        at /home/rk/Documents/Android_log_parser (copy)/node_modules/playwright/lib/worker/workerMain.js:310:7)

    attachment #1: screenshot (image/png) ──────────────────────────────────────────────────────────
    ../../results/test-results/artifacts/file-upload-UI-Elements-should-display-initial-UI-correctly-chromium/test-failed-1.png
    ────────────────────────────────────────────────────────────────────────────────────────────────

    attachment #2: video (video/webm) ──────────────────────────────────────────────────────────────
    ../../results/test-results/artifacts/file-upload-UI-Elements-should-display-initial-UI-correctly-chromium/video.webm
    ────────────────────────────────────────────────────────────────────────────────────────────────
]]>
</failure>
<system-out>
<![CDATA[
[[ATTACHMENT|artifacts/file-upload-UI-Elements-should-display-initial-UI-correctly-chromium/test-failed-1.png]]

[[ATTACHMENT|artifacts/file-upload-UI-Elements-should-display-initial-UI-correctly-chromium/video.webm]]
]]>
</system-out>
</testcase>
<testcase name="UI Elements › should have all required UI elements" classname="file-upload.spec.js" time="0.652">
<failure message="file-upload.spec.js:37:5 should have all required UI elements" type="FAILURE">
<![CDATA[  [chromium] › file-upload.spec.js:37:5 › UI Elements › should have all required UI elements ───────

    Error: page.goto: net::ERR_FILE_NOT_FOUND at file:///home/rk/Documents/Android_log_parser%20(copy)/index.html
    Call log:
      - navigating to "file:///home/rk/Documents/Android_log_parser%20(copy)/index.html", waiting until "load"

        at /home/rk/Documents/Android_log_parser (copy)/tests/e2e/file-upload.spec.js:18:20)
        at /home/rk/Documents/Android_log_parser (copy)/node_modules/playwright/lib/worker/fixtureRunner.js:228:52)
        at /home/rk/Documents/Android_log_parser (copy)/node_modules/playwright/lib/worker/testInfo.js:311:17)
        at /home/rk/Documents/Android_log_parser (copy)/node_modules/playwright/lib/worker/workerMain.js:478:11)
        at /home/rk/Documents/Android_log_parser (copy)/node_modules/playwright/lib/worker/workerMain.js:314:9)
        at /home/rk/Documents/Android_log_parser (copy)/node_modules/playwright/lib/worker/workerMain.js:310:7)

    attachment #1: screenshot (image/png) ──────────────────────────────────────────────────────────
    ../../results/test-results/artifacts/file-upload-UI-Elements-should-have-all-required-UI-elements-chromium/test-failed-1.png
    ────────────────────────────────────────────────────────────────────────────────────────────────

    attachment #2: video (video/webm) ──────────────────────────────────────────────────────────────
    ../../results/test-results/artifacts/file-upload-UI-Elements-should-have-all-required-UI-elements-chromium/video.webm
    ────────────────────────────────────────────────────────────────────────────────────────────────
]]>
</failure>
<system-out>
<![CDATA[
[[ATTACHMENT|artifacts/file-upload-UI-Elements-should-have-all-required-UI-elements-chromium/test-failed-1.png]]

[[ATTACHMENT|artifacts/file-upload-UI-Elements-should-have-all-required-UI-elements-chromium/video.webm]]
]]>
</system-out>
</testcase>
<testcase name="UI Elements › should load page within 3 seconds" classname="file-upload.spec.js" time="0.682">
<failure message="file-upload.spec.js:51:5 should load page within 3 seconds" type="FAILURE">
<![CDATA[  [chromium] › file-upload.spec.js:51:5 › UI Elements › should load page within 3 seconds ──────────

    Error: page.goto: net::ERR_FILE_NOT_FOUND at file:///home/rk/Documents/Android_log_parser%20(copy)/index.html
    Call log:
      - navigating to "file:///home/rk/Documents/Android_log_parser%20(copy)/index.html", waiting until "load"

        at /home/rk/Documents/Android_log_parser (copy)/tests/e2e/file-upload.spec.js:18:20)
        at /home/rk/Documents/Android_log_parser (copy)/node_modules/playwright/lib/worker/fixtureRunner.js:228:52)
        at /home/rk/Documents/Android_log_parser (copy)/node_modules/playwright/lib/worker/testInfo.js:311:17)
        at /home/rk/Documents/Android_log_parser (copy)/node_modules/playwright/lib/worker/workerMain.js:478:11)
        at /home/rk/Documents/Android_log_parser (copy)/node_modules/playwright/lib/worker/workerMain.js:314:9)
        at /home/rk/Documents/Android_log_parser (copy)/node_modules/playwright/lib/worker/workerMain.js:310:7)

    attachment #1: screenshot (image/png) ──────────────────────────────────────────────────────────
    ../../results/test-results/artifacts/file-upload-UI-Elements-should-load-page-within-3-seconds-chromium/test-failed-1.png
    ────────────────────────────────────────────────────────────────────────────────────────────────

    attachment #2: video (video/webm) ──────────────────────────────────────────────────────────────
    ../../results/test-results/artifacts/file-upload-UI-Elements-should-load-page-within-3-seconds-chromium/video.webm
    ────────────────────────────────────────────────────────────────────────────────────────────────
]]>
</failure>
<system-out>
<![CDATA[
[[ATTACHMENT|artifacts/file-upload-UI-Elements-should-load-page-within-3-seconds-chromium/test-failed-1.png]]

[[ATTACHMENT|artifacts/file-upload-UI-Elements-should-load-page-within-3-seconds-chromium/video.webm]]
]]>
</system-out>
</testcase>
<testcase name="Tab Navigation › should switch between tabs" classname="file-upload.spec.js" time="0.496">
<failure message="file-upload.spec.js:70:5 should switch between tabs" type="FAILURE">
<![CDATA[  [chromium] › file-upload.spec.js:70:5 › Tab Navigation › should switch between tabs ──────────────

    Error: page.goto: net::ERR_FILE_NOT_FOUND at file:///home/rk/Documents/Android_log_parser%20(copy)/index.html
    Call log:
      - navigating to "file:///home/rk/Documents/Android_log_parser%20(copy)/index.html", waiting until "load"

        at /home/rk/Documents/Android_log_parser (copy)/tests/e2e/file-upload.spec.js:66:20)
        at /home/rk/Documents/Android_log_parser (copy)/node_modules/playwright/lib/worker/fixtureRunner.js:228:52)
        at /home/rk/Documents/Android_log_parser (copy)/node_modules/playwright/lib/worker/testInfo.js:311:17)
        at /home/rk/Documents/Android_log_parser (copy)/node_modules/playwright/lib/worker/workerMain.js:478:11)
        at /home/rk/Documents/Android_log_parser (copy)/node_modules/playwright/lib/worker/workerMain.js:314:9)
        at /home/rk/Documents/Android_log_parser (copy)/node_modules/playwright/lib/worker/workerMain.js:310:7)

    attachment #1: screenshot (image/png) ──────────────────────────────────────────────────────────
    ../../results/test-results/artifacts/file-upload-Tab-Navigation-should-switch-between-tabs-chromium/test-failed-1.png
    ────────────────────────────────────────────────────────────────────────────────────────────────

    attachment #2: video (video/webm) ──────────────────────────────────────────────────────────────
    ../../results/test-results/artifacts/file-upload-Tab-Navigation-should-switch-between-tabs-chromium/video.webm
    ────────────────────────────────────────────────────────────────────────────────────────────────
]]>
</failure>
<system-out>
<![CDATA[
[[ATTACHMENT|artifacts/file-upload-Tab-Navigation-should-switch-between-tabs-chromium/test-failed-1.png]]

[[ATTACHMENT|artifacts/file-upload-Tab-Navigation-should-switch-between-tabs-chromium/video.webm]]
]]>
</system-out>
</testcase>
<testcase name="Tab Navigation › should have connectivity tab" classname="file-upload.spec.js" time="0.48">
<failure message="file-upload.spec.js:87:5 should have connectivity tab" type="FAILURE">
<![CDATA[  [chromium] › file-upload.spec.js:87:5 › Tab Navigation › should have connectivity tab ────────────

    Error: page.goto: net::ERR_FILE_NOT_FOUND at file:///home/rk/Documents/Android_log_parser%20(copy)/index.html
    Call log:
      - navigating to "file:///home/rk/Documents/Android_log_parser%20(copy)/index.html", waiting until "load"

        at /home/rk/Documents/Android_log_parser (copy)/tests/e2e/file-upload.spec.js:66:20)
        at /home/rk/Documents/Android_log_parser (copy)/node_modules/playwright/lib/worker/fixtureRunner.js:228:52)
        at /home/rk/Documents/Android_log_parser (copy)/node_modules/playwright/lib/worker/testInfo.js:311:17)
        at /home/rk/Documents/Android_log_parser (copy)/node_modules/playwright/lib/worker/workerMain.js:478:11)
        at /home/rk/Documents/Android_log_parser (copy)/node_modules/playwright/lib/worker/workerMain.js:314:9)
        at /home/rk/Documents/Android_log_parser (copy)/node_modules/playwright/lib/worker/workerMain.js:310:7)

    attachment #1: screenshot (image/png) ──────────────────────────────────────────────────────────
    ../../results/test-results/artifacts/file-upload-Tab-Navigation-should-have-connectivity-tab-chromium/test-failed-1.png
    ────────────────────────────────────────────────────────────────────────────────────────────────

    attachment #2: video (video/webm) ──────────────────────────────────────────────────────────────
    ../../results/test-results/artifacts/file-upload-Tab-Navigation-should-have-connectivity-tab-chromium/video.webm
    ────────────────────────────────────────────────────────────────────────────────────────────────
]]>
</failure>
<system-out>
<![CDATA[
[[ATTACHMENT|artifacts/file-upload-Tab-Navigation-should-have-connectivity-tab-chromium/test-failed-1.png]]

[[ATTACHMENT|artifacts/file-upload-Tab-Navigation-should-have-connectivity-tab-chromium/video.webm]]
]]>
</system-out>
</testcase>
<testcase name="Tab Navigation › should have stats tab" classname="file-upload.spec.js" time="0.346">
<failure message="file-upload.spec.js:92:5 should have stats tab" type="FAILURE">
<![CDATA[  [chromium] › file-upload.spec.js:92:5 › Tab Navigation › should have stats tab ───────────────────

    Error: page.goto: net::ERR_FILE_NOT_FOUND at file:///home/rk/Documents/Android_log_parser%20(copy)/index.html
    Call log:
      - navigating to "file:///home/rk/Documents/Android_log_parser%20(copy)/index.html", waiting until "load"

        at /home/rk/Documents/Android_log_parser (copy)/tests/e2e/file-upload.spec.js:66:20)
        at /home/rk/Documents/Android_log_parser (copy)/node_modules/playwright/lib/worker/fixtureRunner.js:228:52)
        at /home/rk/Documents/Android_log_parser (copy)/node_modules/playwright/lib/worker/testInfo.js:311:17)
        at /home/rk/Documents/Android_log_parser (copy)/node_modules/playwright/lib/worker/workerMain.js:478:11)
        at /home/rk/Documents/Android_log_parser (copy)/node_modules/playwright/lib/worker/workerMain.js:314:9)
        at /home/rk/Documents/Android_log_parser (copy)/node_modules/playwright/lib/worker/workerMain.js:310:7)

    attachment #1: screenshot (image/png) ──────────────────────────────────────────────────────────
    ../../results/test-results/artifacts/file-upload-Tab-Navigation-should-have-stats-tab-chromium/test-failed-1.png
    ────────────────────────────────────────────────────────────────────────────────────────────────

    attachment #2: video (video/webm) ──────────────────────────────────────────────────────────────
    ../../results/test-results/artifacts/file-upload-Tab-Navigation-should-have-stats-tab-chromium/video.webm
    ────────────────────────────────────────────────────────────────────────────────────────────────
]]>
</failure>
<system-out>
<![CDATA[
[[ATTACHMENT|artifacts/file-upload-Tab-Navigation-should-have-stats-tab-chromium/test-failed-1.png]]

[[ATTACHMENT|artifacts/file-upload-Tab-Navigation-should-have-stats-tab-chromium/video.webm]]
]]>
</system-out>
</testcase>
<testcase name="Filter Controls › should have log level filter buttons" classname="file-upload.spec.js" time="0.511">
<failure message="file-upload.spec.js:104:5 should have log level filter buttons" type="FAILURE">
<![CDATA[  [chromium] › file-upload.spec.js:104:5 › Filter Controls › should have log level filter buttons ──

    Error: page.goto: net::ERR_FILE_NOT_FOUND at file:///home/rk/Documents/Android_log_parser%20(copy)/index.html
    Call log:
      - navigating to "file:///home/rk/Documents/Android_log_parser%20(copy)/index.html", waiting until "load"

        at /home/rk/Documents/Android_log_parser (copy)/tests/e2e/file-upload.spec.js:100:20)
        at /home/rk/Documents/Android_log_parser (copy)/node_modules/playwright/lib/worker/fixtureRunner.js:228:52)
        at /home/rk/Documents/Android_log_parser (copy)/node_modules/playwright/lib/worker/testInfo.js:311:17)
        at /home/rk/Documents/Android_log_parser (copy)/node_modules/playwright/lib/worker/workerMain.js:478:11)
        at /home/rk/Documents/Android_log_parser (copy)/node_modules/playwright/lib/worker/workerMain.js:314:9)
        at /home/rk/Documents/Android_log_parser (copy)/node_modules/playwright/lib/worker/workerMain.js:310:7)

    attachment #1: screenshot (image/png) ──────────────────────────────────────────────────────────
    ../../results/test-results/artifacts/file-upload-Filter-Control-db7e9-ve-log-level-filter-buttons-chromium/test-failed-1.png
    ────────────────────────────────────────────────────────────────────────────────────────────────

    attachment #2: video (video/webm) ──────────────────────────────────────────────────────────────
    ../../results/test-results/artifacts/file-upload-Filter-Control-db7e9-ve-log-level-filter-buttons-chromium/video.webm
    ────────────────────────────────────────────────────────────────────────────────────────────────
]]>
</failure>
<system-out>
<![CDATA[
[[ATTACHMENT|artifacts/file-upload-Filter-Control-db7e9-ve-log-level-filter-buttons-chromium/test-failed-1.png]]

[[ATTACHMENT|artifacts/file-upload-Filter-Control-db7e9-ve-log-level-filter-buttons-chromium/video.webm]]
]]>
</system-out>
</testcase>
<testcase name="Filter Controls › should have AND/OR logic toggle" classname="file-upload.spec.js" time="0.522">
<failure message="file-upload.spec.js:115:5 should have AND/OR logic toggle" type="FAILURE">
<![CDATA[  [chromium] › file-upload.spec.js:115:5 › Filter Controls › should have AND/OR logic toggle ───────

    Error: page.goto: net::ERR_FILE_NOT_FOUND at file:///home/rk/Documents/Android_log_parser%20(copy)/index.html
    Call log:
      - navigating to "file:///home/rk/Documents/Android_log_parser%20(copy)/index.html", waiting until "load"

        at /home/rk/Documents/Android_log_parser (copy)/tests/e2e/file-upload.spec.js:100:20)
        at /home/rk/Documents/Android_log_parser (copy)/node_modules/playwright/lib/worker/fixtureRunner.js:228:52)
        at /home/rk/Documents/Android_log_parser (copy)/node_modules/playwright/lib/worker/testInfo.js:311:17)
        at /home/rk/Documents/Android_log_parser (copy)/node_modules/playwright/lib/worker/workerMain.js:478:11)
        at /home/rk/Documents/Android_log_parser (copy)/node_modules/playwright/lib/worker/workerMain.js:314:9)
        at /home/rk/Documents/Android_log_parser (copy)/node_modules/playwright/lib/worker/workerMain.js:310:7)

    attachment #1: screenshot (image/png) ──────────────────────────────────────────────────────────
    ../../results/test-results/artifacts/file-upload-Filter-Controls-should-have-AND-OR-logic-toggle-chromium/test-failed-1.png
    ────────────────────────────────────────────────────────────────────────────────────────────────

    attachment #2: video (video/webm) ──────────────────────────────────────────────────────────────
    ../../results/test-results/artifacts/file-upload-Filter-Controls-should-have-AND-OR-logic-toggle-chromium/video.webm
    ────────────────────────────────────────────────────────────────────────────────────────────────
]]>
</failure>
<system-out>
<![CDATA[
[[ATTACHMENT|artifacts/file-upload-Filter-Controls-should-have-AND-OR-logic-toggle-chromium/test-failed-1.png]]

[[ATTACHMENT|artifacts/file-upload-Filter-Controls-should-have-AND-OR-logic-toggle-chromium/video.webm]]
]]>
</system-out>
</testcase>
<testcase name="Filter Controls › should toggle between AND/OR logic" classname="file-upload.spec.js" time="0.725">
<failure message="file-upload.spec.js:123:5 should toggle between AND/OR logic" type="FAILURE">
<![CDATA[  [chromium] › file-upload.spec.js:123:5 › Filter Controls › should toggle between AND/OR logic ────

    Error: page.goto: net::ERR_FILE_NOT_FOUND at file:///home/rk/Documents/Android_log_parser%20(copy)/index.html
    Call log:
      - navigating to "file:///home/rk/Documents/Android_log_parser%20(copy)/index.html", waiting until "load"

        at /home/rk/Documents/Android_log_parser (copy)/tests/e2e/file-upload.spec.js:100:20)
        at /home/rk/Documents/Android_log_parser (copy)/node_modules/playwright/lib/worker/fixtureRunner.js:228:52)
        at /home/rk/Documents/Android_log_parser (copy)/node_modules/playwright/lib/worker/testInfo.js:311:17)
        at /home/rk/Documents/Android_log_parser (copy)/node_modules/playwright/lib/worker/workerMain.js:478:11)
        at /home/rk/Documents/Android_log_parser (copy)/node_modules/playwright/lib/worker/workerMain.js:314:9)
        at /home/rk/Documents/Android_log_parser (copy)/node_modules/playwright/lib/worker/workerMain.js:310:7)

    attachment #1: screenshot (image/png) ──────────────────────────────────────────────────────────
    ../../results/test-results/artifacts/file-upload-Filter-Control-e5426-toggle-between-AND-OR-logic-chromium/test-failed-1.png
    ────────────────────────────────────────────────────────────────────────────────────────────────

    attachment #2: video (video/webm) ──────────────────────────────────────────────────────────────
    ../../results/test-results/artifacts/file-upload-Filter-Control-e5426-toggle-between-AND-OR-logic-chromium/video.webm
    ────────────────────────────────────────────────────────────────────────────────────────────────
]]>
</failure>
<system-out>
<![CDATA[
[[ATTACHMENT|artifacts/file-upload-Filter-Control-e5426-toggle-between-AND-OR-logic-chromium/test-failed-1.png]]

[[ATTACHMENT|artifacts/file-upload-Filter-Control-e5426-toggle-between-AND-OR-logic-chromium/video.webm]]
]]>
</system-out>
</testcase>
<testcase name="Filter Controls › should have search input" classname="file-upload.spec.js" time="0.69">
<failure message="file-upload.spec.js:144:5 should have search input" type="FAILURE">
<![CDATA[  [chromium] › file-upload.spec.js:144:5 › Filter Controls › should have search input ──────────────

    Error: page.goto: net::ERR_FILE_NOT_FOUND at file:///home/rk/Documents/Android_log_parser%20(copy)/index.html
    Call log:
      - navigating to "file:///home/rk/Documents/Android_log_parser%20(copy)/index.html", waiting until "load"

        at /home/rk/Documents/Android_log_parser (copy)/tests/e2e/file-upload.spec.js:100:20)
        at /home/rk/Documents/Android_log_parser (copy)/node_modules/playwright/lib/worker/fixtureRunner.js:228:52)
        at /home/rk/Documents/Android_log_parser (copy)/node_modules/playwright/lib/worker/testInfo.js:311:17)
        at /home/rk/Documents/Android_log_parser (copy)/node_modules/playwright/lib/worker/workerMain.js:478:11)
        at /home/rk/Documents/Android_log_parser (copy)/node_modules/playwright/lib/worker/workerMain.js:314:9)
        at /home/rk/Documents/Android_log_parser (copy)/node_modules/playwright/lib/worker/workerMain.js:310:7)

    attachment #1: screenshot (image/png) ──────────────────────────────────────────────────────────
    ../../results/test-results/artifacts/file-upload-Filter-Controls-should-have-search-input-chromium/test-failed-1.png
    ────────────────────────────────────────────────────────────────────────────────────────────────

    attachment #2: video (video/webm) ──────────────────────────────────────────────────────────────
    ../../results/test-results/artifacts/file-upload-Filter-Controls-should-have-search-input-chromium/video.webm
    ────────────────────────────────────────────────────────────────────────────────────────────────
]]>
</failure>
<system-out>
<![CDATA[
[[ATTACHMENT|artifacts/file-upload-Filter-Controls-should-have-search-input-chromium/test-failed-1.png]]

[[ATTACHMENT|artifacts/file-upload-Filter-Controls-should-have-search-input-chromium/video.webm]]
]]>
</system-out>
</testcase>
<testcase name="Performance Tracker › should have performance tracker available in console" classname="file-upload.spec.js" time="0.603">
<failure message="file-upload.spec.js:161:5 should have performance tracker available in console" type="FAILURE">
<![CDATA[  [chromium] › file-upload.spec.js:161:5 › Performance Tracker › should have performance tracker available in console 

    Error: page.goto: net::ERR_FILE_NOT_FOUND at file:///home/rk/Documents/Android_log_parser%20(copy)/index.html
    Call log:
      - navigating to "file:///home/rk/Documents/Android_log_parser%20(copy)/index.html", waiting until "load"

        at /home/rk/Documents/Android_log_parser (copy)/tests/e2e/file-upload.spec.js:157:20)
        at /home/rk/Documents/Android_log_parser (copy)/node_modules/playwright/lib/worker/fixtureRunner.js:228:52)
        at /home/rk/Documents/Android_log_parser (copy)/node_modules/playwright/lib/worker/testInfo.js:311:17)
        at /home/rk/Documents/Android_log_parser (copy)/node_modules/playwright/lib/worker/workerMain.js:478:11)
        at /home/rk/Documents/Android_log_parser (copy)/node_modules/playwright/lib/worker/workerMain.js:314:9)
        at /home/rk/Documents/Android_log_parser (copy)/node_modules/playwright/lib/worker/workerMain.js:310:7)

    attachment #1: screenshot (image/png) ──────────────────────────────────────────────────────────
    ../../results/test-results/artifacts/file-upload-Performance-Tr-f699e-racker-available-in-console-chromium/test-failed-1.png
    ────────────────────────────────────────────────────────────────────────────────────────────────

    attachment #2: video (video/webm) ──────────────────────────────────────────────────────────────
    ../../results/test-results/artifacts/file-upload-Performance-Tr-f699e-racker-available-in-console-chromium/video.webm
    ────────────────────────────────────────────────────────────────────────────────────────────────
]]>
</failure>
<system-out>
<![CDATA[
[[ATTACHMENT|artifacts/file-upload-Performance-Tr-f699e-racker-available-in-console-chromium/test-failed-1.png]]

[[ATTACHMENT|artifacts/file-upload-Performance-Tr-f699e-racker-available-in-console-chromium/video.webm]]
]]>
</system-out>
</testcase>
<testcase name="Accessibility › should be keyboard navigable" classname="file-upload.spec.js" time="0.683">
<failure message="file-upload.spec.js:179:5 should be keyboard navigable" type="FAILURE">
<![CDATA[  [chromium] › file-upload.spec.js:179:5 › Accessibility › should be keyboard navigable ────────────

    Error: page.goto: net::ERR_FILE_NOT_FOUND at file:///home/rk/Documents/Android_log_parser%20(copy)/index.html
    Call log:
      - navigating to "file:///home/rk/Documents/Android_log_parser%20(copy)/index.html", waiting until "load"

        at /home/rk/Documents/Android_log_parser (copy)/tests/e2e/file-upload.spec.js:175:20)
        at /home/rk/Documents/Android_log_parser (copy)/node_modules/playwright/lib/worker/fixtureRunner.js:228:52)
        at /home/rk/Documents/Android_log_parser (copy)/node_modules/playwright/lib/worker/testInfo.js:311:17)
        at /home/rk/Documents/Android_log_parser (copy)/node_modules/playwright/lib/worker/workerMain.js:478:11)
        at /home/rk/Documents/Android_log_parser (copy)/node_modules/playwright/lib/worker/workerMain.js:314:9)
        at /home/rk/Documents/Android_log_parser (copy)/node_modules/playwright/lib/worker/workerMain.js:310:7)

    attachment #1: screenshot (image/png) ──────────────────────────────────────────────────────────
    ../../results/test-results/artifacts/file-upload-Accessibility-should-be-keyboard-navigable-chromium/test-failed-1.png
    ────────────────────────────────────────────────────────────────────────────────────────────────

    attachment #2: video (video/webm) ──────────────────────────────────────────────────────────────
    ../../results/test-results/artifacts/file-upload-Accessibility-should-be-keyboard-navigable-chromium/video.webm
    ────────────────────────────────────────────────────────────────────────────────────────────────
]]>
</failure>
<system-out>
<![CDATA[
[[ATTACHMENT|artifacts/file-upload-Accessibility-should-be-keyboard-navigable-chromium/test-failed-1.png]]

[[ATTACHMENT|artifacts/file-upload-Accessibility-should-be-keyboard-navigable-chromium/video.webm]]
]]>
</system-out>
</testcase>
<testcase name="Accessibility › should have proper document title" classname="file-upload.spec.js" time="0.635">
<failure message="file-upload.spec.js:193:5 should have proper document title" type="FAILURE">
<![CDATA[  [chromium] › file-upload.spec.js:193:5 › Accessibility › should have proper document title ───────

    Error: page.goto: net::ERR_FILE_NOT_FOUND at file:///home/rk/Documents/Android_log_parser%20(copy)/index.html
    Call log:
      - navigating to "file:///home/rk/Documents/Android_log_parser%20(copy)/index.html", waiting until "load"

        at /home/rk/Documents/Android_log_parser (copy)/tests/e2e/file-upload.spec.js:175:20)
        at /home/rk/Documents/Android_log_parser (copy)/node_modules/playwright/lib/worker/fixtureRunner.js:228:52)
        at /home/rk/Documents/Android_log_parser (copy)/node_modules/playwright/lib/worker/testInfo.js:311:17)
        at /home/rk/Documents/Android_log_parser (copy)/node_modules/playwright/lib/worker/workerMain.js:478:11)
        at /home/rk/Documents/Android_log_parser (copy)/node_modules/playwright/lib/worker/workerMain.js:314:9)
        at /home/rk/Documents/Android_log_parser (copy)/node_modules/playwright/lib/worker/workerMain.js:310:7)

    attachment #1: screenshot (image/png) ──────────────────────────────────────────────────────────
    ../../results/test-results/artifacts/file-upload-Accessibility-should-have-proper-document-title-chromium/test-failed-1.png
    ────────────────────────────────────────────────────────────────────────────────────────────────

    attachment #2: video (video/webm) ──────────────────────────────────────────────────────────────
    ../../results/test-results/artifacts/file-upload-Accessibility-should-have-proper-document-title-chromium/video.webm
    ────────────────────────────────────────────────────────────────────────────────────────────────
]]>
</failure>
<system-out>
<![CDATA[
[[ATTACHMENT|artifacts/file-upload-Accessibility-should-have-proper-document-title-chromium/test-failed-1.png]]

[[ATTACHMENT|artifacts/file-upload-Accessibility-should-have-proper-document-title-chromium/video.webm]]
]]>
</system-out>
</testcase>
</testsuite>
<testsuite name="reproduce_issue.spec.js" timestamp="2025-12-07T15:45:22.723Z" hostname="chromium" tests="1" failures="0" skipped="1" time="1.431" errors="0">
<testcase name="BTSnoop Scroll Restoration Reproduction › Reproduce scroll jumping issue when changing filters with selected packet" classname="reproduce_issue.spec.js" time="1.431">
<properties>
<property name="skip" value="">
</property>
</properties>
<skipped>
</skipped>
</testcase>
</testsuite>
<testsuite name="btsnoop_copy.spec.js" timestamp="2025-12-07T15:45:22.723Z" hostname="firefox" tests="1" failures="0" skipped="1" time="4.097" errors="0">
<testcase name="BTSnoop Layout &amp; Interaction › BTSnoop Copy Action should copy entire row" classname="btsnoop_copy.spec.js" time="4.097">
<properties>
<property name="skip" value="">
</property>
</properties>
<skipped>
</skipped>
</testcase>
</testsuite>
<testsuite name="btsnoop_load_bug.spec.js" timestamp="2025-12-07T15:45:22.723Z" hostname="firefox" tests="1" failures="0" skipped="1" time="3.742" errors="0">
<testcase name="BTSnoop Reload Behavior › Should reload BTSnoop logs when uploading ZIP while already on BTSnoop tab" classname="btsnoop_load_bug.spec.js" time="3.742">
<properties>
<property name="skip" value="">
</property>
</properties>
<skipped>
</skipped>
</testcase>
</testsuite>
<testsuite name="btsnoop_scroll.spec.js" timestamp="2025-12-07T15:45:22.723Z" hostname="firefox" tests="1" failures="1" skipped="0" time="4.385" errors="0">
<testcase name="BTSnoop Scroll Restoration on Filter Clear" classname="btsnoop_scroll.spec.js" time="4.385">
<failure message="btsnoop_scroll.spec.js:3:1 BTSnoop Scroll Restoration on Filter Clear" type="FAILURE">
<![CDATA[  [firefox] › btsnoop_scroll.spec.js:3:1 › BTSnoop Scroll Restoration on Filter Clear ──────────────

    Error: page.goto: NS_ERROR_FILE_NOT_FOUND
    Call log:
      - navigating to "file:///home/rk/Documents/Android_log_parser%20(copy)/index.html", waiting until "load"

        at /home/rk/Documents/Android_log_parser (copy)/tests/e2e/btsnoop_scroll.spec.js:5:16)
        at /home/rk/Documents/Android_log_parser (copy)/node_modules/playwright/lib/worker/workerMain.js:322:15)
        at /home/rk/Documents/Android_log_parser (copy)/node_modules/playwright/lib/worker/testInfo.js:311:17)
        at /home/rk/Documents/Android_log_parser (copy)/node_modules/playwright/lib/worker/workerMain.js:320:22)

    attachment #1: screenshot (image/png) ──────────────────────────────────────────────────────────
    ../../results/test-results/artifacts/btsnoop_scroll-BTSnoop-Scroll-Restoration-on-Filter-Clear-firefox/test-failed-1.png
    ────────────────────────────────────────────────────────────────────────────────────────────────

    attachment #2: video (video/webm) ──────────────────────────────────────────────────────────────
    ../../results/test-results/artifacts/btsnoop_scroll-BTSnoop-Scroll-Restoration-on-Filter-Clear-firefox/video.webm
    ────────────────────────────────────────────────────────────────────────────────────────────────

    Error Context: ../../results/test-results/artifacts/btsnoop_scroll-BTSnoop-Scroll-Restoration-on-Filter-Clear-firefox/error-context.md
]]>
</failure>
<system-out>
<![CDATA[
[[ATTACHMENT|artifacts/btsnoop_scroll-BTSnoop-Scroll-Restoration-on-Filter-Clear-firefox/test-failed-1.png]]

[[ATTACHMENT|artifacts/btsnoop_scroll-BTSnoop-Scroll-Restoration-on-Filter-Clear-firefox/video.webm]]

[[ATTACHMENT|artifacts/btsnoop_scroll-BTSnoop-Scroll-Restoration-on-Filter-Clear-firefox/error-context.md]]
]]>
</system-out>
</testcase>
</testsuite>
<testsuite name="datetime_filter.spec.js" timestamp="2025-12-07T15:45:22.723Z" hostname="firefox" tests="1" failures="1" skipped="0" time="15.519" errors="0">
<testcase name="DateTime Filter › should filter logs using date picker inputs" classname="datetime_filter.spec.js" time="15.519">
<failure message="datetime_filter.spec.js:9:5 should filter logs using date picker inputs" type="FAILURE">
<![CDATA[  [firefox] › datetime_filter.spec.js:9:5 › DateTime Filter › should filter logs using date picker inputs 

    Error: expect(locator).toBeVisible() failed

    Locator: locator('.log-line').filter({ hasText: 'Broadcast 6196' })
    Expected: visible
    Timeout: 5000ms
    Error: element(s) not found

    Call log:
      - Expect "toBeVisible" with timeout 5000ms
      - waiting for locator('.log-line').filter({ hasText: 'Broadcast 6196' })

        at /home/rk/Documents/Android_log_parser (copy)/tests/e2e/datetime_filter.spec.js:108:37)
        at /home/rk/Documents/Android_log_parser (copy)/node_modules/playwright/lib/worker/workerMain.js:322:9)
        at /home/rk/Documents/Android_log_parser (copy)/node_modules/playwright/lib/worker/testInfo.js:311:11)
        at /home/rk/Documents/Android_log_parser (copy)/node_modules/playwright/lib/worker/workerMain.js:320:7)

    attachment #1: screenshot (image/png) ──────────────────────────────────────────────────────────
    ../../results/test-results/artifacts/datetime_filter-DateTime-F-007a7-gs-using-date-picker-inputs-firefox/test-failed-1.png
    ────────────────────────────────────────────────────────────────────────────────────────────────

    attachment #2: video (video/webm) ──────────────────────────────────────────────────────────────
    ../../results/test-results/artifacts/datetime_filter-DateTime-F-007a7-gs-using-date-picker-inputs-firefox/video.webm
    ────────────────────────────────────────────────────────────────────────────────────────────────

    Error Context: ../../results/test-results/artifacts/datetime_filter-DateTime-F-007a7-gs-using-date-picker-inputs-firefox/error-context.md
]]>
</failure>
<system-out>
<![CDATA[Initial Time Range: 2025-01-01T10:00 to 2025-09-24T09:37
Min: 2025-01-01T10:00, Max: 2025-09-24T09:37
Testing specific log line filter: 09-24 09:37:31.974
Testing Broadcast 6196 log line filter: 09-24 09:37:31.974

[[ATTACHMENT|artifacts/datetime_filter-DateTime-F-007a7-gs-using-date-picker-inputs-firefox/test-failed-1.png]]

[[ATTACHMENT|artifacts/datetime_filter-DateTime-F-007a7-gs-using-date-picker-inputs-firefox/video.webm]]

[[ATTACHMENT|artifacts/datetime_filter-DateTime-F-007a7-gs-using-date-picker-inputs-firefox/error-context.md]]
]]>
</system-out>
</testcase>
</testsuite>
<testsuite name="file_collapse.spec.js" timestamp="2025-12-07T15:45:22.723Z" hostname="firefox" tests="1" failures="1" skipped="0" time="3.997" errors="0">
<testcase name="File Collapsing › should collapse and expand file sections when clicking headers" classname="file_collapse.spec.js" time="3.997">
<failure message="file_collapse.spec.js:9:5 should collapse and expand file sections when clicking headers" type="FAILURE">
<![CDATA[  [firefox] › file_collapse.spec.js:9:5 › File Collapsing › should collapse and expand file sections when clicking headers 

    Error: ENOENT: no such file or directory, stat '/home/rk/Documents/Android_log_parser (copy)/test-data/file1.txt'

    attachment #1: screenshot (image/png) ──────────────────────────────────────────────────────────
    ../../results/test-results/artifacts/file_collapse-File-Collaps-c2fcf-tions-when-clicking-headers-firefox/test-failed-1.png
    ────────────────────────────────────────────────────────────────────────────────────────────────

    attachment #2: video (video/webm) ──────────────────────────────────────────────────────────────
    ../../results/test-results/artifacts/file_collapse-File-Collaps-c2fcf-tions-when-clicking-headers-firefox/video.webm
    ────────────────────────────────────────────────────────────────────────────────────────────────

    Error Context: ../../results/test-results/artifacts/file_collapse-File-Collaps-c2fcf-tions-when-clicking-headers-firefox/error-context.md
]]>
</failure>
<system-out>
<![CDATA[
[[ATTACHMENT|artifacts/file_collapse-File-Collaps-c2fcf-tions-when-clicking-headers-firefox/test-failed-1.png]]

[[ATTACHMENT|artifacts/file_collapse-File-Collaps-c2fcf-tions-when-clicking-headers-firefox/video.webm]]

[[ATTACHMENT|artifacts/file_collapse-File-Collaps-c2fcf-tions-when-clicking-headers-firefox/error-context.md]]
]]>
</system-out>
</testcase>
</testsuite>
<testsuite name="file-upload.spec.js" timestamp="2025-12-07T15:45:22.723Z" hostname="firefox" tests="13" failures="13" skipped="0" time="39.479" errors="0">
<testcase name="UI Elements › should display initial UI correctly" classname="file-upload.spec.js" time="4.316">
<failure message="file-upload.spec.js:22:5 should display initial UI correctly" type="FAILURE">
<![CDATA[  [firefox] › file-upload.spec.js:22:5 › UI Elements › should display initial UI correctly ─────────

    Error: page.goto: NS_ERROR_FILE_NOT_FOUND
    Call log:
      - navigating to "file:///home/rk/Documents/Android_log_parser%20(copy)/index.html", waiting until "load"

        at /home/rk/Documents/Android_log_parser (copy)/tests/e2e/file-upload.spec.js:18:20)
        at /home/rk/Documents/Android_log_parser (copy)/node_modules/playwright/lib/worker/fixtureRunner.js:228:52)
        at /home/rk/Documents/Android_log_parser (copy)/node_modules/playwright/lib/worker/testInfo.js:311:17)
        at /home/rk/Documents/Android_log_parser (copy)/node_modules/playwright/lib/worker/workerMain.js:478:11)
        at /home/rk/Documents/Android_log_parser (copy)/node_modules/playwright/lib/worker/workerMain.js:314:9)
        at /home/rk/Documents/Android_log_parser (copy)/node_modules/playwright/lib/worker/workerMain.js:310:7)

    attachment #1: screenshot (image/png) ──────────────────────────────────────────────────────────
    ../../results/test-results/artifacts/file-upload-UI-Elements-should-display-initial-UI-correctly-firefox/test-failed-1.png
    ────────────────────────────────────────────────────────────────────────────────────────────────

    attachment #2: video (video/webm) ──────────────────────────────────────────────────────────────
    ../../results/test-results/artifacts/file-upload-UI-Elements-should-display-initial-UI-correctly-firefox/video.webm
    ────────────────────────────────────────────────────────────────────────────────────────────────

    Error Context: ../../results/test-results/artifacts/file-upload-UI-Elements-should-display-initial-UI-correctly-firefox/error-context.md
]]>
</failure>
<system-out>
<![CDATA[
[[ATTACHMENT|artifacts/file-upload-UI-Elements-should-display-initial-UI-correctly-firefox/test-failed-1.png]]

[[ATTACHMENT|artifacts/file-upload-UI-Elements-should-display-initial-UI-correctly-firefox/video.webm]]

[[ATTACHMENT|artifacts/file-upload-UI-Elements-should-display-initial-UI-correctly-firefox/error-context.md]]
]]>
</system-out>
</testcase>
<testcase name="UI Elements › should have all required UI elements" classname="file-upload.spec.js" time="1.394">
<failure message="file-upload.spec.js:37:5 should have all required UI elements" type="FAILURE">
<![CDATA[  [firefox] › file-upload.spec.js:37:5 › UI Elements › should have all required UI elements ────────

    Error: page.goto: NS_ERROR_FILE_NOT_FOUND
    Call log:
      - navigating to "file:///home/rk/Documents/Android_log_parser%20(copy)/index.html", waiting until "load"

        at /home/rk/Documents/Android_log_parser (copy)/tests/e2e/file-upload.spec.js:18:20)
        at /home/rk/Documents/Android_log_parser (copy)/node_modules/playwright/lib/worker/fixtureRunner.js:228:52)
        at /home/rk/Documents/Android_log_parser (copy)/node_modules/playwright/lib/worker/testInfo.js:311:17)
        at /home/rk/Documents/Android_log_parser (copy)/node_modules/playwright/lib/worker/workerMain.js:478:11)
        at /home/rk/Documents/Android_log_parser (copy)/node_modules/playwright/lib/worker/workerMain.js:314:9)
        at /home/rk/Documents/Android_log_parser (copy)/node_modules/playwright/lib/worker/workerMain.js:310:7)

    attachment #1: screenshot (image/png) ──────────────────────────────────────────────────────────
    ../../results/test-results/artifacts/file-upload-UI-Elements-should-have-all-required-UI-elements-firefox/test-failed-1.png
    ────────────────────────────────────────────────────────────────────────────────────────────────

    attachment #2: video (video/webm) ──────────────────────────────────────────────────────────────
    ../../results/test-results/artifacts/file-upload-UI-Elements-should-have-all-required-UI-elements-firefox/video.webm
    ────────────────────────────────────────────────────────────────────────────────────────────────

    Error Context: ../../results/test-results/artifacts/file-upload-UI-Elements-should-have-all-required-UI-elements-firefox/error-context.md
]]>
</failure>
<system-out>
<![CDATA[
[[ATTACHMENT|artifacts/file-upload-UI-Elements-should-have-all-required-UI-elements-firefox/test-failed-1.png]]

[[ATTACHMENT|artifacts/file-upload-UI-Elements-should-have-all-required-UI-elements-firefox/video.webm]]

[[ATTACHMENT|artifacts/file-upload-UI-Elements-should-have-all-required-UI-elements-firefox/error-context.md]]
]]>
</system-out>
</testcase>
<testcase name="UI Elements › should load page within 3 seconds" classname="file-upload.spec.js" time="2.036">
<failure message="file-upload.spec.js:51:5 should load page within 3 seconds" type="FAILURE">
<![CDATA[  [firefox] › file-upload.spec.js:51:5 › UI Elements › should load page within 3 seconds ───────────

    Error: page.goto: NS_ERROR_FILE_NOT_FOUND
    Call log:
      - navigating to "file:///home/rk/Documents/Android_log_parser%20(copy)/index.html", waiting until "load"

        at /home/rk/Documents/Android_log_parser (copy)/tests/e2e/file-upload.spec.js:18:20)
        at /home/rk/Documents/Android_log_parser (copy)/node_modules/playwright/lib/worker/fixtureRunner.js:228:52)
        at /home/rk/Documents/Android_log_parser (copy)/node_modules/playwright/lib/worker/testInfo.js:311:17)
        at /home/rk/Documents/Android_log_parser (copy)/node_modules/playwright/lib/worker/workerMain.js:478:11)
        at /home/rk/Documents/Android_log_parser (copy)/node_modules/playwright/lib/worker/workerMain.js:314:9)
        at /home/rk/Documents/Android_log_parser (copy)/node_modules/playwright/lib/worker/workerMain.js:310:7)

    attachment #1: screenshot (image/png) ──────────────────────────────────────────────────────────
    ../../results/test-results/artifacts/file-upload-UI-Elements-should-load-page-within-3-seconds-firefox/test-failed-1.png
    ────────────────────────────────────────────────────────────────────────────────────────────────

    attachment #2: video (video/webm) ──────────────────────────────────────────────────────────────
    ../../results/test-results/artifacts/file-upload-UI-Elements-should-load-page-within-3-seconds-firefox/video.webm
    ────────────────────────────────────────────────────────────────────────────────────────────────

    Error Context: ../../results/test-results/artifacts/file-upload-UI-Elements-should-load-page-within-3-seconds-firefox/error-context.md
]]>
</failure>
<system-out>
<![CDATA[
[[ATTACHMENT|artifacts/file-upload-UI-Elements-should-load-page-within-3-seconds-firefox/test-failed-1.png]]

[[ATTACHMENT|artifacts/file-upload-UI-Elements-should-load-page-within-3-seconds-firefox/video.webm]]

[[ATTACHMENT|artifacts/file-upload-UI-Elements-should-load-page-within-3-seconds-firefox/error-context.md]]
]]>
</system-out>
</testcase>
<testcase name="Tab Navigation › should switch between tabs" classname="file-upload.spec.js" time="2.817">
<failure message="file-upload.spec.js:70:5 should switch between tabs" type="FAILURE">
<![CDATA[  [firefox] › file-upload.spec.js:70:5 › Tab Navigation › should switch between tabs ───────────────

    Error: page.goto: NS_ERROR_FILE_NOT_FOUND
    Call log:
      - navigating to "file:///home/rk/Documents/Android_log_parser%20(copy)/index.html", waiting until "load"

        at /home/rk/Documents/Android_log_parser (copy)/tests/e2e/file-upload.spec.js:66:20)
        at /home/rk/Documents/Android_log_parser (copy)/node_modules/playwright/lib/worker/fixtureRunner.js:228:52)
        at /home/rk/Documents/Android_log_parser (copy)/node_modules/playwright/lib/worker/testInfo.js:311:17)
        at /home/rk/Documents/Android_log_parser (copy)/node_modules/playwright/lib/worker/workerMain.js:478:11)
        at /home/rk/Documents/Android_log_parser (copy)/node_modules/playwright/lib/worker/workerMain.js:314:9)
        at /home/rk/Documents/Android_log_parser (copy)/node_modules/playwright/lib/worker/workerMain.js:310:7)

    attachment #1: screenshot (image/png) ──────────────────────────────────────────────────────────
    ../../results/test-results/artifacts/file-upload-Tab-Navigation-should-switch-between-tabs-firefox/test-failed-1.png
    ────────────────────────────────────────────────────────────────────────────────────────────────

    attachment #2: video (video/webm) ──────────────────────────────────────────────────────────────
    ../../results/test-results/artifacts/file-upload-Tab-Navigation-should-switch-between-tabs-firefox/video.webm
    ────────────────────────────────────────────────────────────────────────────────────────────────

    Error Context: ../../results/test-results/artifacts/file-upload-Tab-Navigation-should-switch-between-tabs-firefox/error-context.md
]]>
</failure>
<system-out>
<![CDATA[
[[ATTACHMENT|artifacts/file-upload-Tab-Navigation-should-switch-between-tabs-firefox/test-failed-1.png]]

[[ATTACHMENT|artifacts/file-upload-Tab-Navigation-should-switch-between-tabs-firefox/video.webm]]

[[ATTACHMENT|artifacts/file-upload-Tab-Navigation-should-switch-between-tabs-firefox/error-context.md]]
]]>
</system-out>
</testcase>
<testcase name="Tab Navigation › should have connectivity tab" classname="file-upload.spec.js" time="2.831">
<failure message="file-upload.spec.js:87:5 should have connectivity tab" type="FAILURE">
<![CDATA[  [firefox] › file-upload.spec.js:87:5 › Tab Navigation › should have connectivity tab ─────────────

    Error: page.goto: NS_ERROR_FILE_NOT_FOUND
    Call log:
      - navigating to "file:///home/rk/Documents/Android_log_parser%20(copy)/index.html", waiting until "load"

        at /home/rk/Documents/Android_log_parser (copy)/tests/e2e/file-upload.spec.js:66:20)
        at /home/rk/Documents/Android_log_parser (copy)/node_modules/playwright/lib/worker/fixtureRunner.js:228:52)
        at /home/rk/Documents/Android_log_parser (copy)/node_modules/playwright/lib/worker/testInfo.js:311:17)
        at /home/rk/Documents/Android_log_parser (copy)/node_modules/playwright/lib/worker/workerMain.js:478:11)
        at /home/rk/Documents/Android_log_parser (copy)/node_modules/playwright/lib/worker/workerMain.js:314:9)
        at /home/rk/Documents/Android_log_parser (copy)/node_modules/playwright/lib/worker/workerMain.js:310:7)

    attachment #1: screenshot (image/png) ──────────────────────────────────────────────────────────
    ../../results/test-results/artifacts/file-upload-Tab-Navigation-should-have-connectivity-tab-firefox/test-failed-1.png
    ────────────────────────────────────────────────────────────────────────────────────────────────

    attachment #2: video (video/webm) ──────────────────────────────────────────────────────────────
    ../../results/test-results/artifacts/file-upload-Tab-Navigation-should-have-connectivity-tab-firefox/video.webm
    ────────────────────────────────────────────────────────────────────────────────────────────────

    Error Context: ../../results/test-results/artifacts/file-upload-Tab-Navigation-should-have-connectivity-tab-firefox/error-context.md
]]>
</failure>
<system-out>
<![CDATA[
[[ATTACHMENT|artifacts/file-upload-Tab-Navigation-should-have-connectivity-tab-firefox/test-failed-1.png]]

[[ATTACHMENT|artifacts/file-upload-Tab-Navigation-should-have-connectivity-tab-firefox/video.webm]]

[[ATTACHMENT|artifacts/file-upload-Tab-Navigation-should-have-connectivity-tab-firefox/error-context.md]]
]]>
</system-out>
</testcase>
<testcase name="Tab Navigation › should have stats tab" classname="file-upload.spec.js" time="3.131">
<failure message="file-upload.spec.js:92:5 should have stats tab" type="FAILURE">
<![CDATA[  [firefox] › file-upload.spec.js:92:5 › Tab Navigation › should have stats tab ────────────────────

    Error: page.goto: NS_ERROR_FILE_NOT_FOUND
    Call log:
      - navigating to "file:///home/rk/Documents/Android_log_parser%20(copy)/index.html", waiting until "load"

        at /home/rk/Documents/Android_log_parser (copy)/tests/e2e/file-upload.spec.js:66:20)
        at /home/rk/Documents/Android_log_parser (copy)/node_modules/playwright/lib/worker/fixtureRunner.js:228:52)
        at /home/rk/Documents/Android_log_parser (copy)/node_modules/playwright/lib/worker/testInfo.js:311:17)
        at /home/rk/Documents/Android_log_parser (copy)/node_modules/playwright/lib/worker/workerMain.js:478:11)
        at /home/rk/Documents/Android_log_parser (copy)/node_modules/playwright/lib/worker/workerMain.js:314:9)
        at /home/rk/Documents/Android_log_parser (copy)/node_modules/playwright/lib/worker/workerMain.js:310:7)

    attachment #1: screenshot (image/png) ──────────────────────────────────────────────────────────
    ../../results/test-results/artifacts/file-upload-Tab-Navigation-should-have-stats-tab-firefox/test-failed-1.png
    ────────────────────────────────────────────────────────────────────────────────────────────────

    attachment #2: video (video/webm) ──────────────────────────────────────────────────────────────
    ../../results/test-results/artifacts/file-upload-Tab-Navigation-should-have-stats-tab-firefox/video.webm
    ────────────────────────────────────────────────────────────────────────────────────────────────

    Error Context: ../../results/test-results/artifacts/file-upload-Tab-Navigation-should-have-stats-tab-firefox/error-context.md
]]>
</failure>
<system-out>
<![CDATA[
[[ATTACHMENT|artifacts/file-upload-Tab-Navigation-should-have-stats-tab-firefox/test-failed-1.png]]

[[ATTACHMENT|artifacts/file-upload-Tab-Navigation-should-have-stats-tab-firefox/video.webm]]

[[ATTACHMENT|artifacts/file-upload-Tab-Navigation-should-have-stats-tab-firefox/error-context.md]]
]]>
</system-out>
</testcase>
<testcase name="Filter Controls › should have log level filter buttons" classname="file-upload.spec.js" time="3.147">
<failure message="file-upload.spec.js:104:5 should have log level filter buttons" type="FAILURE">
<![CDATA[  [firefox] › file-upload.spec.js:104:5 › Filter Controls › should have log level filter buttons ───

    Error: page.goto: NS_ERROR_FILE_NOT_FOUND
    Call log:
      - navigating to "file:///home/rk/Documents/Android_log_parser%20(copy)/index.html", waiting until "load"

        at /home/rk/Documents/Android_log_parser (copy)/tests/e2e/file-upload.spec.js:100:20)
        at /home/rk/Documents/Android_log_parser (copy)/node_modules/playwright/lib/worker/fixtureRunner.js:228:52)
        at /home/rk/Documents/Android_log_parser (copy)/node_modules/playwright/lib/worker/testInfo.js:311:17)
        at /home/rk/Documents/Android_log_parser (copy)/node_modules/playwright/lib/worker/workerMain.js:478:11)
        at /home/rk/Documents/Android_log_parser (copy)/node_modules/playwright/lib/worker/workerMain.js:314:9)
        at /home/rk/Documents/Android_log_parser (copy)/node_modules/playwright/lib/worker/workerMain.js:310:7)

    attachment #1: screenshot (image/png) ──────────────────────────────────────────────────────────
    ../../results/test-results/artifacts/file-upload-Filter-Control-db7e9-ve-log-level-filter-buttons-firefox/test-failed-1.png
    ────────────────────────────────────────────────────────────────────────────────────────────────

    attachment #2: video (video/webm) ──────────────────────────────────────────────────────────────
    ../../results/test-results/artifacts/file-upload-Filter-Control-db7e9-ve-log-level-filter-buttons-firefox/video.webm
    ────────────────────────────────────────────────────────────────────────────────────────────────

    Error Context: ../../results/test-results/artifacts/file-upload-Filter-Control-db7e9-ve-log-level-filter-buttons-firefox/error-context.md
]]>
</failure>
<system-out>
<![CDATA[
[[ATTACHMENT|artifacts/file-upload-Filter-Control-db7e9-ve-log-level-filter-buttons-firefox/test-failed-1.png]]

[[ATTACHMENT|artifacts/file-upload-Filter-Control-db7e9-ve-log-level-filter-buttons-firefox/video.webm]]

[[ATTACHMENT|artifacts/file-upload-Filter-Control-db7e9-ve-log-level-filter-buttons-firefox/error-context.md]]
]]>
</system-out>
</testcase>
<testcase name="Filter Controls › should have AND/OR logic toggle" classname="file-upload.spec.js" time="3.127">
<failure message="file-upload.spec.js:115:5 should have AND/OR logic toggle" type="FAILURE">
<![CDATA[  [firefox] › file-upload.spec.js:115:5 › Filter Controls › should have AND/OR logic toggle ────────

    Error: page.goto: NS_ERROR_FILE_NOT_FOUND
    Call log:
      - navigating to "file:///home/rk/Documents/Android_log_parser%20(copy)/index.html", waiting until "load"

        at /home/rk/Documents/Android_log_parser (copy)/tests/e2e/file-upload.spec.js:100:20)
        at /home/rk/Documents/Android_log_parser (copy)/node_modules/playwright/lib/worker/fixtureRunner.js:228:52)
        at /home/rk/Documents/Android_log_parser (copy)/node_modules/playwright/lib/worker/testInfo.js:311:17)
        at /home/rk/Documents/Android_log_parser (copy)/node_modules/playwright/lib/worker/workerMain.js:478:11)
        at /home/rk/Documents/Android_log_parser (copy)/node_modules/playwright/lib/worker/workerMain.js:314:9)
        at /home/rk/Documents/Android_log_parser (copy)/node_modules/playwright/lib/worker/workerMain.js:310:7)

    attachment #1: screenshot (image/png) ──────────────────────────────────────────────────────────
    ../../results/test-results/artifacts/file-upload-Filter-Controls-should-have-AND-OR-logic-toggle-firefox/test-failed-1.png
    ────────────────────────────────────────────────────────────────────────────────────────────────

    attachment #2: video (video/webm) ──────────────────────────────────────────────────────────────
    ../../results/test-results/artifacts/file-upload-Filter-Controls-should-have-AND-OR-logic-toggle-firefox/video.webm
    ────────────────────────────────────────────────────────────────────────────────────────────────

    Error Context: ../../results/test-results/artifacts/file-upload-Filter-Controls-should-have-AND-OR-logic-toggle-firefox/error-context.md
]]>
</failure>
<system-out>
<![CDATA[
[[ATTACHMENT|artifacts/file-upload-Filter-Controls-should-have-AND-OR-logic-toggle-firefox/test-failed-1.png]]

[[ATTACHMENT|artifacts/file-upload-Filter-Controls-should-have-AND-OR-logic-toggle-firefox/video.webm]]

[[ATTACHMENT|artifacts/file-upload-Filter-Controls-should-have-AND-OR-logic-toggle-firefox/error-context.md]]
]]>
</system-out>
</testcase>
<testcase name="Filter Controls › should toggle between AND/OR logic" classname="file-upload.spec.js" time="3.11">
<failure message="file-upload.spec.js:123:5 should toggle between AND/OR logic" type="FAILURE">
<![CDATA[  [firefox] › file-upload.spec.js:123:5 › Filter Controls › should toggle between AND/OR logic ─────

    Error: page.goto: NS_ERROR_FILE_NOT_FOUND
    Call log:
      - navigating to "file:///home/rk/Documents/Android_log_parser%20(copy)/index.html", waiting until "load"

        at /home/rk/Documents/Android_log_parser (copy)/tests/e2e/file-upload.spec.js:100:20)
        at /home/rk/Documents/Android_log_parser (copy)/node_modules/playwright/lib/worker/fixtureRunner.js:228:52)
        at /home/rk/Documents/Android_log_parser (copy)/node_modules/playwright/lib/worker/testInfo.js:311:17)
        at /home/rk/Documents/Android_log_parser (copy)/node_modules/playwright/lib/worker/workerMain.js:478:11)
        at /home/rk/Documents/Android_log_parser (copy)/node_modules/playwright/lib/worker/workerMain.js:314:9)
        at /home/rk/Documents/Android_log_parser (copy)/node_modules/playwright/lib/worker/workerMain.js:310:7)

    attachment #1: screenshot (image/png) ──────────────────────────────────────────────────────────
    ../../results/test-results/artifacts/file-upload-Filter-Control-e5426-toggle-between-AND-OR-logic-firefox/test-failed-1.png
    ────────────────────────────────────────────────────────────────────────────────────────────────

    attachment #2: video (video/webm) ──────────────────────────────────────────────────────────────
    ../../results/test-results/artifacts/file-upload-Filter-Control-e5426-toggle-between-AND-OR-logic-firefox/video.webm
    ────────────────────────────────────────────────────────────────────────────────────────────────

    Error Context: ../../results/test-results/artifacts/file-upload-Filter-Control-e5426-toggle-between-AND-OR-logic-firefox/error-context.md
]]>
</failure>
<system-out>
<![CDATA[
[[ATTACHMENT|artifacts/file-upload-Filter-Control-e5426-toggle-between-AND-OR-logic-firefox/test-failed-1.png]]

[[ATTACHMENT|artifacts/file-upload-Filter-Control-e5426-toggle-between-AND-OR-logic-firefox/video.webm]]

[[ATTACHMENT|artifacts/file-upload-Filter-Control-e5426-toggle-between-AND-OR-logic-firefox/error-context.md]]
]]>
</system-out>
</testcase>
<testcase name="Filter Controls › should have search input" classname="file-upload.spec.js" time="3.193">
<failure message="file-upload.spec.js:144:5 should have search input" type="FAILURE">
<![CDATA[  [firefox] › file-upload.spec.js:144:5 › Filter Controls › should have search input ───────────────

    Error: page.goto: NS_ERROR_FILE_NOT_FOUND
    Call log:
      - navigating to "file:///home/rk/Documents/Android_log_parser%20(copy)/index.html", waiting until "load"

        at /home/rk/Documents/Android_log_parser (copy)/tests/e2e/file-upload.spec.js:100:20)
        at /home/rk/Documents/Android_log_parser (copy)/node_modules/playwright/lib/worker/fixtureRunner.js:228:52)
        at /home/rk/Documents/Android_log_parser (copy)/node_modules/playwright/lib/worker/testInfo.js:311:17)
        at /home/rk/Documents/Android_log_parser (copy)/node_modules/playwright/lib/worker/workerMain.js:478:11)
        at /home/rk/Documents/Android_log_parser (copy)/node_modules/playwright/lib/worker/workerMain.js:314:9)
        at /home/rk/Documents/Android_log_parser (copy)/node_modules/playwright/lib/worker/workerMain.js:310:7)

    attachment #1: screenshot (image/png) ──────────────────────────────────────────────────────────
    ../../results/test-results/artifacts/file-upload-Filter-Controls-should-have-search-input-firefox/test-failed-1.png
    ────────────────────────────────────────────────────────────────────────────────────────────────

    attachment #2: video (video/webm) ──────────────────────────────────────────────────────────────
    ../../results/test-results/artifacts/file-upload-Filter-Controls-should-have-search-input-firefox/video.webm
    ────────────────────────────────────────────────────────────────────────────────────────────────

    Error Context: ../../results/test-results/artifacts/file-upload-Filter-Controls-should-have-search-input-firefox/error-context.md
]]>
</failure>
<system-out>
<![CDATA[
[[ATTACHMENT|artifacts/file-upload-Filter-Controls-should-have-search-input-firefox/test-failed-1.png]]

[[ATTACHMENT|artifacts/file-upload-Filter-Controls-should-have-search-input-firefox/video.webm]]

[[ATTACHMENT|artifacts/file-upload-Filter-Controls-should-have-search-input-firefox/error-context.md]]
]]>
</system-out>
</testcase>
<testcase name="Performance Tracker › should have performance tracker available in console" classname="file-upload.spec.js" time="3.266">
<failure message="file-upload.spec.js:161:5 should have performance tracker available in console" type="FAILURE">
<![CDATA[  [firefox] › file-upload.spec.js:161:5 › Performance Tracker › should have performance tracker available in console 

    Error: page.goto: NS_ERROR_FILE_NOT_FOUND
    Call log:
      - navigating to "file:///home/rk/Documents/Android_log_parser%20(copy)/index.html", waiting until "load"

        at /home/rk/Documents/Android_log_parser (copy)/tests/e2e/file-upload.spec.js:157:20)
        at /home/rk/Documents/Android_log_parser (copy)/node_modules/playwright/lib/worker/fixtureRunner.js:228:52)
        at /home/rk/Documents/Android_log_parser (copy)/node_modules/playwright/lib/worker/testInfo.js:311:17)
        at /home/rk/Documents/Android_log_parser (copy)/node_modules/playwright/lib/worker/workerMain.js:478:11)
        at /home/rk/Documents/Android_log_parser (copy)/node_modules/playwright/lib/worker/workerMain.js:314:9)
        at /home/rk/Documents/Android_log_parser (copy)/node_modules/playwright/lib/worker/workerMain.js:310:7)

    attachment #1: screenshot (image/png) ──────────────────────────────────────────────────────────
    ../../results/test-results/artifacts/file-upload-Performance-Tr-f699e-racker-available-in-console-firefox/test-failed-1.png
    ────────────────────────────────────────────────────────────────────────────────────────────────

    attachment #2: video (video/webm) ──────────────────────────────────────────────────────────────
    ../../results/test-results/artifacts/file-upload-Performance-Tr-f699e-racker-available-in-console-firefox/video.webm
    ────────────────────────────────────────────────────────────────────────────────────────────────

    Error Context: ../../results/test-results/artifacts/file-upload-Performance-Tr-f699e-racker-available-in-console-firefox/error-context.md
]]>
</failure>
<system-out>
<![CDATA[
[[ATTACHMENT|artifacts/file-upload-Performance-Tr-f699e-racker-available-in-console-firefox/test-failed-1.png]]

[[ATTACHMENT|artifacts/file-upload-Performance-Tr-f699e-racker-available-in-console-firefox/video.webm]]

[[ATTACHMENT|artifacts/file-upload-Performance-Tr-f699e-racker-available-in-console-firefox/error-context.md]]
]]>
</system-out>
</testcase>
<testcase name="Accessibility › should be keyboard navigable" classname="file-upload.spec.js" time="3.691">
<failure message="file-upload.spec.js:179:5 should be keyboard navigable" type="FAILURE">
<![CDATA[  [firefox] › file-upload.spec.js:179:5 › Accessibility › should be keyboard navigable ─────────────

    Error: page.goto: NS_ERROR_FILE_NOT_FOUND
    Call log:
      - navigating to "file:///home/rk/Documents/Android_log_parser%20(copy)/index.html", waiting until "load"

        at /home/rk/Documents/Android_log_parser (copy)/tests/e2e/file-upload.spec.js:175:20)
        at /home/rk/Documents/Android_log_parser (copy)/node_modules/playwright/lib/worker/fixtureRunner.js:228:52)
        at /home/rk/Documents/Android_log_parser (copy)/node_modules/playwright/lib/worker/testInfo.js:311:17)
        at /home/rk/Documents/Android_log_parser (copy)/node_modules/playwright/lib/worker/workerMain.js:478:11)
        at /home/rk/Documents/Android_log_parser (copy)/node_modules/playwright/lib/worker/workerMain.js:314:9)
        at /home/rk/Documents/Android_log_parser (copy)/node_modules/playwright/lib/worker/workerMain.js:310:7)

    attachment #1: screenshot (image/png) ──────────────────────────────────────────────────────────
    ../../results/test-results/artifacts/file-upload-Accessibility-should-be-keyboard-navigable-firefox/test-failed-1.png
    ────────────────────────────────────────────────────────────────────────────────────────────────

    attachment #2: video (video/webm) ──────────────────────────────────────────────────────────────
    ../../results/test-results/artifacts/file-upload-Accessibility-should-be-keyboard-navigable-firefox/video.webm
    ────────────────────────────────────────────────────────────────────────────────────────────────

    Error Context: ../../results/test-results/artifacts/file-upload-Accessibility-should-be-keyboard-navigable-firefox/error-context.md
]]>
</failure>
<system-out>
<![CDATA[
[[ATTACHMENT|artifacts/file-upload-Accessibility-should-be-keyboard-navigable-firefox/test-failed-1.png]]

[[ATTACHMENT|artifacts/file-upload-Accessibility-should-be-keyboard-navigable-firefox/video.webm]]

[[ATTACHMENT|artifacts/file-upload-Accessibility-should-be-keyboard-navigable-firefox/error-context.md]]
]]>
</system-out>
</testcase>
<testcase name="Accessibility › should have proper document title" classname="file-upload.spec.js" time="3.42">
<failure message="file-upload.spec.js:193:5 should have proper document title" type="FAILURE">
<![CDATA[  [firefox] › file-upload.spec.js:193:5 › Accessibility › should have proper document title ────────

    Error: page.goto: NS_ERROR_FILE_NOT_FOUND
    Call log:
      - navigating to "file:///home/rk/Documents/Android_log_parser%20(copy)/index.html", waiting until "load"

        at /home/rk/Documents/Android_log_parser (copy)/tests/e2e/file-upload.spec.js:175:20)
        at /home/rk/Documents/Android_log_parser (copy)/node_modules/playwright/lib/worker/fixtureRunner.js:228:52)
        at /home/rk/Documents/Android_log_parser (copy)/node_modules/playwright/lib/worker/testInfo.js:311:17)
        at /home/rk/Documents/Android_log_parser (copy)/node_modules/playwright/lib/worker/workerMain.js:478:11)
        at /home/rk/Documents/Android_log_parser (copy)/node_modules/playwright/lib/worker/workerMain.js:314:9)
        at /home/rk/Documents/Android_log_parser (copy)/node_modules/playwright/lib/worker/workerMain.js:310:7)

    attachment #1: screenshot (image/png) ──────────────────────────────────────────────────────────
    ../../results/test-results/artifacts/file-upload-Accessibility-should-have-proper-document-title-firefox/test-failed-1.png
    ────────────────────────────────────────────────────────────────────────────────────────────────

    attachment #2: video (video/webm) ──────────────────────────────────────────────────────────────
    ../../results/test-results/artifacts/file-upload-Accessibility-should-have-proper-document-title-firefox/video.webm
    ────────────────────────────────────────────────────────────────────────────────────────────────

    Error Context: ../../results/test-results/artifacts/file-upload-Accessibility-should-have-proper-document-title-firefox/error-context.md
]]>
</failure>
<system-out>
<![CDATA[
[[ATTACHMENT|artifacts/file-upload-Accessibility-should-have-proper-document-title-firefox/test-failed-1.png]]

[[ATTACHMENT|artifacts/file-upload-Accessibility-should-have-proper-document-title-firefox/video.webm]]

[[ATTACHMENT|artifacts/file-upload-Accessibility-should-have-proper-document-title-firefox/error-context.md]]
]]>
</system-out>
</testcase>
</testsuite>
<testsuite name="reproduce_issue.spec.js" timestamp="2025-12-07T15:45:22.723Z" hostname="firefox" tests="1" failures="0" skipped="1" time="4.04" errors="0">
<testcase name="BTSnoop Scroll Restoration Reproduction › Reproduce scroll jumping issue when changing filters with selected packet" classname="reproduce_issue.spec.js" time="4.04">
<properties>
<property name="skip" value="">
</property>
</properties>
<skipped>
</skipped>
</testcase>
</testsuite>
<testsuite name="btsnoop_copy.spec.js" timestamp="2025-12-07T15:45:22.723Z" hostname="webkit" tests="1" failures="0" skipped="1" time="2.84" errors="0">
<testcase name="BTSnoop Layout &amp; Interaction › BTSnoop Copy Action should copy entire row" classname="btsnoop_copy.spec.js" time="2.84">
<properties>
<property name="skip" value="">
</property>
</properties>
<skipped>
</skipped>
</testcase>
</testsuite>
<testsuite name="btsnoop_load_bug.spec.js" timestamp="2025-12-07T15:45:22.723Z" hostname="webkit" tests="1" failures="0" skipped="1" time="2.747" errors="0">
<testcase name="BTSnoop Reload Behavior › Should reload BTSnoop logs when uploading ZIP while already on BTSnoop tab" classname="btsnoop_load_bug.spec.js" time="2.747">
<properties>
<property name="skip" value="">
</property>
</properties>
<skipped>
</skipped>
</testcase>
</testsuite>
<testsuite name="btsnoop_scroll.spec.js" timestamp="2025-12-07T15:45:22.723Z" hostname="webkit" tests="1" failures="1" skipped="0" time="1.27" errors="0">
<testcase name="BTSnoop Scroll Restoration on Filter Clear" classname="btsnoop_scroll.spec.js" time="1.27">
<failure message="btsnoop_scroll.spec.js:3:1 BTSnoop Scroll Restoration on Filter Clear" type="FAILURE">
<![CDATA[  [webkit] › btsnoop_scroll.spec.js:3:1 › BTSnoop Scroll Restoration on Filter Clear ───────────────

    Error: page.goto: Error opening file /home/rk/Documents/Android_log_parser (copy)/index.html: No such file or directory
    Call log:
      - navigating to "file:///home/rk/Documents/Android_log_parser%20(copy)/index.html", waiting until "load"

        at /home/rk/Documents/Android_log_parser (copy)/tests/e2e/btsnoop_scroll.spec.js:5:16)
        at /home/rk/Documents/Android_log_parser (copy)/node_modules/playwright/lib/worker/workerMain.js:322:15)
        at /home/rk/Documents/Android_log_parser (copy)/node_modules/playwright/lib/worker/testInfo.js:311:17)
        at /home/rk/Documents/Android_log_parser (copy)/node_modules/playwright/lib/worker/workerMain.js:320:22)

    attachment #1: screenshot (image/png) ──────────────────────────────────────────────────────────
    ../../results/test-results/artifacts/btsnoop_scroll-BTSnoop-Scroll-Restoration-on-Filter-Clear-webkit/test-failed-1.png
    ────────────────────────────────────────────────────────────────────────────────────────────────

    attachment #2: video (video/webm) ──────────────────────────────────────────────────────────────
    ../../results/test-results/artifacts/btsnoop_scroll-BTSnoop-Scroll-Restoration-on-Filter-Clear-webkit/video.webm
    ────────────────────────────────────────────────────────────────────────────────────────────────
]]>
</failure>
<system-out>
<![CDATA[
[[ATTACHMENT|artifacts/btsnoop_scroll-BTSnoop-Scroll-Restoration-on-Filter-Clear-webkit/test-failed-1.png]]

[[ATTACHMENT|artifacts/btsnoop_scroll-BTSnoop-Scroll-Restoration-on-Filter-Clear-webkit/video.webm]]
]]>
</system-out>
</testcase>
</testsuite>
<testsuite name="datetime_filter.spec.js" timestamp="2025-12-07T15:45:22.723Z" hostname="webkit" tests="1" failures="1" skipped="0" time="12.816" errors="0">
<testcase name="DateTime Filter › should filter logs using date picker inputs" classname="datetime_filter.spec.js" time="12.816">
<failure message="datetime_filter.spec.js:9:5 should filter logs using date picker inputs" type="FAILURE">
<![CDATA[  [webkit] › datetime_filter.spec.js:9:5 › DateTime Filter › should filter logs using date picker inputs 

    TimeoutError: page.waitForSelector: Timeout 10000ms exceeded.
    Call log:
      - waiting for locator('.log-line') to be visible

        at /home/rk/Documents/Android_log_parser (copy)/tests/e2e/datetime_filter.spec.js:17:20)
        at /home/rk/Documents/Android_log_parser (copy)/node_modules/playwright/lib/worker/workerMain.js:322:9)
        at /home/rk/Documents/Android_log_parser (copy)/node_modules/playwright/lib/worker/testInfo.js:311:11)
        at /home/rk/Documents/Android_log_parser (copy)/node_modules/playwright/lib/worker/workerMain.js:320:7)

    attachment #1: screenshot (image/png) ──────────────────────────────────────────────────────────
    ../../results/test-results/artifacts/datetime_filter-DateTime-F-007a7-gs-using-date-picker-inputs-webkit/test-failed-1.png
    ────────────────────────────────────────────────────────────────────────────────────────────────

    attachment #2: video (video/webm) ──────────────────────────────────────────────────────────────
    ../../results/test-results/artifacts/datetime_filter-DateTime-F-007a7-gs-using-date-picker-inputs-webkit/video.webm
    ────────────────────────────────────────────────────────────────────────────────────────────────

    Error Context: ../../results/test-results/artifacts/datetime_filter-DateTime-F-007a7-gs-using-date-picker-inputs-webkit/error-context.md
]]>
</failure>
<system-out>
<![CDATA[
[[ATTACHMENT|artifacts/datetime_filter-DateTime-F-007a7-gs-using-date-picker-inputs-webkit/test-failed-1.png]]

[[ATTACHMENT|artifacts/datetime_filter-DateTime-F-007a7-gs-using-date-picker-inputs-webkit/video.webm]]

[[ATTACHMENT|artifacts/datetime_filter-DateTime-F-007a7-gs-using-date-picker-inputs-webkit/error-context.md]]
]]>
</system-out>
</testcase>
</testsuite>
<testsuite name="file_collapse.spec.js" timestamp="2025-12-07T15:45:22.723Z" hostname="webkit" tests="1" failures="1" skipped="0" time="2.084" errors="0">
<testcase name="File Collapsing › should collapse and expand file sections when clicking headers" classname="file_collapse.spec.js" time="2.084">
<failure message="file_collapse.spec.js:9:5 should collapse and expand file sections when clicking headers" type="FAILURE">
<![CDATA[  [webkit] › file_collapse.spec.js:9:5 › File Collapsing › should collapse and expand file sections when clicking headers 

    Error: ENOENT: no such file or directory, stat '/home/rk/Documents/Android_log_parser (copy)/test-data/file1.txt'

    attachment #1: screenshot (image/png) ──────────────────────────────────────────────────────────
    ../../results/test-results/artifacts/file_collapse-File-Collaps-c2fcf-tions-when-clicking-headers-webkit/test-failed-1.png
    ────────────────────────────────────────────────────────────────────────────────────────────────

    attachment #2: video (video/webm) ──────────────────────────────────────────────────────────────
    ../../results/test-results/artifacts/file_collapse-File-Collaps-c2fcf-tions-when-clicking-headers-webkit/video.webm
    ────────────────────────────────────────────────────────────────────────────────────────────────

    Error Context: ../../results/test-results/artifacts/file_collapse-File-Collaps-c2fcf-tions-when-clicking-headers-webkit/error-context.md
]]>
</failure>
<system-out>
<![CDATA[
[[ATTACHMENT|artifacts/file_collapse-File-Collaps-c2fcf-tions-when-clicking-headers-webkit/test-failed-1.png]]

[[ATTACHMENT|artifacts/file_collapse-File-Collaps-c2fcf-tions-when-clicking-headers-webkit/video.webm]]

[[ATTACHMENT|artifacts/file_collapse-File-Collaps-c2fcf-tions-when-clicking-headers-webkit/error-context.md]]
]]>
</system-out>
</testcase>
</testsuite>
<testsuite name="file-upload.spec.js" timestamp="2025-12-07T15:45:22.723Z" hostname="webkit" tests="13" failures="13" skipped="0" time="13.229" errors="0">
<testcase name="UI Elements › should display initial UI correctly" classname="file-upload.spec.js" time="0.988">
<failure message="file-upload.spec.js:22:5 should display initial UI correctly" type="FAILURE">
<![CDATA[  [webkit] › file-upload.spec.js:22:5 › UI Elements › should display initial UI correctly ──────────

    Error: page.goto: Error opening file /home/rk/Documents/Android_log_parser (copy)/index.html: No such file or directory
    Call log:
      - navigating to "file:///home/rk/Documents/Android_log_parser%20(copy)/index.html", waiting until "load"

        at /home/rk/Documents/Android_log_parser (copy)/tests/e2e/file-upload.spec.js:18:20)
        at /home/rk/Documents/Android_log_parser (copy)/node_modules/playwright/lib/worker/fixtureRunner.js:228:52)
        at /home/rk/Documents/Android_log_parser (copy)/node_modules/playwright/lib/worker/testInfo.js:311:17)
        at /home/rk/Documents/Android_log_parser (copy)/node_modules/playwright/lib/worker/workerMain.js:478:11)
        at /home/rk/Documents/Android_log_parser (copy)/node_modules/playwright/lib/worker/workerMain.js:314:9)
        at /home/rk/Documents/Android_log_parser (copy)/node_modules/playwright/lib/worker/workerMain.js:310:7)

    attachment #1: screenshot (image/png) ──────────────────────────────────────────────────────────
    ../../results/test-results/artifacts/file-upload-UI-Elements-should-display-initial-UI-correctly-webkit/test-failed-1.png
    ────────────────────────────────────────────────────────────────────────────────────────────────

    attachment #2: video (video/webm) ──────────────────────────────────────────────────────────────
    ../../results/test-results/artifacts/file-upload-UI-Elements-should-display-initial-UI-correctly-webkit/video.webm
    ────────────────────────────────────────────────────────────────────────────────────────────────
]]>
</failure>
<system-out>
<![CDATA[
[[ATTACHMENT|artifacts/file-upload-UI-Elements-should-display-initial-UI-correctly-webkit/test-failed-1.png]]

[[ATTACHMENT|artifacts/file-upload-UI-Elements-should-display-initial-UI-correctly-webkit/video.webm]]
]]>
</system-out>
</testcase>
<testcase name="UI Elements › should have all required UI elements" classname="file-upload.spec.js" time="0.973">
<failure message="file-upload.spec.js:37:5 should have all required UI elements" type="FAILURE">
<![CDATA[  [webkit] › file-upload.spec.js:37:5 › UI Elements › should have all required UI elements ─────────

    Error: page.goto: Error opening file /home/rk/Documents/Android_log_parser (copy)/index.html: No such file or directory
    Call log:
      - navigating to "file:///home/rk/Documents/Android_log_parser%20(copy)/index.html", waiting until "load"

        at /home/rk/Documents/Android_log_parser (copy)/tests/e2e/file-upload.spec.js:18:20)
        at /home/rk/Documents/Android_log_parser (copy)/node_modules/playwright/lib/worker/fixtureRunner.js:228:52)
        at /home/rk/Documents/Android_log_parser (copy)/node_modules/playwright/lib/worker/testInfo.js:311:17)
        at /home/rk/Documents/Android_log_parser (copy)/node_modules/playwright/lib/worker/workerMain.js:478:11)
        at /home/rk/Documents/Android_log_parser (copy)/node_modules/playwright/lib/worker/workerMain.js:314:9)
        at /home/rk/Documents/Android_log_parser (copy)/node_modules/playwright/lib/worker/workerMain.js:310:7)

    attachment #1: screenshot (image/png) ──────────────────────────────────────────────────────────
    ../../results/test-results/artifacts/file-upload-UI-Elements-should-have-all-required-UI-elements-webkit/test-failed-1.png
    ────────────────────────────────────────────────────────────────────────────────────────────────

    attachment #2: video (video/webm) ──────────────────────────────────────────────────────────────
    ../../results/test-results/artifacts/file-upload-UI-Elements-should-have-all-required-UI-elements-webkit/video.webm
    ────────────────────────────────────────────────────────────────────────────────────────────────
]]>
</failure>
<system-out>
<![CDATA[
[[ATTACHMENT|artifacts/file-upload-UI-Elements-should-have-all-required-UI-elements-webkit/test-failed-1.png]]

[[ATTACHMENT|artifacts/file-upload-UI-Elements-should-have-all-required-UI-elements-webkit/video.webm]]
]]>
</system-out>
</testcase>
<testcase name="UI Elements › should load page within 3 seconds" classname="file-upload.spec.js" time="1.445">
<failure message="file-upload.spec.js:51:5 should load page within 3 seconds" type="FAILURE">
<![CDATA[  [webkit] › file-upload.spec.js:51:5 › UI Elements › should load page within 3 seconds ────────────

    Error: page.goto: Error opening file /home/rk/Documents/Android_log_parser (copy)/index.html: No such file or directory
    Call log:
      - navigating to "file:///home/rk/Documents/Android_log_parser%20(copy)/index.html", waiting until "load"

        at /home/rk/Documents/Android_log_parser (copy)/tests/e2e/file-upload.spec.js:18:20)
        at /home/rk/Documents/Android_log_parser (copy)/node_modules/playwright/lib/worker/fixtureRunner.js:228:52)
        at /home/rk/Documents/Android_log_parser (copy)/node_modules/playwright/lib/worker/testInfo.js:311:17)
        at /home/rk/Documents/Android_log_parser (copy)/node_modules/playwright/lib/worker/workerMain.js:478:11)
        at /home/rk/Documents/Android_log_parser (copy)/node_modules/playwright/lib/worker/workerMain.js:314:9)
        at /home/rk/Documents/Android_log_parser (copy)/node_modules/playwright/lib/worker/workerMain.js:310:7)

    attachment #1: screenshot (image/png) ──────────────────────────────────────────────────────────
    ../../results/test-results/artifacts/file-upload-UI-Elements-should-load-page-within-3-seconds-webkit/test-failed-1.png
    ────────────────────────────────────────────────────────────────────────────────────────────────

    attachment #2: video (video/webm) ──────────────────────────────────────────────────────────────
    ../../results/test-results/artifacts/file-upload-UI-Elements-should-load-page-within-3-seconds-webkit/video.webm
    ────────────────────────────────────────────────────────────────────────────────────────────────
]]>
</failure>
<system-out>
<![CDATA[
[[ATTACHMENT|artifacts/file-upload-UI-Elements-should-load-page-within-3-seconds-webkit/test-failed-1.png]]

[[ATTACHMENT|artifacts/file-upload-UI-Elements-should-load-page-within-3-seconds-webkit/video.webm]]
]]>
</system-out>
</testcase>
<testcase name="Tab Navigation › should switch between tabs" classname="file-upload.spec.js" time="1.331">
<failure message="file-upload.spec.js:70:5 should switch between tabs" type="FAILURE">
<![CDATA[  [webkit] › file-upload.spec.js:70:5 › Tab Navigation › should switch between tabs ────────────────

    Error: page.goto: Error opening file /home/rk/Documents/Android_log_parser (copy)/index.html: No such file or directory
    Call log:
      - navigating to "file:///home/rk/Documents/Android_log_parser%20(copy)/index.html", waiting until "load"

        at /home/rk/Documents/Android_log_parser (copy)/tests/e2e/file-upload.spec.js:66:20)
        at /home/rk/Documents/Android_log_parser (copy)/node_modules/playwright/lib/worker/fixtureRunner.js:228:52)
        at /home/rk/Documents/Android_log_parser (copy)/node_modules/playwright/lib/worker/testInfo.js:311:17)
        at /home/rk/Documents/Android_log_parser (copy)/node_modules/playwright/lib/worker/workerMain.js:478:11)
        at /home/rk/Documents/Android_log_parser (copy)/node_modules/playwright/lib/worker/workerMain.js:314:9)
        at /home/rk/Documents/Android_log_parser (copy)/node_modules/playwright/lib/worker/workerMain.js:310:7)

    attachment #1: screenshot (image/png) ──────────────────────────────────────────────────────────
    ../../results/test-results/artifacts/file-upload-Tab-Navigation-should-switch-between-tabs-webkit/test-failed-1.png
    ────────────────────────────────────────────────────────────────────────────────────────────────

    attachment #2: video (video/webm) ──────────────────────────────────────────────────────────────
    ../../results/test-results/artifacts/file-upload-Tab-Navigation-should-switch-between-tabs-webkit/video.webm
    ────────────────────────────────────────────────────────────────────────────────────────────────
]]>
</failure>
<system-out>
<![CDATA[
[[ATTACHMENT|artifacts/file-upload-Tab-Navigation-should-switch-between-tabs-webkit/test-failed-1.png]]

[[ATTACHMENT|artifacts/file-upload-Tab-Navigation-should-switch-between-tabs-webkit/video.webm]]
]]>
</system-out>
</testcase>
<testcase name="Tab Navigation › should have connectivity tab" classname="file-upload.spec.js" time="0.941">
<failure message="file-upload.spec.js:87:5 should have connectivity tab" type="FAILURE">
<![CDATA[  [webkit] › file-upload.spec.js:87:5 › Tab Navigation › should have connectivity tab ──────────────

    Error: page.goto: Error opening file /home/rk/Documents/Android_log_parser (copy)/index.html: No such file or directory
    Call log:
      - navigating to "file:///home/rk/Documents/Android_log_parser%20(copy)/index.html", waiting until "load"

        at /home/rk/Documents/Android_log_parser (copy)/tests/e2e/file-upload.spec.js:66:20)
        at /home/rk/Documents/Android_log_parser (copy)/node_modules/playwright/lib/worker/fixtureRunner.js:228:52)
        at /home/rk/Documents/Android_log_parser (copy)/node_modules/playwright/lib/worker/testInfo.js:311:17)
        at /home/rk/Documents/Android_log_parser (copy)/node_modules/playwright/lib/worker/workerMain.js:478:11)
        at /home/rk/Documents/Android_log_parser (copy)/node_modules/playwright/lib/worker/workerMain.js:314:9)
        at /home/rk/Documents/Android_log_parser (copy)/node_modules/playwright/lib/worker/workerMain.js:310:7)

    attachment #1: screenshot (image/png) ──────────────────────────────────────────────────────────
    ../../results/test-results/artifacts/file-upload-Tab-Navigation-should-have-connectivity-tab-webkit/test-failed-1.png
    ────────────────────────────────────────────────────────────────────────────────────────────────

    attachment #2: video (video/webm) ──────────────────────────────────────────────────────────────
    ../../results/test-results/artifacts/file-upload-Tab-Navigation-should-have-connectivity-tab-webkit/video.webm
    ────────────────────────────────────────────────────────────────────────────────────────────────
]]>
</failure>
<system-out>
<![CDATA[
[[ATTACHMENT|artifacts/file-upload-Tab-Navigation-should-have-connectivity-tab-webkit/test-failed-1.png]]

[[ATTACHMENT|artifacts/file-upload-Tab-Navigation-should-have-connectivity-tab-webkit/video.webm]]
]]>
</system-out>
</testcase>
<testcase name="Tab Navigation › should have stats tab" classname="file-upload.spec.js" time="1.042">
<failure message="file-upload.spec.js:92:5 should have stats tab" type="FAILURE">
<![CDATA[  [webkit] › file-upload.spec.js:92:5 › Tab Navigation › should have stats tab ─────────────────────

    Error: page.goto: Error opening file /home/rk/Documents/Android_log_parser (copy)/index.html: No such file or directory
    Call log:
      - navigating to "file:///home/rk/Documents/Android_log_parser%20(copy)/index.html", waiting until "load"

        at /home/rk/Documents/Android_log_parser (copy)/tests/e2e/file-upload.spec.js:66:20)
        at /home/rk/Documents/Android_log_parser (copy)/node_modules/playwright/lib/worker/fixtureRunner.js:228:52)
        at /home/rk/Documents/Android_log_parser (copy)/node_modules/playwright/lib/worker/testInfo.js:311:17)
        at /home/rk/Documents/Android_log_parser (copy)/node_modules/playwright/lib/worker/workerMain.js:478:11)
        at /home/rk/Documents/Android_log_parser (copy)/node_modules/playwright/lib/worker/workerMain.js:314:9)
        at /home/rk/Documents/Android_log_parser (copy)/node_modules/playwright/lib/worker/workerMain.js:310:7)

    attachment #1: screenshot (image/png) ──────────────────────────────────────────────────────────
    ../../results/test-results/artifacts/file-upload-Tab-Navigation-should-have-stats-tab-webkit/test-failed-1.png
    ────────────────────────────────────────────────────────────────────────────────────────────────

    attachment #2: video (video/webm) ──────────────────────────────────────────────────────────────
    ../../results/test-results/artifacts/file-upload-Tab-Navigation-should-have-stats-tab-webkit/video.webm
    ────────────────────────────────────────────────────────────────────────────────────────────────
]]>
</failure>
<system-out>
<![CDATA[
[[ATTACHMENT|artifacts/file-upload-Tab-Navigation-should-have-stats-tab-webkit/test-failed-1.png]]

[[ATTACHMENT|artifacts/file-upload-Tab-Navigation-should-have-stats-tab-webkit/video.webm]]
]]>
</system-out>
</testcase>
<testcase name="Filter Controls › should have log level filter buttons" classname="file-upload.spec.js" time="0.964">
<failure message="file-upload.spec.js:104:5 should have log level filter buttons" type="FAILURE">
<![CDATA[  [webkit] › file-upload.spec.js:104:5 › Filter Controls › should have log level filter buttons ────

    Error: page.goto: Error opening file /home/rk/Documents/Android_log_parser (copy)/index.html: No such file or directory
    Call log:
      - navigating to "file:///home/rk/Documents/Android_log_parser%20(copy)/index.html", waiting until "load"

        at /home/rk/Documents/Android_log_parser (copy)/tests/e2e/file-upload.spec.js:100:20)
        at /home/rk/Documents/Android_log_parser (copy)/node_modules/playwright/lib/worker/fixtureRunner.js:228:52)
        at /home/rk/Documents/Android_log_parser (copy)/node_modules/playwright/lib/worker/testInfo.js:311:17)
        at /home/rk/Documents/Android_log_parser (copy)/node_modules/playwright/lib/worker/workerMain.js:478:11)
        at /home/rk/Documents/Android_log_parser (copy)/node_modules/playwright/lib/worker/workerMain.js:314:9)
        at /home/rk/Documents/Android_log_parser (copy)/node_modules/playwright/lib/worker/workerMain.js:310:7)

    attachment #1: screenshot (image/png) ──────────────────────────────────────────────────────────
    ../../results/test-results/artifacts/file-upload-Filter-Control-db7e9-ve-log-level-filter-buttons-webkit/test-failed-1.png
    ────────────────────────────────────────────────────────────────────────────────────────────────

    attachment #2: video (video/webm) ──────────────────────────────────────────────────────────────
    ../../results/test-results/artifacts/file-upload-Filter-Control-db7e9-ve-log-level-filter-buttons-webkit/video.webm
    ────────────────────────────────────────────────────────────────────────────────────────────────
]]>
</failure>
<system-out>
<![CDATA[
[[ATTACHMENT|artifacts/file-upload-Filter-Control-db7e9-ve-log-level-filter-buttons-webkit/test-failed-1.png]]

[[ATTACHMENT|artifacts/file-upload-Filter-Control-db7e9-ve-log-level-filter-buttons-webkit/video.webm]]
]]>
</system-out>
</testcase>
<testcase name="Filter Controls › should have AND/OR logic toggle" classname="file-upload.spec.js" time="0.97">
<failure message="file-upload.spec.js:115:5 should have AND/OR logic toggle" type="FAILURE">
<![CDATA[  [webkit] › file-upload.spec.js:115:5 › Filter Controls › should have AND/OR logic toggle ─────────

    Error: page.goto: Error opening file /home/rk/Documents/Android_log_parser (copy)/index.html: No such file or directory
    Call log:
      - navigating to "file:///home/rk/Documents/Android_log_parser%20(copy)/index.html", waiting until "load"

        at /home/rk/Documents/Android_log_parser (copy)/tests/e2e/file-upload.spec.js:100:20)
        at /home/rk/Documents/Android_log_parser (copy)/node_modules/playwright/lib/worker/fixtureRunner.js:228:52)
        at /home/rk/Documents/Android_log_parser (copy)/node_modules/playwright/lib/worker/testInfo.js:311:17)
        at /home/rk/Documents/Android_log_parser (copy)/node_modules/playwright/lib/worker/workerMain.js:478:11)
        at /home/rk/Documents/Android_log_parser (copy)/node_modules/playwright/lib/worker/workerMain.js:314:9)
        at /home/rk/Documents/Android_log_parser (copy)/node_modules/playwright/lib/worker/workerMain.js:310:7)

    attachment #1: screenshot (image/png) ──────────────────────────────────────────────────────────
    ../../results/test-results/artifacts/file-upload-Filter-Controls-should-have-AND-OR-logic-toggle-webkit/test-failed-1.png
    ────────────────────────────────────────────────────────────────────────────────────────────────

    attachment #2: video (video/webm) ──────────────────────────────────────────────────────────────
    ../../results/test-results/artifacts/file-upload-Filter-Controls-should-have-AND-OR-logic-toggle-webkit/video.webm
    ────────────────────────────────────────────────────────────────────────────────────────────────
]]>
</failure>
<system-out>
<![CDATA[
[[ATTACHMENT|artifacts/file-upload-Filter-Controls-should-have-AND-OR-logic-toggle-webkit/test-failed-1.png]]

[[ATTACHMENT|artifacts/file-upload-Filter-Controls-should-have-AND-OR-logic-toggle-webkit/video.webm]]
]]>
</system-out>
</testcase>
<testcase name="Filter Controls › should toggle between AND/OR logic" classname="file-upload.spec.js" time="1.005">
<failure message="file-upload.spec.js:123:5 should toggle between AND/OR logic" type="FAILURE">
<![CDATA[  [webkit] › file-upload.spec.js:123:5 › Filter Controls › should toggle between AND/OR logic ──────

    Error: page.goto: Error opening file /home/rk/Documents/Android_log_parser (copy)/index.html: No such file or directory
    Call log:
      - navigating to "file:///home/rk/Documents/Android_log_parser%20(copy)/index.html", waiting until "load"

        at /home/rk/Documents/Android_log_parser (copy)/tests/e2e/file-upload.spec.js:100:20)
        at /home/rk/Documents/Android_log_parser (copy)/node_modules/playwright/lib/worker/fixtureRunner.js:228:52)
        at /home/rk/Documents/Android_log_parser (copy)/node_modules/playwright/lib/worker/testInfo.js:311:17)
        at /home/rk/Documents/Android_log_parser (copy)/node_modules/playwright/lib/worker/workerMain.js:478:11)
        at /home/rk/Documents/Android_log_parser (copy)/node_modules/playwright/lib/worker/workerMain.js:314:9)
        at /home/rk/Documents/Android_log_parser (copy)/node_modules/playwright/lib/worker/workerMain.js:310:7)

    attachment #1: screenshot (image/png) ──────────────────────────────────────────────────────────
    ../../results/test-results/artifacts/file-upload-Filter-Control-e5426-toggle-between-AND-OR-logic-webkit/test-failed-1.png
    ────────────────────────────────────────────────────────────────────────────────────────────────

    attachment #2: video (video/webm) ──────────────────────────────────────────────────────────────
    ../../results/test-results/artifacts/file-upload-Filter-Control-e5426-toggle-between-AND-OR-logic-webkit/video.webm
    ────────────────────────────────────────────────────────────────────────────────────────────────
]]>
</failure>
<system-out>
<![CDATA[
[[ATTACHMENT|artifacts/file-upload-Filter-Control-e5426-toggle-between-AND-OR-logic-webkit/test-failed-1.png]]

[[ATTACHMENT|artifacts/file-upload-Filter-Control-e5426-toggle-between-AND-OR-logic-webkit/video.webm]]
]]>
</system-out>
</testcase>
<testcase name="Filter Controls › should have search input" classname="file-upload.spec.js" time="0.983">
<failure message="file-upload.spec.js:144:5 should have search input" type="FAILURE">
<![CDATA[  [webkit] › file-upload.spec.js:144:5 › Filter Controls › should have search input ────────────────

    Error: page.goto: Error opening file /home/rk/Documents/Android_log_parser (copy)/index.html: No such file or directory
    Call log:
      - navigating to "file:///home/rk/Documents/Android_log_parser%20(copy)/index.html", waiting until "load"

        at /home/rk/Documents/Android_log_parser (copy)/tests/e2e/file-upload.spec.js:100:20)
        at /home/rk/Documents/Android_log_parser (copy)/node_modules/playwright/lib/worker/fixtureRunner.js:228:52)
        at /home/rk/Documents/Android_log_parser (copy)/node_modules/playwright/lib/worker/testInfo.js:311:17)
        at /home/rk/Documents/Android_log_parser (copy)/node_modules/playwright/lib/worker/workerMain.js:478:11)
        at /home/rk/Documents/Android_log_parser (copy)/node_modules/playwright/lib/worker/workerMain.js:314:9)
        at /home/rk/Documents/Android_log_parser (copy)/node_modules/playwright/lib/worker/workerMain.js:310:7)

    attachment #1: screenshot (image/png) ──────────────────────────────────────────────────────────
    ../../results/test-results/artifacts/file-upload-Filter-Controls-should-have-search-input-webkit/test-failed-1.png
    ────────────────────────────────────────────────────────────────────────────────────────────────

    attachment #2: video (video/webm) ──────────────────────────────────────────────────────────────
    ../../results/test-results/artifacts/file-upload-Filter-Controls-should-have-search-input-webkit/video.webm
    ────────────────────────────────────────────────────────────────────────────────────────────────
]]>
</failure>
<system-out>
<![CDATA[
[[ATTACHMENT|artifacts/file-upload-Filter-Controls-should-have-search-input-webkit/test-failed-1.png]]

[[ATTACHMENT|artifacts/file-upload-Filter-Controls-should-have-search-input-webkit/video.webm]]
]]>
</system-out>
</testcase>
<testcase name="Performance Tracker › should have performance tracker available in console" classname="file-upload.spec.js" time="0.935">
<failure message="file-upload.spec.js:161:5 should have performance tracker available in console" type="FAILURE">
<![CDATA[  [webkit] › file-upload.spec.js:161:5 › Performance Tracker › should have performance tracker available in console 

    Error: page.goto: Error opening file /home/rk/Documents/Android_log_parser (copy)/index.html: No such file or directory
    Call log:
      - navigating to "file:///home/rk/Documents/Android_log_parser%20(copy)/index.html", waiting until "load"

        at /home/rk/Documents/Android_log_parser (copy)/tests/e2e/file-upload.spec.js:157:20)
        at /home/rk/Documents/Android_log_parser (copy)/node_modules/playwright/lib/worker/fixtureRunner.js:228:52)
        at /home/rk/Documents/Android_log_parser (copy)/node_modules/playwright/lib/worker/testInfo.js:311:17)
        at /home/rk/Documents/Android_log_parser (copy)/node_modules/playwright/lib/worker/workerMain.js:478:11)
        at /home/rk/Documents/Android_log_parser (copy)/node_modules/playwright/lib/worker/workerMain.js:314:9)
        at /home/rk/Documents/Android_log_parser (copy)/node_modules/playwright/lib/worker/workerMain.js:310:7)

    attachment #1: screenshot (image/png) ──────────────────────────────────────────────────────────
    ../../results/test-results/artifacts/file-upload-Performance-Tr-f699e-racker-available-in-console-webkit/test-failed-1.png
    ────────────────────────────────────────────────────────────────────────────────────────────────

    attachment #2: video (video/webm) ──────────────────────────────────────────────────────────────
    ../../results/test-results/artifacts/file-upload-Performance-Tr-f699e-racker-available-in-console-webkit/video.webm
    ────────────────────────────────────────────────────────────────────────────────────────────────
]]>
</failure>
<system-out>
<![CDATA[
[[ATTACHMENT|artifacts/file-upload-Performance-Tr-f699e-racker-available-in-console-webkit/test-failed-1.png]]

[[ATTACHMENT|artifacts/file-upload-Performance-Tr-f699e-racker-available-in-console-webkit/video.webm]]
]]>
</system-out>
</testcase>
<testcase name="Accessibility › should be keyboard navigable" classname="file-upload.spec.js" time="0.841">
<failure message="file-upload.spec.js:179:5 should be keyboard navigable" type="FAILURE">
<![CDATA[  [webkit] › file-upload.spec.js:179:5 › Accessibility › should be keyboard navigable ──────────────

    Error: page.goto: Error opening file /home/rk/Documents/Android_log_parser (copy)/index.html: No such file or directory
    Call log:
      - navigating to "file:///home/rk/Documents/Android_log_parser%20(copy)/index.html", waiting until "load"

        at /home/rk/Documents/Android_log_parser (copy)/tests/e2e/file-upload.spec.js:175:20)
        at /home/rk/Documents/Android_log_parser (copy)/node_modules/playwright/lib/worker/fixtureRunner.js:228:52)
        at /home/rk/Documents/Android_log_parser (copy)/node_modules/playwright/lib/worker/testInfo.js:311:17)
        at /home/rk/Documents/Android_log_parser (copy)/node_modules/playwright/lib/worker/workerMain.js:478:11)
        at /home/rk/Documents/Android_log_parser (copy)/node_modules/playwright/lib/worker/workerMain.js:314:9)
        at /home/rk/Documents/Android_log_parser (copy)/node_modules/playwright/lib/worker/workerMain.js:310:7)

    attachment #1: screenshot (image/png) ──────────────────────────────────────────────────────────
    ../../results/test-results/artifacts/file-upload-Accessibility-should-be-keyboard-navigable-webkit/test-failed-1.png
    ────────────────────────────────────────────────────────────────────────────────────────────────

    attachment #2: video (video/webm) ──────────────────────────────────────────────────────────────
    ../../results/test-results/artifacts/file-upload-Accessibility-should-be-keyboard-navigable-webkit/video.webm
    ────────────────────────────────────────────────────────────────────────────────────────────────
]]>
</failure>
<system-out>
<![CDATA[
[[ATTACHMENT|artifacts/file-upload-Accessibility-should-be-keyboard-navigable-webkit/test-failed-1.png]]

[[ATTACHMENT|artifacts/file-upload-Accessibility-should-be-keyboard-navigable-webkit/video.webm]]
]]>
</system-out>
</testcase>
<testcase name="Accessibility › should have proper document title" classname="file-upload.spec.js" time="0.811">
<failure message="file-upload.spec.js:193:5 should have proper document title" type="FAILURE">
<![CDATA[  [webkit] › file-upload.spec.js:193:5 › Accessibility › should have proper document title ─────────

    Error: page.goto: Error opening file /home/rk/Documents/Android_log_parser (copy)/index.html: No such file or directory
    Call log:
      - navigating to "file:///home/rk/Documents/Android_log_parser%20(copy)/index.html", waiting until "load"

        at /home/rk/Documents/Android_log_parser (copy)/tests/e2e/file-upload.spec.js:175:20)
        at /home/rk/Documents/Android_log_parser (copy)/node_modules/playwright/lib/worker/fixtureRunner.js:228:52)
        at /home/rk/Documents/Android_log_parser (copy)/node_modules/playwright/lib/worker/testInfo.js:311:17)
        at /home/rk/Documents/Android_log_parser (copy)/node_modules/playwright/lib/worker/workerMain.js:478:11)
        at /home/rk/Documents/Android_log_parser (copy)/node_modules/playwright/lib/worker/workerMain.js:314:9)
        at /home/rk/Documents/Android_log_parser (copy)/node_modules/playwright/lib/worker/workerMain.js:310:7)

    attachment #1: screenshot (image/png) ──────────────────────────────────────────────────────────
    ../../results/test-results/artifacts/file-upload-Accessibility-should-have-proper-document-title-webkit/test-failed-1.png
    ────────────────────────────────────────────────────────────────────────────────────────────────

    attachment #2: video (video/webm) ──────────────────────────────────────────────────────────────
    ../../results/test-results/artifacts/file-upload-Accessibility-should-have-proper-document-title-webkit/video.webm
    ────────────────────────────────────────────────────────────────────────────────────────────────
]]>
</failure>
<system-out>
<![CDATA[
[[ATTACHMENT|artifacts/file-upload-Accessibility-should-have-proper-document-title-webkit/test-failed-1.png]]

[[ATTACHMENT|artifacts/file-upload-Accessibility-should-have-proper-document-title-webkit/video.webm]]
]]>
</system-out>
</testcase>
</testsuite>
<testsuite name="reproduce_issue.spec.js" timestamp="2025-12-07T15:45:22.723Z" hostname="webkit" tests="1" failures="0" skipped="1" time="1.904" errors="0">
<testcase name="BTSnoop Scroll Restoration Reproduction › Reproduce scroll jumping issue when changing filters with selected packet" classname="reproduce_issue.spec.js" time="1.904">
<properties>
<property name="skip" value="">
</property>
</properties>
<skipped>
</skipped>
</testcase>
</testsuite>
</testsuites>